{"/Users/wangqi/projects/mipa-draw/src/App.vue": {"path":"/Users/wangqi/projects/mipa-draw/src/App.vue","statementMap":{"0":{"start":{"line":11,"column":6},"end":{"line":11,"column":29}},"1":{"start":{"line":12,"column":6},"end":{"line":12,"column":72}},"2":{"start":{"line":13,"column":6},"end":{"line":13,"column":72}},"3":{"start":{"line":14,"column":6},"end":{"line":14,"column":33}},"4":{"start":{"line":17,"column":2},"end":{"line":17,"column":null}},"5":{"start":{"line":20,"column":6},"end":{"line":20,"column":58}},"6":{"start":{"line":23,"column":2},"end":{"line":23,"column":null}},"7":{"start":{"line":24,"column":22},"end":{"line":24,"column":55}},"8":{"start":{"line":25,"column":2},"end":{"line":25,"column":null}},"9":{"start":{"line":25,"column":20},"end":{"line":25,"column":null}},"10":{"start":{"line":28,"column":20},"end":{"line":28,"column":42}},"11":{"start":{"line":29,"column":26},"end":{"line":29,"column":null}},"12":{"start":{"line":30,"column":28},"end":{"line":30,"column":null}},"13":{"start":{"line":31,"column":4},"end":{"line":31,"column":null}},"14":{"start":{"line":31,"column":44},"end":{"line":31,"column":null}},"15":{"start":{"line":33,"column":17},"end":{"line":33,"column":53}},"16":{"start":{"line":35,"column":14},"end":{"line":35,"column":null}},"17":{"start":{"line":36,"column":14},"end":{"line":36,"column":null}},"18":{"start":{"line":38,"column":32},"end":{"line":49,"column":null}},"19":{"start":{"line":50,"column":4},"end":{"line":50,"column":null}},"20":{"start":{"line":52,"column":4},"end":{"line":52,"column":null}},"21":{"start":{"line":57,"column":2},"end":{"line":57,"column":null}},"22":{"start":{"line":64,"column":8},"end":{"line":64,"column":null}},"23":{"start":{"line":66,"column":10},"end":{"line":66,"column":null}},"24":{"start":{"line":68,"column":10},"end":{"line":68,"column":null}},"25":{"start":{"line":70,"column":8},"end":{"line":70,"column":null}},"26":{"start":{"line":72,"column":8},"end":{"line":72,"column":null}},"27":{"start":{"line":73,"column":8},"end":{"line":73,"column":null}},"28":{"start":{"line":74,"column":8},"end":{"line":74,"column":null}},"29":{"start":{"line":76,"column":8},"end":{"line":76,"column":null}},"30":{"start":{"line":77,"column":8},"end":{"line":77,"column":null}},"31":{"start":{"line":77,"column":59},"end":{"line":77,"column":63}},"32":{"start":{"line":78,"column":8},"end":{"line":78,"column":null}},"33":{"start":{"line":80,"column":8},"end":{"line":80,"column":null}},"34":{"start":{"line":82,"column":10},"end":{"line":82,"column":null}},"35":{"start":{"line":84,"column":8},"end":{"line":84,"column":null}},"36":{"start":{"line":86,"column":8},"end":{"line":86,"column":null}},"37":{"start":{"line":87,"column":8},"end":{"line":87,"column":null}},"38":{"start":{"line":95,"column":12},"end":{"line":95,"column":null}},"39":{"start":{"line":98,"column":8},"end":{"line":98,"column":null}},"40":{"start":{"line":100,"column":8},"end":{"line":100,"column":null}},"41":{"start":{"line":101,"column":8},"end":{"line":101,"column":null}},"42":{"start":{"line":107,"column":0},"end":{"line":109,"column":null}},"43":{"start":{"line":108,"column":2},"end":{"line":108,"column":null}},"44":{"start":{"line":111,"column":0},"end":{"line":113,"column":null}},"45":{"start":{"line":112,"column":2},"end":{"line":112,"column":null}},"46":{"start":{"line":117,"column":7},"end":{"line":117,"column":49}},"47":{"start":{"line":120,"column":9},"end":{"line":120,"column":44}},"48":{"start":{"line":121,"column":11},"end":{"line":121,"column":64}},"49":{"start":{"line":155,"column":9},"end":{"line":155,"column":103}},"50":{"start":{"line":142,"column":16},"end":{"line":142,"column":null}}},"fnMap":{"0":{"name":"(anonymous_0)","decl":{"start":{"line":77,"column":50},"end":{"line":77,"column":54}},"loc":{"start":{"line":77,"column":59},"end":{"line":77,"column":63}},"line":77},"1":{"name":"(anonymous_1)","decl":{"start":{"line":107,"column":0},"end":{"line":107,"column":16}},"loc":{"start":{"line":107,"column":16},"end":{"line":109,"column":null}},"line":107},"2":{"name":"(anonymous_2)","decl":{"start":{"line":111,"column":0},"end":{"line":111,"column":18}},"loc":{"start":{"line":111,"column":18},"end":{"line":113,"column":null}},"line":111},"3":{"name":"(anonymous_3)","decl":{"start":{"line":142,"column":14},"end":{"line":142,"column":16}},"loc":{"start":{"line":142,"column":16},"end":{"line":142,"column":null}},"line":142}},"branchMap":{"0":{"loc":{"start":{"line":25,"column":2},"end":{"line":25,"column":null}},"type":"if","locations":[{"start":{"line":25,"column":2},"end":{"line":25,"column":null}},{"start":{},"end":{}}],"line":25},"1":{"loc":{"start":{"line":31,"column":4},"end":{"line":31,"column":null}},"type":"if","locations":[{"start":{"line":31,"column":4},"end":{"line":31,"column":null}},{"start":{},"end":{}}],"line":31},"2":{"loc":{"start":{"line":31,"column":8},"end":{"line":31,"column":44}},"type":"binary-expr","locations":[{"start":{"line":31,"column":8},"end":{"line":31,"column":26}},{"start":{"line":31,"column":26},"end":{"line":31,"column":44}}],"line":31},"3":{"loc":{"start":{"line":61,"column":6},"end":{"line":61,"column":30}},"type":"binary-expr","locations":[{"start":{"line":61,"column":6},"end":{"line":61,"column":19}},{"start":{"line":61,"column":19},"end":{"line":61,"column":30}}],"line":61},"4":{"loc":{"start":{"line":135,"column":17},"end":{"line":136,"column":null}},"type":"cond-expr","locations":[{"start":{"line":135,"column":17},"end":{"line":136,"column":null}},{"start":{"line":136,"column":24},"end":{"line":136,"column":null}}],"line":135},"5":{"loc":{"start":{"line":142,"column":14},"end":{"line":142,"column":null}},"type":"binary-expr","locations":[{"start":{"line":142,"column":14},"end":{"line":142,"column":16}},{"start":{"line":142,"column":14},"end":{"line":142,"column":null}}],"line":142},"6":{"loc":{"start":{"line":146,"column":14},"end":{"line":147,"column":20}},"type":"binary-expr","locations":[{"start":{"line":146,"column":14},"end":{"line":146,"column":null}},{"start":{"line":146,"column":14},"end":{"line":147,"column":20}}],"line":146},"7":{"loc":{"start":{"line":158,"column":10},"end":{"line":156,"column":92}},"type":"binary-expr","locations":[{"start":{"line":158,"column":10},"end":{"line":158,"column":null}},{"start":{"line":158,"column":10},"end":{"line":156,"column":92}}],"line":158}},"s":{"0":21,"1":21,"2":21,"3":21,"4":1,"5":21,"6":2,"7":2,"8":2,"9":0,"10":2,"11":2,"12":2,"13":2,"14":0,"15":1,"16":1,"17":1,"18":1,"19":1,"20":1,"21":1,"22":31,"23":16,"24":15,"25":31,"26":0,"27":0,"28":0,"29":0,"30":0,"31":0,"32":0,"33":0,"34":0,"35":0,"36":0,"37":0,"38":4,"39":17,"40":18,"41":18,"42":21,"43":21,"44":21,"45":1,"46":1,"47":1,"48":1,"49":1,"50":1},"f":{"0":0,"1":21,"2":1,"3":1},"b":{"0":[0,2],"1":[0,2],"2":[2,1],"3":[66,35],"4":[22,1],"5":[23,21],"6":[22,21],"7":[23,21]},"meta":{"lastBranch":8,"lastFunction":4,"lastStatement":51,"seen":{"s:11:6:11:29":0,"s:12:6:12:72":1,"s:13:6:13:72":2,"s:14:6:14:33":3,"s:17:2:17:Infinity":4,"s:20:6:20:58":5,"s:23:2:23:Infinity":6,"s:24:22:24:55":7,"b:25:2:25:Infinity:undefined:undefined:undefined:undefined":0,"s:25:2:25:Infinity":8,"s:25:20:25:Infinity":9,"s:28:20:28:42":10,"s:29:26:29:Infinity":11,"s:30:28:30:Infinity":12,"b:31:4:31:Infinity:undefined:undefined:undefined:undefined":1,"s:31:4:31:Infinity":13,"b:31:8:31:26:31:26:31:44":2,"s:31:44:31:Infinity":14,"s:33:17:33:53":15,"s:35:14:35:Infinity":16,"s:36:14:36:Infinity":17,"s:38:32:49:Infinity":18,"s:50:4:50:Infinity":19,"s:52:4:52:Infinity":20,"s:57:2:57:Infinity":21,"b:61:6:61:19:61:19:61:30":3,"s:64:8:64:Infinity":22,"s:66:10:66:Infinity":23,"s:68:10:68:Infinity":24,"s:70:8:70:Infinity":25,"s:72:8:72:Infinity":26,"s:73:8:73:Infinity":27,"s:74:8:74:Infinity":28,"s:76:8:76:Infinity":29,"s:77:8:77:Infinity":30,"f:77:50:77:54":0,"s:77:59:77:63":31,"s:78:8:78:Infinity":32,"s:80:8:80:Infinity":33,"s:82:10:82:Infinity":34,"s:84:8:84:Infinity":35,"s:86:8:86:Infinity":36,"s:87:8:87:Infinity":37,"s:95:12:95:Infinity":38,"s:98:8:98:Infinity":39,"s:100:8:100:Infinity":40,"s:101:8:101:Infinity":41,"s:107:0:109:Infinity":42,"f:107:0:107:16":1,"s:108:2:108:Infinity":43,"s:111:0:113:Infinity":44,"f:111:0:111:18":2,"s:112:2:112:Infinity":45,"s:117:7:117:49":46,"s:120:9:120:44":47,"s:121:11:121:64":48,"s:155:9:155:103":49,"b:135:17:136:Infinity:136:24:136:Infinity":4,"b:142:14:142:16:142:14:142:Infinity":5,"f:142:14:142:16":3,"s:142:16:142:Infinity":50,"b:146:14:146:Infinity:146:14:147:20":6,"b:158:10:158:Infinity:158:10:156:92":7}}}
,"/Users/wangqi/projects/mipa-draw/src/components/CanvasBoard.vue": {"path":"/Users/wangqi/projects/mipa-draw/src/components/CanvasBoard.vue","statementMap":{"0":{"start":{"line":6,"column":6},"end":{"line":6,"column":29}},"1":{"start":{"line":7,"column":6},"end":{"line":7,"column":56}},"2":{"start":{"line":9,"column":6},"end":{"line":9,"column":28}},"3":{"start":{"line":10,"column":6},"end":{"line":10,"column":28}},"4":{"start":{"line":11,"column":6},"end":{"line":11,"column":28}},"5":{"start":{"line":12,"column":6},"end":{"line":12,"column":29}},"6":{"start":{"line":13,"column":6},"end":{"line":13,"column":30}},"7":{"start":{"line":14,"column":6},"end":{"line":14,"column":null}},"8":{"start":{"line":15,"column":6},"end":{"line":15,"column":null}},"9":{"start":{"line":16,"column":6},"end":{"line":16,"column":null}},"10":{"start":{"line":18,"column":6},"end":{"line":18,"column":60}},"11":{"start":{"line":18,"column":37},"end":{"line":18,"column":60}},"12":{"start":{"line":20,"column":6},"end":{"line":26,"column":2}},"13":{"start":{"line":20,"column":34},"end":{"line":26,"column":2}},"14":{"start":{"line":28,"column":6},"end":{"line":49,"column":null}},"15":{"start":{"line":29,"column":67},"end":{"line":29,"column":null}},"16":{"start":{"line":30,"column":40},"end":{"line":30,"column":41}},"17":{"start":{"line":34,"column":4},"end":{"line":34,"column":null}},"18":{"start":{"line":35,"column":4},"end":{"line":35,"column":null}},"19":{"start":{"line":36,"column":4},"end":{"line":36,"column":null}},"20":{"start":{"line":37,"column":4},"end":{"line":37,"column":null}},"21":{"start":{"line":38,"column":4},"end":{"line":38,"column":null}},"22":{"start":{"line":41,"column":4},"end":{"line":41,"column":null}},"23":{"start":{"line":42,"column":4},"end":{"line":42,"column":null}},"24":{"start":{"line":45,"column":4},"end":{"line":45,"column":null}},"25":{"start":{"line":48,"column":2},"end":{"line":48,"column":null}},"26":{"start":{"line":51,"column":6},"end":{"line":56,"column":2}},"27":{"start":{"line":51,"column":42},"end":{"line":56,"column":2}},"28":{"start":{"line":59,"column":18},"end":{"line":59,"column":null}},"29":{"start":{"line":60,"column":2},"end":{"line":60,"column":null}},"30":{"start":{"line":60,"column":16},"end":{"line":60,"column":null}},"31":{"start":{"line":61,"column":15},"end":{"line":61,"column":45}},"32":{"start":{"line":63,"column":2},"end":{"line":66,"column":null}},"33":{"start":{"line":70,"column":2},"end":{"line":70,"column":null}},"34":{"start":{"line":70,"column":22},"end":{"line":70,"column":null}},"35":{"start":{"line":72,"column":16},"end":{"line":72,"column":32}},"36":{"start":{"line":75,"column":21},"end":{"line":75,"column":null}},"37":{"start":{"line":77,"column":6},"end":{"line":77,"column":null}},"38":{"start":{"line":80,"column":19},"end":{"line":80,"column":22}},"39":{"start":{"line":80,"column":31},"end":{"line":80,"column":34}},"40":{"start":{"line":80,"column":42},"end":{"line":80,"column":null}},"41":{"start":{"line":81,"column":6},"end":{"line":88,"column":null}},"42":{"start":{"line":82,"column":24},"end":{"line":82,"column":60}},"43":{"start":{"line":82,"column":49},"end":{"line":82,"column":60}},"44":{"start":{"line":84,"column":10},"end":{"line":84,"column":null}},"45":{"start":{"line":85,"column":10},"end":{"line":85,"column":null}},"46":{"start":{"line":86,"column":10},"end":{"line":86,"column":null}},"47":{"start":{"line":91,"column":24},"end":{"line":91,"column":null}},"48":{"start":{"line":92,"column":24},"end":{"line":92,"column":null}},"49":{"start":{"line":93,"column":22},"end":{"line":93,"column":69}},"50":{"start":{"line":94,"column":8},"end":{"line":94,"column":null}},"51":{"start":{"line":97,"column":8},"end":{"line":108,"column":null}},"52":{"start":{"line":98,"column":26},"end":{"line":98,"column":62}},"53":{"start":{"line":98,"column":51},"end":{"line":98,"column":62}},"54":{"start":{"line":100,"column":12},"end":{"line":106,"column":null}},"55":{"start":{"line":111,"column":8},"end":{"line":111,"column":null}},"56":{"start":{"line":114,"column":4},"end":{"line":114,"column":null}},"57":{"start":{"line":115,"column":4},"end":{"line":115,"column":null}},"58":{"start":{"line":116,"column":4},"end":{"line":116,"column":null}},"59":{"start":{"line":120,"column":4},"end":{"line":120,"column":null}},"60":{"start":{"line":123,"column":2},"end":{"line":123,"column":null}},"61":{"start":{"line":124,"column":2},"end":{"line":124,"column":null}},"62":{"start":{"line":125,"column":2},"end":{"line":125,"column":null}},"63":{"start":{"line":126,"column":2},"end":{"line":126,"column":null}},"64":{"start":{"line":128,"column":2},"end":{"line":128,"column":null}},"65":{"start":{"line":129,"column":2},"end":{"line":129,"column":null}},"66":{"start":{"line":133,"column":2},"end":{"line":133,"column":null}},"67":{"start":{"line":136,"column":4},"end":{"line":136,"column":null}},"68":{"start":{"line":137,"column":4},"end":{"line":137,"column":null}},"69":{"start":{"line":138,"column":4},"end":{"line":138,"column":null}},"70":{"start":{"line":140,"column":4},"end":{"line":140,"column":null}},"71":{"start":{"line":142,"column":4},"end":{"line":142,"column":null}},"72":{"start":{"line":143,"column":18},"end":{"line":143,"column":34}},"73":{"start":{"line":144,"column":20},"end":{"line":144,"column":null}},"74":{"start":{"line":145,"column":20},"end":{"line":145,"column":null}},"75":{"start":{"line":146,"column":18},"end":{"line":146,"column":65}},"76":{"start":{"line":147,"column":4},"end":{"line":147,"column":null}},"77":{"start":{"line":148,"column":4},"end":{"line":148,"column":null}},"78":{"start":{"line":150,"column":4},"end":{"line":150,"column":null}},"79":{"start":{"line":152,"column":6},"end":{"line":152,"column":null}},"80":{"start":{"line":153,"column":6},"end":{"line":153,"column":null}},"81":{"start":{"line":154,"column":6},"end":{"line":156,"column":null}},"82":{"start":{"line":155,"column":8},"end":{"line":155,"column":null}},"83":{"start":{"line":160,"column":6},"end":{"line":160,"column":null}},"84":{"start":{"line":162,"column":4},"end":{"line":162,"column":null}},"85":{"start":{"line":163,"column":4},"end":{"line":163,"column":null}},"86":{"start":{"line":164,"column":4},"end":{"line":166,"column":null}},"87":{"start":{"line":165,"column":6},"end":{"line":165,"column":null}},"88":{"start":{"line":169,"column":2},"end":{"line":169,"column":null}},"89":{"start":{"line":170,"column":2},"end":{"line":170,"column":null}},"90":{"start":{"line":174,"column":16},"end":{"line":174,"column":32}},"91":{"start":{"line":177,"column":19},"end":{"line":177,"column":54}},"92":{"start":{"line":178,"column":19},"end":{"line":178,"column":54}},"93":{"start":{"line":179,"column":17},"end":{"line":179,"column":52}},"94":{"start":{"line":180,"column":17},"end":{"line":180,"column":52}},"95":{"start":{"line":182,"column":4},"end":{"line":187,"column":null}},"96":{"start":{"line":190,"column":36},"end":{"line":190,"column":37}},"97":{"start":{"line":191,"column":4},"end":{"line":200,"column":null}},"98":{"start":{"line":192,"column":29},"end":{"line":192,"column":null}},"99":{"start":{"line":193,"column":29},"end":{"line":193,"column":null}},"100":{"start":{"line":194,"column":20},"end":{"line":195,"column":null}},"101":{"start":{"line":198,"column":8},"end":{"line":198,"column":null}},"102":{"start":{"line":203,"column":4},"end":{"line":203,"column":null}},"103":{"start":{"line":205,"column":4},"end":{"line":205,"column":null}},"104":{"start":{"line":208,"column":2},"end":{"line":208,"column":null}},"105":{"start":{"line":208,"column":45},"end":{"line":208,"column":null}},"106":{"start":{"line":210,"column":13},"end":{"line":210,"column":null}},"107":{"start":{"line":211,"column":13},"end":{"line":211,"column":null}},"108":{"start":{"line":214,"column":4},"end":{"line":222,"column":null}},"109":{"start":{"line":215,"column":20},"end":{"line":215,"column":48}},"110":{"start":{"line":217,"column":8},"end":{"line":220,"column":null}},"111":{"start":{"line":224,"column":23},"end":{"line":224,"column":null}},"112":{"start":{"line":225,"column":4},"end":{"line":225,"column":null}},"113":{"start":{"line":225,"column":21},"end":{"line":225,"column":null}},"114":{"start":{"line":226,"column":18},"end":{"line":226,"column":54}},"115":{"start":{"line":227,"column":4},"end":{"line":227,"column":null}},"116":{"start":{"line":227,"column":16},"end":{"line":227,"column":null}},"117":{"start":{"line":229,"column":19},"end":{"line":229,"column":null}},"118":{"start":{"line":230,"column":20},"end":{"line":230,"column":null}},"119":{"start":{"line":231,"column":15},"end":{"line":231,"column":null}},"120":{"start":{"line":232,"column":15},"end":{"line":232,"column":null}},"121":{"start":{"line":236,"column":8},"end":{"line":236,"column":null}},"122":{"start":{"line":237,"column":8},"end":{"line":237,"column":null}},"123":{"start":{"line":238,"column":8},"end":{"line":238,"column":null}},"124":{"start":{"line":240,"column":8},"end":{"line":240,"column":null}},"125":{"start":{"line":241,"column":8},"end":{"line":241,"column":null}},"126":{"start":{"line":242,"column":8},"end":{"line":242,"column":null}},"127":{"start":{"line":243,"column":8},"end":{"line":243,"column":null}},"128":{"start":{"line":245,"column":8},"end":{"line":245,"column":null}},"129":{"start":{"line":246,"column":8},"end":{"line":246,"column":null}},"130":{"start":{"line":247,"column":8},"end":{"line":247,"column":null}},"131":{"start":{"line":248,"column":8},"end":{"line":248,"column":null}},"132":{"start":{"line":250,"column":8},"end":{"line":250,"column":null}},"133":{"start":{"line":251,"column":8},"end":{"line":251,"column":null}},"134":{"start":{"line":252,"column":8},"end":{"line":252,"column":null}},"135":{"start":{"line":253,"column":8},"end":{"line":253,"column":null}},"136":{"start":{"line":254,"column":8},"end":{"line":254,"column":null}},"137":{"start":{"line":257,"column":4},"end":{"line":257,"column":null}},"138":{"start":{"line":260,"column":6},"end":{"line":260,"column":null}},"139":{"start":{"line":264,"column":4},"end":{"line":264,"column":null}},"140":{"start":{"line":264,"column":47},"end":{"line":264,"column":null}},"141":{"start":{"line":267,"column":17},"end":{"line":267,"column":20}},"142":{"start":{"line":267,"column":29},"end":{"line":267,"column":32}},"143":{"start":{"line":267,"column":40},"end":{"line":267,"column":null}},"144":{"start":{"line":268,"column":4},"end":{"line":275,"column":null}},"145":{"start":{"line":269,"column":20},"end":{"line":269,"column":48}},"146":{"start":{"line":271,"column":8},"end":{"line":271,"column":null}},"147":{"start":{"line":272,"column":8},"end":{"line":272,"column":null}},"148":{"start":{"line":273,"column":8},"end":{"line":273,"column":null}},"149":{"start":{"line":276,"column":4},"end":{"line":276,"column":null}},"150":{"start":{"line":276,"column":21},"end":{"line":276,"column":null}},"151":{"start":{"line":278,"column":20},"end":{"line":278,"column":null}},"152":{"start":{"line":279,"column":20},"end":{"line":279,"column":null}},"153":{"start":{"line":282,"column":25},"end":{"line":282,"column":null}},"154":{"start":{"line":283,"column":26},"end":{"line":283,"column":null}},"155":{"start":{"line":286,"column":4},"end":{"line":292,"column":null}},"156":{"start":{"line":287,"column":20},"end":{"line":287,"column":48}},"157":{"start":{"line":289,"column":30},"end":{"line":289,"column":null}},"158":{"start":{"line":290,"column":8},"end":{"line":290,"column":null}},"159":{"start":{"line":297,"column":2},"end":{"line":297,"column":null}},"160":{"start":{"line":298,"column":2},"end":{"line":298,"column":null}},"161":{"start":{"line":299,"column":2},"end":{"line":299,"column":null}},"162":{"start":{"line":300,"column":2},"end":{"line":300,"column":null}},"163":{"start":{"line":301,"column":2},"end":{"line":301,"column":null}},"164":{"start":{"line":302,"column":2},"end":{"line":302,"column":null}},"165":{"start":{"line":303,"column":2},"end":{"line":303,"column":null}},"166":{"start":{"line":307,"column":4},"end":{"line":307,"column":null}},"167":{"start":{"line":308,"column":4},"end":{"line":308,"column":null}},"168":{"start":{"line":309,"column":4},"end":{"line":309,"column":null}},"169":{"start":{"line":312,"column":4},"end":{"line":312,"column":null}},"170":{"start":{"line":313,"column":4},"end":{"line":313,"column":null}},"171":{"start":{"line":314,"column":4},"end":{"line":314,"column":null}},"172":{"start":{"line":317,"column":2},"end":{"line":317,"column":null}},"173":{"start":{"line":318,"column":2},"end":{"line":318,"column":null}},"174":{"start":{"line":322,"column":2},"end":{"line":322,"column":null}},"175":{"start":{"line":323,"column":2},"end":{"line":323,"column":null}},"176":{"start":{"line":324,"column":2},"end":{"line":324,"column":null}},"177":{"start":{"line":328,"column":4},"end":{"line":328,"column":null}},"178":{"start":{"line":331,"column":4},"end":{"line":331,"column":null}},"179":{"start":{"line":333,"column":4},"end":{"line":333,"column":null}},"180":{"start":{"line":336,"column":2},"end":{"line":336,"column":null}},"181":{"start":{"line":338,"column":2},"end":{"line":342,"column":null}},"182":{"start":{"line":346,"column":2},"end":{"line":346,"column":null}},"183":{"start":{"line":347,"column":2},"end":{"line":351,"column":null}},"184":{"start":{"line":354,"column":13},"end":{"line":354,"column":null}},"185":{"start":{"line":358,"column":0},"end":{"line":361,"column":null}},"186":{"start":{"line":359,"column":2},"end":{"line":359,"column":null}},"187":{"start":{"line":360,"column":2},"end":{"line":360,"column":null}},"188":{"start":{"line":363,"column":0},"end":{"line":363,"column":null}},"189":{"start":{"line":407,"column":27},"end":{"line":407,"column":60}},"190":{"start":{"line":408,"column":29},"end":{"line":408,"column":null}}},"fnMap":{"0":{"name":"(anonymous_0)","decl":{"start":{"line":18,"column":22},"end":{"line":18,"column":37}},"loc":{"start":{"line":18,"column":37},"end":{"line":18,"column":60}},"line":18},"1":{"name":"(anonymous_1)","decl":{"start":{"line":20,"column":18},"end":{"line":20,"column":34}},"loc":{"start":{"line":20,"column":34},"end":{"line":26,"column":2}},"line":20},"2":{"name":"(anonymous_2)","decl":{"start":{"line":28,"column":24},"end":{"line":28,"column":39}},"loc":{"start":{"line":28,"column":39},"end":{"line":49,"column":null}},"line":28},"3":{"name":"(anonymous_3)","decl":{"start":{"line":51,"column":26},"end":{"line":51,"column":42}},"loc":{"start":{"line":51,"column":42},"end":{"line":56,"column":2}},"line":51},"4":{"name":"(anonymous_4)","decl":{"start":{"line":81,"column":31},"end":{"line":81,"column":39}},"loc":{"start":{"line":81,"column":45},"end":{"line":88,"column":null}},"line":81},"5":{"name":"(anonymous_5)","decl":{"start":{"line":82,"column":39},"end":{"line":82,"column":44}},"loc":{"start":{"line":82,"column":49},"end":{"line":82,"column":60}},"line":82},"6":{"name":"(anonymous_6)","decl":{"start":{"line":97,"column":33},"end":{"line":97,"column":41}},"loc":{"start":{"line":97,"column":47},"end":{"line":108,"column":null}},"line":97},"7":{"name":"(anonymous_7)","decl":{"start":{"line":98,"column":41},"end":{"line":98,"column":46}},"loc":{"start":{"line":98,"column":51},"end":{"line":98,"column":62}},"line":98},"8":{"name":"(anonymous_8)","decl":{"start":{"line":154,"column":29},"end":{"line":154,"column":37}},"loc":{"start":{"line":154,"column":42},"end":{"line":156,"column":null}},"line":154},"9":{"name":"(anonymous_9)","decl":{"start":{"line":164,"column":27},"end":{"line":164,"column":35}},"loc":{"start":{"line":164,"column":40},"end":{"line":166,"column":null}},"line":164},"10":{"name":"(anonymous_10)","decl":{"start":{"line":191,"column":19},"end":{"line":191,"column":27}},"loc":{"start":{"line":191,"column":38},"end":{"line":200,"column":null}},"line":191},"11":{"name":"(anonymous_11)","decl":{"start":{"line":214,"column":29},"end":{"line":214,"column":37}},"loc":{"start":{"line":214,"column":43},"end":{"line":222,"column":null}},"line":214},"12":{"name":"(anonymous_12)","decl":{"start":{"line":268,"column":29},"end":{"line":268,"column":37}},"loc":{"start":{"line":268,"column":43},"end":{"line":275,"column":null}},"line":268},"13":{"name":"(anonymous_13)","decl":{"start":{"line":286,"column":29},"end":{"line":286,"column":37}},"loc":{"start":{"line":286,"column":43},"end":{"line":292,"column":null}},"line":286},"14":{"name":"(anonymous_14)","decl":{"start":{"line":358,"column":0},"end":{"line":358,"column":18}},"loc":{"start":{"line":358,"column":18},"end":{"line":361,"column":null}},"line":358},"15":{"name":"(anonymous_15)","decl":{"start":{"line":407,"column":9},"end":{"line":407,"column":21}},"loc":{"start":{"line":407,"column":27},"end":{"line":407,"column":60}},"line":407},"16":{"name":"(anonymous_16)","decl":{"start":{"line":408,"column":9},"end":{"line":408,"column":23}},"loc":{"start":{"line":408,"column":29},"end":{"line":408,"column":null}},"line":408}},"branchMap":{"0":{"loc":{"start":{"line":22,"column":19},"end":{"line":25,"column":null}},"type":"cond-expr","locations":[{"start":{"line":23,"column":6},"end":{"line":24,"column":null}},{"start":{"line":25,"column":6},"end":{"line":25,"column":null}}],"line":22},"1":{"loc":{"start":{"line":60,"column":2},"end":{"line":60,"column":null}},"type":"if","locations":[{"start":{"line":60,"column":2},"end":{"line":60,"column":null}},{"start":{},"end":{}}],"line":60},"2":{"loc":{"start":{"line":70,"column":2},"end":{"line":70,"column":null}},"type":"if","locations":[{"start":{"line":70,"column":2},"end":{"line":70,"column":null}},{"start":{},"end":{}}],"line":70},"3":{"loc":{"start":{"line":119,"column":6},"end":{"line":119,"column":33}},"type":"binary-expr","locations":[{"start":{"line":119,"column":6},"end":{"line":119,"column":21}},{"start":{"line":119,"column":21},"end":{"line":119,"column":33}}],"line":119},"4":{"loc":{"start":{"line":137,"column":29},"end":{"line":137,"column":null}},"type":"binary-expr","locations":[{"start":{"line":137,"column":29},"end":{"line":137,"column":75}},{"start":{"line":137,"column":75},"end":{"line":137,"column":null}}],"line":137},"5":{"loc":{"start":{"line":149,"column":13},"end":{"line":149,"column":38}},"type":"binary-expr","locations":[{"start":{"line":149,"column":13},"end":{"line":149,"column":27}},{"start":{"line":149,"column":27},"end":{"line":149,"column":38}}],"line":149},"6":{"loc":{"start":{"line":194,"column":20},"end":{"line":195,"column":null}},"type":"binary-expr","locations":[{"start":{"line":194,"column":20},"end":{"line":194,"column":48}},{"start":{"line":194,"column":48},"end":{"line":194,"column":null}},{"start":{"line":195,"column":20},"end":{"line":195,"column":48}},{"start":{"line":195,"column":48},"end":{"line":195,"column":null}}],"line":194},"7":{"loc":{"start":{"line":208,"column":2},"end":{"line":208,"column":null}},"type":"if","locations":[{"start":{"line":208,"column":2},"end":{"line":208,"column":null}},{"start":{},"end":{}}],"line":208},"8":{"loc":{"start":{"line":225,"column":4},"end":{"line":225,"column":null}},"type":"if","locations":[{"start":{"line":225,"column":4},"end":{"line":225,"column":null}},{"start":{},"end":{}}],"line":225},"9":{"loc":{"start":{"line":227,"column":4},"end":{"line":227,"column":null}},"type":"if","locations":[{"start":{"line":227,"column":4},"end":{"line":227,"column":null}},{"start":{},"end":{}}],"line":227},"10":{"loc":{"start":{"line":259,"column":8},"end":{"line":259,"column":46}},"type":"binary-expr","locations":[{"start":{"line":259,"column":8},"end":{"line":259,"column":28}},{"start":{"line":259,"column":28},"end":{"line":259,"column":46}}],"line":259},"11":{"loc":{"start":{"line":264,"column":4},"end":{"line":264,"column":null}},"type":"if","locations":[{"start":{"line":264,"column":4},"end":{"line":264,"column":null}},{"start":{},"end":{}}],"line":264},"12":{"loc":{"start":{"line":276,"column":4},"end":{"line":276,"column":null}},"type":"if","locations":[{"start":{"line":276,"column":4},"end":{"line":276,"column":null}},{"start":{},"end":{}}],"line":276},"13":{"loc":{"start":{"line":306,"column":6},"end":{"line":306,"column":68}},"type":"binary-expr","locations":[{"start":{"line":306,"column":6},"end":{"line":306,"column":35}},{"start":{"line":306,"column":35},"end":{"line":306,"column":68}}],"line":306},"14":{"loc":{"start":{"line":311,"column":6},"end":{"line":311,"column":62}},"type":"binary-expr","locations":[{"start":{"line":311,"column":6},"end":{"line":311,"column":32}},{"start":{"line":311,"column":32},"end":{"line":311,"column":62}}],"line":311},"15":{"loc":{"start":{"line":327,"column":6},"end":{"line":327,"column":89}},"type":"binary-expr","locations":[{"start":{"line":327,"column":6},"end":{"line":327,"column":45}},{"start":{"line":327,"column":45},"end":{"line":327,"column":89}}],"line":327},"16":{"loc":{"start":{"line":341,"column":15},"end":{"line":341,"column":null}},"type":"cond-expr","locations":[{"start":{"line":341,"column":101},"end":{"line":341,"column":113}},{"start":{"line":341,"column":113},"end":{"line":341,"column":null}}],"line":341},"17":{"loc":{"start":{"line":341,"column":15},"end":{"line":341,"column":98}},"type":"binary-expr","locations":[{"start":{"line":341,"column":15},"end":{"line":341,"column":54}},{"start":{"line":341,"column":54},"end":{"line":341,"column":98}}],"line":341},"18":{"loc":{"start":{"line":394,"column":49},"end":{"line":394,"column":170}},"type":"binary-expr","locations":[{"start":{"line":394,"column":49},"end":{"line":394,"column":90}},{"start":{"line":394,"column":90},"end":{"line":394,"column":170}}],"line":394},"19":{"loc":{"start":{"line":394,"column":170},"end":{"line":394,"column":null}},"type":"binary-expr","locations":[{"start":{"line":394,"column":170},"end":{"line":394,"column":209}},{"start":{"line":394,"column":209},"end":{"line":394,"column":null}}],"line":394},"20":{"loc":{"start":{"line":411,"column":16},"end":{"line":422,"column":30}},"type":"cond-expr","locations":[{"start":{"line":411,"column":28},"end":{"line":416,"column":null}},{"start":{"line":416,"column":8},"end":{"line":422,"column":30}}],"line":411},"21":{"loc":{"start":{"line":422,"column":24},"end":{"line":422,"column":null}},"type":"binary-expr","locations":[{"start":{"line":422,"column":24},"end":{"line":422,"column":68}},{"start":{"line":422,"column":73},"end":{"line":422,"column":null}}],"line":422},"22":{"loc":{"start":{"line":432,"column":19},"end":{"line":432,"column":null}},"type":"binary-expr","locations":[{"start":{"line":432,"column":19},"end":{"line":432,"column":null}},{"start":{"line":432,"column":19},"end":{"line":432,"column":null}}],"line":432},"23":{"loc":{"start":{"line":437,"column":14},"end":{"line":437,"column":null}},"type":"binary-expr","locations":[{"start":{"line":437,"column":14},"end":{"line":437,"column":29}},{"start":{"line":437,"column":29},"end":{"line":437,"column":55}},{"start":{"line":437,"column":55},"end":{"line":437,"column":null}}],"line":437}},"s":{"0":49,"1":49,"2":49,"3":49,"4":49,"5":49,"6":49,"7":49,"8":49,"9":49,"10":49,"11":50,"12":49,"13":51,"14":49,"15":51,"16":51,"17":1,"18":1,"19":1,"20":1,"21":1,"22":1,"23":1,"24":49,"25":51,"26":49,"27":2,"28":15,"29":15,"30":0,"31":15,"32":15,"33":4,"34":0,"35":4,"36":0,"37":0,"38":0,"39":0,"40":0,"41":0,"42":0,"43":0,"44":0,"45":0,"46":0,"47":0,"48":0,"49":0,"50":0,"51":0,"52":0,"53":0,"54":0,"55":0,"56":0,"57":0,"58":0,"59":4,"60":4,"61":4,"62":4,"63":4,"64":4,"65":4,"66":8,"67":2,"68":2,"69":2,"70":2,"71":1,"72":1,"73":1,"74":1,"75":1,"76":1,"77":1,"78":2,"79":1,"80":1,"81":1,"82":1,"83":1,"84":3,"85":3,"86":3,"87":4,"88":8,"89":8,"90":9,"91":2,"92":2,"93":2,"94":2,"95":2,"96":2,"97":2,"98":4,"99":4,"100":4,"101":2,"102":2,"103":2,"104":7,"105":0,"106":7,"107":7,"108":4,"109":6,"110":5,"111":2,"112":2,"113":0,"114":2,"115":2,"116":0,"117":2,"118":2,"119":2,"120":2,"121":2,"122":2,"123":2,"124":0,"125":0,"126":0,"127":0,"128":0,"129":0,"130":0,"131":0,"132":0,"133":0,"134":0,"135":0,"136":0,"137":2,"138":0,"139":1,"140":0,"141":1,"142":1,"143":1,"144":1,"145":1,"146":1,"147":1,"148":1,"149":1,"150":0,"151":1,"152":1,"153":1,"154":1,"155":1,"156":1,"157":1,"158":1,"159":8,"160":8,"161":8,"162":8,"163":8,"164":8,"165":8,"166":0,"167":0,"168":0,"169":0,"170":0,"171":0,"172":8,"173":8,"174":0,"175":0,"176":0,"177":0,"178":0,"179":0,"180":0,"181":0,"182":0,"183":0,"184":49,"185":49,"186":1,"187":1,"188":49,"189":8,"190":0},"f":{"0":50,"1":51,"2":51,"3":2,"4":0,"5":0,"6":0,"7":0,"8":1,"9":4,"10":4,"11":6,"12":1,"13":1,"14":1,"15":8,"16":0},"b":{"0":[50,1],"1":[0,15],"2":[0,4],"3":[4,4],"4":[2,0],"5":[5,5],"6":[4,4,2,2],"7":[0,7],"8":[0,2],"9":[0,2],"10":[2,2],"11":[0,1],"12":[0,1],"13":[8,0],"14":[8,2],"15":[0,0],"16":[0,0],"17":[0,0],"18":[124,24],"19":[124,14],"20":[60,64],"21":[124,28],"22":[14,9],"23":[94,6,2]},"meta":{"lastBranch":0,"lastFunction":0,"lastStatement":0,"seen":{}}}
,"/Users/wangqi/projects/mipa-draw/src/components/ContextMenu.vue": {"path":"/Users/wangqi/projects/mipa-draw/src/components/ContextMenu.vue","statementMap":{"0":{"start":{"line":5,"column":6},"end":{"line":5,"column":29}},"1":{"start":{"line":6,"column":6},"end":{"line":6,"column":54}},"2":{"start":{"line":7,"column":6},"end":{"line":7,"column":25}},"3":{"start":{"line":8,"column":6},"end":{"line":8,"column":null}},"4":{"start":{"line":9,"column":6},"end":{"line":9,"column":47}},"5":{"start":{"line":11,"column":18},"end":{"line":23,"column":null}},"6":{"start":{"line":26,"column":2},"end":{"line":26,"column":null}},"7":{"start":{"line":27,"column":2},"end":{"line":27,"column":null}},"8":{"start":{"line":29,"column":20},"end":{"line":29,"column":null}},"9":{"start":{"line":30,"column":21},"end":{"line":30,"column":null}},"10":{"start":{"line":31,"column":18},"end":{"line":31,"column":null}},"11":{"start":{"line":34,"column":4},"end":{"line":34,"column":null}},"12":{"start":{"line":37,"column":4},"end":{"line":37,"column":null}},"13":{"start":{"line":40,"column":2},"end":{"line":40,"column":null}},"14":{"start":{"line":44,"column":2},"end":{"line":44,"column":null}},"15":{"start":{"line":45,"column":2},"end":{"line":45,"column":null}},"16":{"start":{"line":49,"column":2},"end":{"line":49,"column":null}},"17":{"start":{"line":54,"column":10},"end":{"line":54,"column":null}},"18":{"start":{"line":56,"column":10},"end":{"line":56,"column":null}},"19":{"start":{"line":58,"column":8},"end":{"line":58,"column":null}},"20":{"start":{"line":61,"column":10},"end":{"line":61,"column":null}},"21":{"start":{"line":63,"column":10},"end":{"line":63,"column":null}},"22":{"start":{"line":65,"column":8},"end":{"line":65,"column":null}},"23":{"start":{"line":68,"column":10},"end":{"line":68,"column":null}},"24":{"start":{"line":70,"column":10},"end":{"line":70,"column":null}},"25":{"start":{"line":72,"column":8},"end":{"line":72,"column":null}},"26":{"start":{"line":75,"column":10},"end":{"line":75,"column":null}},"27":{"start":{"line":77,"column":10},"end":{"line":77,"column":null}},"28":{"start":{"line":79,"column":8},"end":{"line":79,"column":null}},"29":{"start":{"line":82,"column":10},"end":{"line":82,"column":null}},"30":{"start":{"line":84,"column":10},"end":{"line":84,"column":null}},"31":{"start":{"line":86,"column":8},"end":{"line":86,"column":null}},"32":{"start":{"line":88,"column":10},"end":{"line":88,"column":null}},"33":{"start":{"line":88,"column":61},"end":{"line":88,"column":65}},"34":{"start":{"line":89,"column":10},"end":{"line":89,"column":null}},"35":{"start":{"line":91,"column":8},"end":{"line":91,"column":null}},"36":{"start":{"line":92,"column":8},"end":{"line":92,"column":null}},"37":{"start":{"line":94,"column":8},"end":{"line":94,"column":null}},"38":{"start":{"line":96,"column":10},"end":{"line":96,"column":null}},"39":{"start":{"line":97,"column":10},"end":{"line":97,"column":null}},"40":{"start":{"line":99,"column":10},"end":{"line":99,"column":null}},"41":{"start":{"line":100,"column":10},"end":{"line":100,"column":null}},"42":{"start":{"line":102,"column":8},"end":{"line":102,"column":null}},"43":{"start":{"line":104,"column":8},"end":{"line":104,"column":null}},"44":{"start":{"line":107,"column":4},"end":{"line":107,"column":null}},"45":{"start":{"line":109,"column":2},"end":{"line":109,"column":null}},"46":{"start":{"line":114,"column":4},"end":{"line":114,"column":null}},"47":{"start":{"line":118,"column":0},"end":{"line":121,"column":null}},"48":{"start":{"line":119,"column":2},"end":{"line":119,"column":null}},"49":{"start":{"line":120,"column":2},"end":{"line":120,"column":null}},"50":{"start":{"line":123,"column":0},"end":{"line":126,"column":null}},"51":{"start":{"line":124,"column":2},"end":{"line":124,"column":null}},"52":{"start":{"line":125,"column":2},"end":{"line":125,"column":null}},"53":{"start":{"line":128,"column":0},"end":{"line":128,"column":null}},"54":{"start":{"line":148,"column":14},"end":{"line":148,"column":45}},"55":{"start":{"line":149,"column":16},"end":{"line":149,"column":33}},"56":{"start":{"line":150,"column":16},"end":{"line":150,"column":37}},"57":{"start":{"line":146,"column":16},"end":{"line":146,"column":null}}},"fnMap":{"0":{"name":"(anonymous_0)","decl":{"start":{"line":88,"column":52},"end":{"line":88,"column":56}},"loc":{"start":{"line":88,"column":61},"end":{"line":88,"column":65}},"line":88},"1":{"name":"(anonymous_1)","decl":{"start":{"line":118,"column":0},"end":{"line":118,"column":16}},"loc":{"start":{"line":118,"column":16},"end":{"line":121,"column":null}},"line":118},"2":{"name":"(anonymous_2)","decl":{"start":{"line":123,"column":0},"end":{"line":123,"column":18}},"loc":{"start":{"line":123,"column":18},"end":{"line":126,"column":null}},"line":123},"3":{"name":"(anonymous_3)","decl":{"start":{"line":146,"column":9},"end":{"line":146,"column":14}},"loc":{"start":{"line":146,"column":16},"end":{"line":146,"column":null}},"line":146}},"branchMap":{"0":{"loc":{"start":{"line":27,"column":26},"end":{"line":27,"column":null}},"type":"binary-expr","locations":[{"start":{"line":27,"column":26},"end":{"line":27,"column":39}},{"start":{"line":27,"column":39},"end":{"line":27,"column":null}}],"line":27},"1":{"loc":{"start":{"line":113,"column":6},"end":{"line":113,"column":78}},"type":"binary-expr","locations":[{"start":{"line":113,"column":6},"end":{"line":113,"column":30}},{"start":{"line":113,"column":30},"end":{"line":113,"column":78}}],"line":113},"2":{"loc":{"start":{"line":138,"column":46},"end":{"line":138,"column":null}},"type":"binary-expr","locations":[{"start":{"line":138,"column":46},"end":{"line":138,"column":57}},{"start":{"line":138,"column":57},"end":{"line":138,"column":null}}],"line":138},"3":{"loc":{"start":{"line":140,"column":14},"end":{"line":152,"column":91}},"type":"cond-expr","locations":[{"start":{"line":140,"column":23},"end":{"line":139,"column":null}},{"start":{"line":142,"column":8},"end":{"line":152,"column":91}}],"line":140},"4":{"loc":{"start":{"line":152,"column":20},"end":{"line":152,"column":91}},"type":"cond-expr","locations":[{"start":{"line":152,"column":25},"end":{"line":152,"column":91}},{"start":{"line":152,"column":81},"end":{"line":152,"column":91}}],"line":152},"5":{"loc":{"start":{"line":156,"column":16},"end":{"line":158,"column":10}},"type":"cond-expr","locations":[{"start":{"line":156,"column":66},"end":{"line":158,"column":10}},{"start":{"line":158,"column":4},"end":{"line":158,"column":10}}],"line":156},"6":{"loc":{"start":{"line":156,"column":16},"end":{"line":156,"column":72}},"type":"binary-expr","locations":[{"start":{"line":156,"column":16},"end":{"line":156,"column":35}},{"start":{"line":156,"column":35},"end":{"line":156,"column":72}}],"line":156}},"s":{"0":44,"1":44,"2":44,"3":44,"4":44,"5":44,"6":21,"7":21,"8":21,"9":21,"10":21,"11":1,"12":19,"13":21,"14":20,"15":20,"16":10,"17":2,"18":1,"19":2,"20":1,"21":0,"22":1,"23":1,"24":0,"25":1,"26":0,"27":0,"28":0,"29":0,"30":0,"31":0,"32":1,"33":2,"34":1,"35":1,"36":1,"37":2,"38":1,"39":1,"40":1,"41":1,"42":2,"43":1,"44":1,"45":10,"46":9,"47":44,"48":44,"49":44,"50":44,"51":2,"52":2,"53":44,"54":2,"55":2,"56":2,"57":9},"f":{"0":2,"1":44,"2":2,"3":9},"b":{"0":[21,15],"1":[36,9],"2":[231,63],"3":[63,168],"4":[84,84],"5":[3,18],"6":[21,15]},"meta":{"lastBranch":7,"lastFunction":4,"lastStatement":58,"seen":{"s:5:6:5:29":0,"s:6:6:6:54":1,"s:7:6:7:25":2,"s:8:6:8:Infinity":3,"s:9:6:9:47":4,"s:11:18:23:Infinity":5,"s:26:2:26:Infinity":6,"s:27:2:27:Infinity":7,"b:27:26:27:39:27:39:27:Infinity":0,"s:29:20:29:Infinity":8,"s:30:21:30:Infinity":9,"s:31:18:31:Infinity":10,"s:34:4:34:Infinity":11,"s:37:4:37:Infinity":12,"s:40:2:40:Infinity":13,"s:44:2:44:Infinity":14,"s:45:2:45:Infinity":15,"s:49:2:49:Infinity":16,"s:54:10:54:Infinity":17,"s:56:10:56:Infinity":18,"s:58:8:58:Infinity":19,"s:61:10:61:Infinity":20,"s:63:10:63:Infinity":21,"s:65:8:65:Infinity":22,"s:68:10:68:Infinity":23,"s:70:10:70:Infinity":24,"s:72:8:72:Infinity":25,"s:75:10:75:Infinity":26,"s:77:10:77:Infinity":27,"s:79:8:79:Infinity":28,"s:82:10:82:Infinity":29,"s:84:10:84:Infinity":30,"s:86:8:86:Infinity":31,"s:88:10:88:Infinity":32,"f:88:52:88:56":0,"s:88:61:88:65":33,"s:89:10:89:Infinity":34,"s:91:8:91:Infinity":35,"s:92:8:92:Infinity":36,"s:94:8:94:Infinity":37,"s:96:10:96:Infinity":38,"s:97:10:97:Infinity":39,"s:99:10:99:Infinity":40,"s:100:10:100:Infinity":41,"s:102:8:102:Infinity":42,"s:104:8:104:Infinity":43,"s:107:4:107:Infinity":44,"s:109:2:109:Infinity":45,"b:113:6:113:30:113:30:113:78":1,"s:114:4:114:Infinity":46,"s:118:0:121:Infinity":47,"f:118:0:118:16":1,"s:119:2:119:Infinity":48,"s:120:2:120:Infinity":49,"s:123:0:126:Infinity":50,"f:123:0:123:18":2,"s:124:2:124:Infinity":51,"s:125:2:125:Infinity":52,"s:128:0:128:Infinity":53,"s:148:14:148:45":54,"s:149:16:149:33":55,"s:150:16:150:37":56,"b:138:46:138:57:138:57:138:Infinity":2,"b:140:23:139:Infinity:142:8:152:91":3,"f:146:9:146:14":3,"s:146:16:146:Infinity":57,"b:152:25:152:91:152:81:152:91":4,"b:156:66:158:10:158:4:158:10":5,"b:156:16:156:35:156:35:156:72":6}}}
,"/Users/wangqi/projects/mipa-draw/src/components/LayerManager.vue": {"path":"/Users/wangqi/projects/mipa-draw/src/components/LayerManager.vue","statementMap":{"0":{"start":{"line":5,"column":6},"end":{"line":5,"column":29}},"1":{"start":{"line":7,"column":6},"end":{"line":9,"column":null}},"2":{"start":{"line":8,"column":2},"end":{"line":8,"column":null}},"3":{"start":{"line":8,"column":44},"end":{"line":8,"column":63}},"4":{"start":{"line":12,"column":2},"end":{"line":12,"column":null}},"5":{"start":{"line":16,"column":2},"end":{"line":16,"column":null}},"6":{"start":{"line":20,"column":2},"end":{"line":20,"column":null}},"7":{"start":{"line":24,"column":2},"end":{"line":24,"column":null}},"8":{"start":{"line":28,"column":2},"end":{"line":28,"column":null}},"9":{"start":{"line":32,"column":2},"end":{"line":32,"column":null}},"10":{"start":{"line":36,"column":2},"end":{"line":36,"column":null}},"11":{"start":{"line":41,"column":22},"end":{"line":41,"column":null}},"12":{"start":{"line":42,"column":2},"end":{"line":42,"column":null}},"13":{"start":{"line":46,"column":2},"end":{"line":46,"column":null}},"14":{"start":{"line":51,"column":7},"end":{"line":51,"column":62}},"15":{"start":{"line":52,"column":9},"end":{"line":52,"column":63}},"16":{"start":{"line":59,"column":9},"end":{"line":59,"column":39}},"17":{"start":{"line":69,"column":15},"end":{"line":69,"column":115}},"18":{"start":{"line":81,"column":15},"end":{"line":81,"column":37}},"19":{"start":{"line":82,"column":15},"end":{"line":82,"column":53}},"20":{"start":{"line":83,"column":15},"end":{"line":83,"column":44}},"21":{"start":{"line":61,"column":8},"end":{"line":83,"column":73}},"22":{"start":{"line":66,"column":18},"end":{"line":66,"column":41}}},"fnMap":{"0":{"name":"(anonymous_0)","decl":{"start":{"line":7,"column":23},"end":{"line":7,"column":38}},"loc":{"start":{"line":7,"column":38},"end":{"line":9,"column":null}},"line":7},"1":{"name":"(anonymous_1)","decl":{"start":{"line":8,"column":29},"end":{"line":8,"column":35}},"loc":{"start":{"line":8,"column":44},"end":{"line":8,"column":63}},"line":8},"2":{"name":"(anonymous_2)","decl":{"start":{"line":66,"column":11},"end":{"line":66,"column":16}},"loc":{"start":{"line":66,"column":18},"end":{"line":66,"column":41}},"line":66}},"branchMap":{"0":{"loc":{"start":{"line":41,"column":22},"end":{"line":41,"column":null}},"type":"binary-expr","locations":[{"start":{"line":41,"column":22},"end":{"line":41,"column":30}},{"start":{"line":41,"column":30},"end":{"line":41,"column":38}},{"start":{"line":41,"column":38},"end":{"line":41,"column":null}}],"line":41},"1":{"loc":{"start":{"line":42,"column":9},"end":{"line":42,"column":null}},"type":"cond-expr","locations":[{"start":{"line":42,"column":35},"end":{"line":42,"column":74}},{"start":{"line":42,"column":74},"end":{"line":42,"column":null}}],"line":42},"2":{"loc":{"start":{"line":57,"column":10},"end":{"line":53,"column":55}},"type":"binary-expr","locations":[{"start":{"line":57,"column":10},"end":{"line":57,"column":null}},{"start":{"line":57,"column":10},"end":{"line":53,"column":55}}],"line":57},"3":{"loc":{"start":{"line":54,"column":18},"end":{"line":55,"column":null}},"type":"cond-expr","locations":[{"start":{"line":54,"column":49},"end":{"line":55,"column":null}},{"start":{"line":55,"column":45},"end":{"line":55,"column":null}}],"line":54},"4":{"loc":{"start":{"line":71,"column":20},"end":{"line":81,"column":15}},"type":"cond-expr","locations":[{"start":{"line":71,"column":32},"end":{"line":75,"column":null}},{"start":{"line":75,"column":12},"end":{"line":81,"column":15}}],"line":71}},"s":{"0":40,"1":40,"2":67,"3":4,"4":1,"5":0,"6":0,"7":0,"8":0,"9":0,"10":0,"11":24,"12":24,"13":24,"14":2,"15":2,"16":2,"17":2,"18":2,"19":2,"20":2,"21":24,"22":1},"f":{"0":67,"1":4,"2":1},"b":{"0":[24,0,0],"1":[2,22],"2":[85,40],"3":[9,76],"4":[1,23]},"meta":{"lastBranch":5,"lastFunction":3,"lastStatement":23,"seen":{"s:5:6:5:29":0,"s:7:6:9:Infinity":1,"f:7:23:7:38":0,"s:8:2:8:Infinity":2,"f:8:29:8:35":1,"s:8:44:8:63":3,"s:12:2:12:Infinity":4,"s:16:2:16:Infinity":5,"s:20:2:20:Infinity":6,"s:24:2:24:Infinity":7,"s:28:2:28:Infinity":8,"s:32:2:32:Infinity":9,"s:36:2:36:Infinity":10,"s:41:22:41:Infinity":11,"b:41:22:41:30:41:30:41:38:41:38:41:Infinity":0,"s:42:2:42:Infinity":12,"b:42:35:42:74:42:74:42:Infinity":1,"s:46:2:46:Infinity":13,"s:51:7:51:62":14,"s:52:9:52:63":15,"s:59:9:59:39":16,"s:69:15:69:115":17,"s:81:15:81:37":18,"s:82:15:82:53":19,"s:83:15:83:44":20,"b:57:10:57:Infinity:57:10:53:55":2,"b:54:49:55:Infinity:55:45:55:Infinity":3,"s:61:8:83:73":21,"f:66:11:66:16":2,"s:66:18:66:41":22,"b:71:32:75:Infinity:75:12:81:15":4}}}
,"/Users/wangqi/projects/mipa-draw/src/components/StickerPanel.vue": {"path":"/Users/wangqi/projects/mipa-draw/src/components/StickerPanel.vue","statementMap":{"0":{"start":{"line":6,"column":6},"end":{"line":6,"column":29}},"1":{"start":{"line":7,"column":6},"end":{"line":7,"column":53}},"2":{"start":{"line":8,"column":6},"end":{"line":8,"column":51}},"3":{"start":{"line":10,"column":6},"end":{"line":23,"column":null}},"4":{"start":{"line":25,"column":6},"end":{"line":25,"column":null}},"5":{"start":{"line":28,"column":2},"end":{"line":28,"column":null}},"6":{"start":{"line":32,"column":30},"end":{"line":43,"column":null}},"7":{"start":{"line":44,"column":2},"end":{"line":44,"column":null}},"8":{"start":{"line":48,"column":16},"end":{"line":48,"column":null}},"9":{"start":{"line":49,"column":16},"end":{"line":49,"column":null}},"10":{"start":{"line":50,"column":2},"end":{"line":50,"column":null}},"11":{"start":{"line":50,"column":14},"end":{"line":50,"column":null}},"12":{"start":{"line":53,"column":19},"end":{"line":53,"column":34}},"13":{"start":{"line":55,"column":18},"end":{"line":55,"column":null}},"14":{"start":{"line":56,"column":20},"end":{"line":56,"column":74}},"15":{"start":{"line":57,"column":25},"end":{"line":62,"column":null}},"16":{"start":{"line":63,"column":6},"end":{"line":63,"column":null}},"17":{"start":{"line":64,"column":6},"end":{"line":64,"column":null}},"18":{"start":{"line":66,"column":4},"end":{"line":66,"column":null}},"19":{"start":{"line":68,"column":2},"end":{"line":68,"column":null}},"20":{"start":{"line":72,"column":16},"end":{"line":72,"column":65}},"21":{"start":{"line":72,"column":54},"end":{"line":72,"column":65}},"22":{"start":{"line":74,"column":4},"end":{"line":74,"column":null}},"23":{"start":{"line":80,"column":7},"end":{"line":80,"column":62}},"24":{"start":{"line":81,"column":9},"end":{"line":81,"column":30}},"25":{"start":{"line":99,"column":11},"end":{"line":99,"column":41}},"26":{"start":{"line":149,"column":15},"end":{"line":149,"column":85}},"27":{"start":{"line":161,"column":16},"end":{"line":161,"column":61}},"28":{"start":{"line":85,"column":16},"end":{"line":85,"column":null}},"29":{"start":{"line":92,"column":16},"end":{"line":92,"column":null}},"30":{"start":{"line":105,"column":29},"end":{"line":105,"column":55}},"31":{"start":{"line":106,"column":18},"end":{"line":106,"column":null}},"32":{"start":{"line":128,"column":16},"end":{"line":128,"column":32}},"33":{"start":{"line":164,"column":20},"end":{"line":164,"column":null}}},"fnMap":{"0":{"name":"(anonymous_0)","decl":{"start":{"line":72,"column":39},"end":{"line":72,"column":49}},"loc":{"start":{"line":72,"column":54},"end":{"line":72,"column":65}},"line":72},"1":{"name":"(anonymous_1)","decl":{"start":{"line":85,"column":14},"end":{"line":85,"column":16}},"loc":{"start":{"line":85,"column":16},"end":{"line":85,"column":null}},"line":85},"2":{"name":"(anonymous_2)","decl":{"start":{"line":92,"column":14},"end":{"line":92,"column":16}},"loc":{"start":{"line":92,"column":16},"end":{"line":92,"column":null}},"line":92},"3":{"name":"(anonymous_3)","decl":{"start":{"line":105,"column":11},"end":{"line":105,"column":23}},"loc":{"start":{"line":105,"column":29},"end":{"line":105,"column":55}},"line":105},"4":{"name":"(anonymous_4)","decl":{"start":{"line":106,"column":11},"end":{"line":106,"column":16}},"loc":{"start":{"line":106,"column":18},"end":{"line":106,"column":null}},"line":106},"5":{"name":"(anonymous_5)","decl":{"start":{"line":128,"column":14},"end":{"line":128,"column":16}},"loc":{"start":{"line":128,"column":16},"end":{"line":128,"column":32}},"line":128},"6":{"name":"(anonymous_6)","decl":{"start":{"line":164,"column":13},"end":{"line":164,"column":18}},"loc":{"start":{"line":164,"column":20},"end":{"line":164,"column":null}},"line":164}},"branchMap":{"0":{"loc":{"start":{"line":50,"column":2},"end":{"line":50,"column":null}},"type":"if","locations":[{"start":{"line":50,"column":2},"end":{"line":50,"column":null}},{"start":{},"end":{}}],"line":50},"1":{"loc":{"start":{"line":56,"column":20},"end":{"line":56,"column":74}},"type":"binary-expr","locations":[{"start":{"line":56,"column":20},"end":{"line":56,"column":45}},{"start":{"line":56,"column":49},"end":{"line":56,"column":74}}],"line":56},"2":{"loc":{"start":{"line":59,"column":15},"end":{"line":59,"column":null}},"type":"cond-expr","locations":[{"start":{"line":59,"column":23},"end":{"line":59,"column":31}},{"start":{"line":59,"column":31},"end":{"line":59,"column":null}}],"line":59},"3":{"loc":{"start":{"line":84,"column":16},"end":{"line":84,"column":null}},"type":"cond-expr","locations":[{"start":{"line":84,"column":25},"end":{"line":84,"column":null}},{"start":{"line":84,"column":25},"end":{"line":84,"column":null}}],"line":84},"4":{"loc":{"start":{"line":85,"column":14},"end":{"line":85,"column":null}},"type":"binary-expr","locations":[{"start":{"line":85,"column":14},"end":{"line":85,"column":16}},{"start":{"line":85,"column":14},"end":{"line":85,"column":null}}],"line":85},"5":{"loc":{"start":{"line":91,"column":16},"end":{"line":91,"column":null}},"type":"cond-expr","locations":[{"start":{"line":91,"column":25},"end":{"line":91,"column":null}},{"start":{"line":91,"column":25},"end":{"line":91,"column":null}}],"line":91},"6":{"loc":{"start":{"line":92,"column":14},"end":{"line":92,"column":null}},"type":"binary-expr","locations":[{"start":{"line":92,"column":14},"end":{"line":92,"column":16}},{"start":{"line":92,"column":14},"end":{"line":92,"column":null}}],"line":92},"7":{"loc":{"start":{"line":128,"column":14},"end":{"line":128,"column":null}},"type":"binary-expr","locations":[{"start":{"line":128,"column":14},"end":{"line":128,"column":16}},{"start":{"line":128,"column":14},"end":{"line":128,"column":32}}],"line":128},"8":{"loc":{"start":{"line":138,"column":8},"end":{"line":138,"column":43}},"type":"binary-expr","locations":[{"start":{"line":138,"column":8},"end":{"line":138,"column":13}},{"start":{"line":138,"column":8},"end":{"line":138,"column":43}}],"line":138},"9":{"loc":{"start":{"line":139,"column":8},"end":{"line":139,"column":55}},"type":"binary-expr","locations":[{"start":{"line":139,"column":8},"end":{"line":139,"column":11}},{"start":{"line":139,"column":8},"end":{"line":139,"column":55}}],"line":139},"10":{"loc":{"start":{"line":140,"column":8},"end":{"line":140,"column":62}},"type":"binary-expr","locations":[{"start":{"line":140,"column":8},"end":{"line":140,"column":11}},{"start":{"line":140,"column":8},"end":{"line":140,"column":62}}],"line":140}},"s":{"0":58,"1":58,"2":58,"3":58,"4":58,"5":3,"6":11,"7":11,"8":9,"9":9,"10":9,"11":1,"12":9,"13":8,"14":8,"15":8,"16":8,"17":8,"18":9,"19":8,"20":1,"21":1,"22":1,"23":2,"24":2,"25":2,"26":2,"27":2,"28":10,"29":34,"30":3,"31":3,"32":2,"33":1},"f":{"0":1,"1":10,"2":34,"3":3,"4":3,"5":2,"6":1},"b":{"0":[1,8],"1":[8,7],"2":[2,6],"3":[68,49],"4":[117,58],"5":[49,68],"6":[117,58],"7":[49,25],"8":[49,25],"9":[49,25],"10":[49,25]},"meta":{"lastBranch":11,"lastFunction":7,"lastStatement":34,"seen":{"s:6:6:6:29":0,"s:7:6:7:53":1,"s:8:6:8:51":2,"s:10:6:23:Infinity":3,"s:25:6:25:Infinity":4,"s:28:2:28:Infinity":5,"s:32:30:43:Infinity":6,"s:44:2:44:Infinity":7,"s:48:16:48:Infinity":8,"s:49:16:49:Infinity":9,"b:50:2:50:Infinity:undefined:undefined:undefined:undefined":0,"s:50:2:50:Infinity":10,"s:50:14:50:Infinity":11,"s:53:19:53:34":12,"s:55:18:55:Infinity":13,"s:56:20:56:74":14,"b:56:20:56:45:56:49:56:74":1,"s:57:25:62:Infinity":15,"b:59:23:59:31:59:31:59:Infinity":2,"s:63:6:63:Infinity":16,"s:64:6:64:Infinity":17,"s:66:4:66:Infinity":18,"s:68:2:68:Infinity":19,"s:72:16:72:65":20,"f:72:39:72:49":0,"s:72:54:72:65":21,"s:74:4:74:Infinity":22,"s:80:7:80:62":23,"s:81:9:81:30":24,"s:99:11:99:41":25,"s:149:15:149:85":26,"s:161:16:161:61":27,"b:84:25:84:Infinity:84:25:84:Infinity":3,"b:85:14:85:16:85:14:85:Infinity":4,"f:85:14:85:16":1,"s:85:16:85:Infinity":28,"b:91:25:91:Infinity:91:25:91:Infinity":5,"b:92:14:92:16:92:14:92:Infinity":6,"f:92:14:92:16":2,"s:92:16:92:Infinity":29,"f:105:11:105:23":3,"s:105:29:105:55":30,"f:106:11:106:16":4,"s:106:18:106:Infinity":31,"b:128:14:128:16:128:14:128:32":7,"f:128:14:128:16":5,"s:128:16:128:32":32,"b:138:8:138:13:138:8:138:43":8,"b:139:8:139:11:139:8:139:55":9,"b:140:8:140:11:140:8:140:62":10,"f:164:13:164:18":6,"s:164:20:164:Infinity":33}}}
,"/Users/wangqi/projects/mipa-draw/src/components/Toolbar.vue": {"path":"/Users/wangqi/projects/mipa-draw/src/components/Toolbar.vue","statementMap":{"0":{"start":{"line":6,"column":6},"end":{"line":6,"column":29}},"1":{"start":{"line":9,"column":20},"end":{"line":9,"column":64}},"2":{"start":{"line":10,"column":2},"end":{"line":10,"column":null}},"3":{"start":{"line":13,"column":24},"end":{"line":17,"column":null}},"4":{"start":{"line":19,"column":20},"end":{"line":30,"column":null}},"5":{"start":{"line":32,"column":18},"end":{"line":41,"column":null}},"6":{"start":{"line":43,"column":6},"end":{"line":43,"column":31}},"7":{"start":{"line":44,"column":6},"end":{"line":44,"column":33}},"8":{"start":{"line":45,"column":6},"end":{"line":45,"column":37}},"9":{"start":{"line":47,"column":6},"end":{"line":47,"column":44}},"10":{"start":{"line":48,"column":6},"end":{"line":48,"column":46}},"11":{"start":{"line":51,"column":2},"end":{"line":51,"column":null}},"12":{"start":{"line":52,"column":2},"end":{"line":52,"column":null}},"13":{"start":{"line":53,"column":2},"end":{"line":53,"column":null}},"14":{"start":{"line":57,"column":24},"end":{"line":57,"column":64}},"15":{"start":{"line":58,"column":2},"end":{"line":58,"column":null}},"16":{"start":{"line":58,"column":22},"end":{"line":58,"column":null}},"17":{"start":{"line":61,"column":19},"end":{"line":64,"column":null}},"18":{"start":{"line":66,"column":17},"end":{"line":66,"column":43}},"19":{"start":{"line":67,"column":4},"end":{"line":67,"column":null}},"20":{"start":{"line":68,"column":4},"end":{"line":68,"column":null}},"21":{"start":{"line":69,"column":4},"end":{"line":69,"column":null}},"22":{"start":{"line":71,"column":4},"end":{"line":71,"column":null}},"23":{"start":{"line":73,"column":2},"end":{"line":73,"column":null}},"24":{"start":{"line":84,"column":28},"end":{"line":84,"column":49}},"25":{"start":{"line":87,"column":15},"end":{"line":87,"column":null}},"26":{"start":{"line":88,"column":15},"end":{"line":88,"column":41}},"27":{"start":{"line":89,"column":2},"end":{"line":89,"column":null}},"28":{"start":{"line":90,"column":2},"end":{"line":90,"column":null}},"29":{"start":{"line":91,"column":2},"end":{"line":91,"column":null}},"30":{"start":{"line":95,"column":18},"end":{"line":95,"column":null}},"31":{"start":{"line":96,"column":15},"end":{"line":96,"column":18}},"32":{"start":{"line":97,"column":4},"end":{"line":97,"column":null}},"33":{"start":{"line":99,"column":15},"end":{"line":99,"column":18}},"34":{"start":{"line":100,"column":4},"end":{"line":100,"column":null}},"35":{"start":{"line":102,"column":2},"end":{"line":102,"column":null}},"36":{"start":{"line":107,"column":4},"end":{"line":107,"column":null}},"37":{"start":{"line":109,"column":2},"end":{"line":109,"column":null}},"38":{"start":{"line":113,"column":2},"end":{"line":113,"column":null}},"39":{"start":{"line":117,"column":16},"end":{"line":117,"column":null}},"40":{"start":{"line":118,"column":15},"end":{"line":118,"column":null}},"41":{"start":{"line":119,"column":2},"end":{"line":119,"column":null}},"42":{"start":{"line":119,"column":13},"end":{"line":119,"column":null}},"43":{"start":{"line":121,"column":17},"end":{"line":121,"column":32}},"44":{"start":{"line":123,"column":4},"end":{"line":123,"column":null}},"45":{"start":{"line":125,"column":2},"end":{"line":125,"column":null}},"46":{"start":{"line":132,"column":7},"end":{"line":132,"column":79}},"47":{"start":{"line":133,"column":9},"end":{"line":133,"column":54}},"48":{"start":{"line":156,"column":9},"end":{"line":156,"column":54}},"49":{"start":{"line":177,"column":9},"end":{"line":177,"column":54}},"50":{"start":{"line":190,"column":9},"end":{"line":190,"column":45}},"51":{"start":{"line":221,"column":11},"end":{"line":221,"column":47}},"52":{"start":{"line":223,"column":13},"end":{"line":223,"column":30}},"53":{"start":{"line":244,"column":15},"end":{"line":244,"column":38}},"54":{"start":{"line":263,"column":11},"end":{"line":263,"column":47}},"55":{"start":{"line":265,"column":13},"end":{"line":265,"column":30}},"56":{"start":{"line":304,"column":11},"end":{"line":304,"column":65}},"57":{"start":{"line":313,"column":11},"end":{"line":313,"column":32}},"58":{"start":{"line":316,"column":15},"end":{"line":316,"column":45}},"59":{"start":{"line":330,"column":15},"end":{"line":330,"column":45}},"60":{"start":{"line":367,"column":15},"end":{"line":367,"column":32}},"61":{"start":{"line":368,"column":17},"end":{"line":368,"column":58}},"62":{"start":{"line":391,"column":20},"end":{"line":391,"column":49}},"63":{"start":{"line":137,"column":16},"end":{"line":137,"column":26}},"64":{"start":{"line":146,"column":16},"end":{"line":146,"column":26}},"65":{"start":{"line":159,"column":16},"end":{"line":159,"column":null}},"66":{"start":{"line":168,"column":16},"end":{"line":168,"column":null}},"67":{"start":{"line":181,"column":16},"end":{"line":181,"column":null}},"68":{"start":{"line":193,"column":16},"end":{"line":193,"column":null}},"69":{"start":{"line":211,"column":16},"end":{"line":211,"column":33}},"70":{"start":{"line":227,"column":30},"end":{"line":227,"column":null}},"71":{"start":{"line":237,"column":30},"end":{"line":237,"column":null}},"72":{"start":{"line":247,"column":22},"end":{"line":247,"column":null}},"73":{"start":{"line":295,"column":20},"end":{"line":295,"column":null}},"74":{"start":{"line":306,"column":62},"end":{"line":306,"column":null}},"75":{"start":{"line":323,"column":22},"end":{"line":323,"column":62}},"76":{"start":{"line":323,"column":62},"end":{"line":323,"column":109}},"77":{"start":{"line":323,"column":109},"end":{"line":323,"column":null}},"78":{"start":{"line":337,"column":22},"end":{"line":337,"column":68}},"79":{"start":{"line":337,"column":68},"end":{"line":337,"column":null}},"80":{"start":{"line":359,"column":20},"end":{"line":359,"column":null}},"81":{"start":{"line":373,"column":24},"end":{"line":373,"column":null}},"82":{"start":{"line":384,"column":32},"end":{"line":384,"column":null}},"83":{"start":{"line":396,"column":25},"end":{"line":396,"column":null}}},"fnMap":{"0":{"name":"(anonymous_0)","decl":{"start":{"line":84,"column":19},"end":{"line":84,"column":23}},"loc":{"start":{"line":84,"column":28},"end":{"line":84,"column":49}},"line":84},"1":{"name":"(anonymous_1)","decl":{"start":{"line":137,"column":14},"end":{"line":137,"column":16}},"loc":{"start":{"line":137,"column":16},"end":{"line":137,"column":26}},"line":137},"2":{"name":"(anonymous_2)","decl":{"start":{"line":146,"column":14},"end":{"line":146,"column":16}},"loc":{"start":{"line":146,"column":16},"end":{"line":146,"column":26}},"line":146},"3":{"name":"(anonymous_3)","decl":{"start":{"line":159,"column":14},"end":{"line":159,"column":16}},"loc":{"start":{"line":159,"column":16},"end":{"line":159,"column":null}},"line":159},"4":{"name":"(anonymous_4)","decl":{"start":{"line":168,"column":14},"end":{"line":168,"column":16}},"loc":{"start":{"line":168,"column":16},"end":{"line":168,"column":null}},"line":168},"5":{"name":"(anonymous_5)","decl":{"start":{"line":181,"column":14},"end":{"line":181,"column":16}},"loc":{"start":{"line":181,"column":16},"end":{"line":181,"column":null}},"line":181},"6":{"name":"(anonymous_6)","decl":{"start":{"line":193,"column":14},"end":{"line":193,"column":16}},"loc":{"start":{"line":193,"column":16},"end":{"line":193,"column":null}},"line":193},"7":{"name":"(anonymous_7)","decl":{"start":{"line":211,"column":14},"end":{"line":211,"column":16}},"loc":{"start":{"line":211,"column":16},"end":{"line":211,"column":33}},"line":211},"8":{"name":"(anonymous_8)","decl":{"start":{"line":227,"column":30},"end":{"line":227,"column":41}},"loc":{"start":{"line":227,"column":30},"end":{"line":227,"column":null}},"line":227},"9":{"name":"(anonymous_9)","decl":{"start":{"line":237,"column":30},"end":{"line":237,"column":42}},"loc":{"start":{"line":237,"column":30},"end":{"line":237,"column":null}},"line":237},"10":{"name":"(anonymous_10)","decl":{"start":{"line":247,"column":20},"end":{"line":247,"column":22}},"loc":{"start":{"line":247,"column":22},"end":{"line":247,"column":null}},"line":247},"11":{"name":"(anonymous_11)","decl":{"start":{"line":295,"column":18},"end":{"line":295,"column":20}},"loc":{"start":{"line":295,"column":20},"end":{"line":295,"column":null}},"line":295},"12":{"name":"(anonymous_12)","decl":{"start":{"line":306,"column":60},"end":{"line":306,"column":62}},"loc":{"start":{"line":306,"column":62},"end":{"line":306,"column":null}},"line":306},"13":{"name":"(anonymous_13)","decl":{"start":{"line":359,"column":18},"end":{"line":359,"column":20}},"loc":{"start":{"line":359,"column":20},"end":{"line":359,"column":null}},"line":359},"14":{"name":"(anonymous_14)","decl":{"start":{"line":373,"column":22},"end":{"line":373,"column":24}},"loc":{"start":{"line":373,"column":24},"end":{"line":373,"column":null}},"line":373},"15":{"name":"(anonymous_15)","decl":{"start":{"line":384,"column":32},"end":{"line":384,"column":38}},"loc":{"start":{"line":384,"column":32},"end":{"line":384,"column":null}},"line":384},"16":{"name":"(anonymous_16)","decl":{"start":{"line":396,"column":25},"end":{"line":396,"column":31}},"loc":{"start":{"line":396,"column":25},"end":{"line":396,"column":null}},"line":396}},"branchMap":{"0":{"loc":{"start":{"line":58,"column":2},"end":{"line":58,"column":null}},"type":"if","locations":[{"start":{"line":58,"column":2},"end":{"line":58,"column":null}},{"start":{},"end":{}}],"line":58},"1":{"loc":{"start":{"line":80,"column":6},"end":{"line":80,"column":null}},"type":"cond-expr","locations":[{"start":{"line":80,"column":42},"end":{"line":80,"column":124}},{"start":{"line":80,"column":124},"end":{"line":80,"column":null}}],"line":80},"2":{"loc":{"start":{"line":83,"column":4},"end":{"line":83,"column":null}},"type":"cond-expr","locations":[{"start":{"line":83,"column":30},"end":{"line":83,"column":47}},{"start":{"line":83,"column":50},"end":{"line":83,"column":null}}],"line":83},"3":{"loc":{"start":{"line":119,"column":2},"end":{"line":119,"column":null}},"type":"if","locations":[{"start":{"line":119,"column":2},"end":{"line":119,"column":null}},{"start":{},"end":{}}],"line":119},"4":{"loc":{"start":{"line":137,"column":14},"end":{"line":137,"column":null}},"type":"binary-expr","locations":[{"start":{"line":137,"column":14},"end":{"line":137,"column":16}},{"start":{"line":137,"column":14},"end":{"line":137,"column":26}}],"line":137},"5":{"loc":{"start":{"line":139,"column":8},"end":{"line":143,"column":null}},"type":"binary-expr","locations":[{"start":{"line":139,"column":8},"end":{"line":139,"column":13}},{"start":{"line":139,"column":8},"end":{"line":143,"column":null}}],"line":139},"6":{"loc":{"start":{"line":146,"column":14},"end":{"line":146,"column":null}},"type":"binary-expr","locations":[{"start":{"line":146,"column":14},"end":{"line":146,"column":16}},{"start":{"line":146,"column":14},"end":{"line":146,"column":26}}],"line":146},"7":{"loc":{"start":{"line":159,"column":14},"end":{"line":159,"column":null}},"type":"binary-expr","locations":[{"start":{"line":159,"column":14},"end":{"line":159,"column":16}},{"start":{"line":159,"column":14},"end":{"line":159,"column":null}}],"line":159},"8":{"loc":{"start":{"line":161,"column":8},"end":{"line":165,"column":15}},"type":"binary-expr","locations":[{"start":{"line":161,"column":8},"end":{"line":161,"column":13}},{"start":{"line":161,"column":8},"end":{"line":165,"column":15}}],"line":161},"9":{"loc":{"start":{"line":168,"column":14},"end":{"line":168,"column":null}},"type":"binary-expr","locations":[{"start":{"line":168,"column":14},"end":{"line":168,"column":16}},{"start":{"line":168,"column":14},"end":{"line":168,"column":null}}],"line":168},"10":{"loc":{"start":{"line":170,"column":8},"end":{"line":174,"column":15}},"type":"binary-expr","locations":[{"start":{"line":170,"column":8},"end":{"line":170,"column":13}},{"start":{"line":170,"column":8},"end":{"line":174,"column":15}}],"line":170},"11":{"loc":{"start":{"line":181,"column":14},"end":{"line":181,"column":null}},"type":"binary-expr","locations":[{"start":{"line":181,"column":14},"end":{"line":181,"column":16}},{"start":{"line":181,"column":14},"end":{"line":181,"column":null}}],"line":181},"12":{"loc":{"start":{"line":183,"column":8},"end":{"line":187,"column":15}},"type":"binary-expr","locations":[{"start":{"line":183,"column":8},"end":{"line":183,"column":13}},{"start":{"line":183,"column":8},"end":{"line":187,"column":15}}],"line":183},"13":{"loc":{"start":{"line":193,"column":14},"end":{"line":193,"column":null}},"type":"binary-expr","locations":[{"start":{"line":193,"column":14},"end":{"line":193,"column":16}},{"start":{"line":193,"column":14},"end":{"line":193,"column":null}}],"line":193},"14":{"loc":{"start":{"line":195,"column":8},"end":{"line":199,"column":15}},"type":"binary-expr","locations":[{"start":{"line":195,"column":8},"end":{"line":195,"column":13}},{"start":{"line":195,"column":8},"end":{"line":199,"column":15}}],"line":195},"15":{"loc":{"start":{"line":204,"column":8},"end":{"line":208,"column":15}},"type":"binary-expr","locations":[{"start":{"line":204,"column":8},"end":{"line":204,"column":13}},{"start":{"line":204,"column":8},"end":{"line":208,"column":15}}],"line":204},"16":{"loc":{"start":{"line":211,"column":14},"end":{"line":211,"column":null}},"type":"binary-expr","locations":[{"start":{"line":211,"column":14},"end":{"line":211,"column":16}},{"start":{"line":211,"column":14},"end":{"line":211,"column":33}}],"line":211},"17":{"loc":{"start":{"line":213,"column":8},"end":{"line":217,"column":15}},"type":"binary-expr","locations":[{"start":{"line":213,"column":8},"end":{"line":213,"column":13}},{"start":{"line":213,"column":8},"end":{"line":217,"column":15}}],"line":213},"18":{"loc":{"start":{"line":259,"column":12},"end":{"line":222,"column":58}},"type":"binary-expr","locations":[{"start":{"line":259,"column":12},"end":{"line":259,"column":null}},{"start":{"line":259,"column":12},"end":{"line":222,"column":58}}],"line":259},"19":{"loc":{"start":{"line":233,"column":16},"end":{"line":225,"column":75}},"type":"binary-expr","locations":[{"start":{"line":233,"column":16},"end":{"line":233,"column":null}},{"start":{"line":233,"column":16},"end":{"line":225,"column":75}}],"line":233},"20":{"loc":{"start":{"line":227,"column":30},"end":{"line":227,"column":null}},"type":"binary-expr","locations":[{"start":{"line":227,"column":30},"end":{"line":227,"column":41}},{"start":{"line":227,"column":30},"end":{"line":227,"column":null}}],"line":227},"21":{"loc":{"start":{"line":243,"column":16},"end":{"line":235,"column":75}},"type":"binary-expr","locations":[{"start":{"line":243,"column":16},"end":{"line":243,"column":null}},{"start":{"line":243,"column":16},"end":{"line":235,"column":75}}],"line":243},"22":{"loc":{"start":{"line":237,"column":30},"end":{"line":237,"column":null}},"type":"binary-expr","locations":[{"start":{"line":237,"column":30},"end":{"line":237,"column":42}},{"start":{"line":237,"column":30},"end":{"line":237,"column":null}}],"line":237},"23":{"loc":{"start":{"line":247,"column":20},"end":{"line":247,"column":null}},"type":"binary-expr","locations":[{"start":{"line":247,"column":20},"end":{"line":247,"column":22}},{"start":{"line":247,"column":20},"end":{"line":247,"column":null}}],"line":247},"24":{"loc":{"start":{"line":300,"column":12},"end":{"line":264,"column":56}},"type":"binary-expr","locations":[{"start":{"line":300,"column":12},"end":{"line":300,"column":null}},{"start":{"line":300,"column":12},"end":{"line":264,"column":56}}],"line":300},"25":{"loc":{"start":{"line":270,"column":12},"end":{"line":274,"column":19}},"type":"binary-expr","locations":[{"start":{"line":270,"column":12},"end":{"line":270,"column":17}},{"start":{"line":270,"column":12},"end":{"line":274,"column":19}}],"line":270},"26":{"loc":{"start":{"line":279,"column":12},"end":{"line":283,"column":19}},"type":"binary-expr","locations":[{"start":{"line":279,"column":12},"end":{"line":279,"column":17}},{"start":{"line":279,"column":12},"end":{"line":283,"column":19}}],"line":279},"27":{"loc":{"start":{"line":288,"column":12},"end":{"line":292,"column":19}},"type":"binary-expr","locations":[{"start":{"line":288,"column":12},"end":{"line":288,"column":17}},{"start":{"line":288,"column":12},"end":{"line":292,"column":19}}],"line":288},"28":{"loc":{"start":{"line":295,"column":18},"end":{"line":295,"column":null}},"type":"binary-expr","locations":[{"start":{"line":295,"column":18},"end":{"line":295,"column":20}},{"start":{"line":295,"column":18},"end":{"line":295,"column":null}}],"line":295},"29":{"loc":{"start":{"line":311,"column":12},"end":{"line":305,"column":43}},"type":"binary-expr","locations":[{"start":{"line":311,"column":12},"end":{"line":311,"column":null}},{"start":{"line":311,"column":12},"end":{"line":305,"column":43}}],"line":311},"30":{"loc":{"start":{"line":306,"column":60},"end":{"line":306,"column":null}},"type":"binary-expr","locations":[{"start":{"line":306,"column":60},"end":{"line":306,"column":62}},{"start":{"line":306,"column":60},"end":{"line":306,"column":null}}],"line":306},"31":{"loc":{"start":{"line":307,"column":10},"end":{"line":313,"column":11}},"type":"binary-expr","locations":[{"start":{"line":307,"column":10},"end":{"line":307,"column":15}},{"start":{"line":307,"column":10},"end":{"line":313,"column":11}}],"line":307},"32":{"loc":{"start":{"line":326,"column":14},"end":{"line":315,"column":70}},"type":"binary-expr","locations":[{"start":{"line":326,"column":14},"end":{"line":326,"column":null}},{"start":{"line":326,"column":14},"end":{"line":315,"column":70}}],"line":326},"33":{"loc":{"start":{"line":322,"column":64},"end":{"line":322,"column":177}},"type":"binary-expr","locations":[{"start":{"line":322,"column":64},"end":{"line":322,"column":104}},{"start":{"line":322,"column":104},"end":{"line":322,"column":142}},{"start":{"line":322,"column":142},"end":{"line":322,"column":177}}],"line":322},"34":{"loc":{"start":{"line":340,"column":14},"end":{"line":329,"column":70}},"type":"binary-expr","locations":[{"start":{"line":340,"column":14},"end":{"line":340,"column":null}},{"start":{"line":340,"column":14},"end":{"line":329,"column":70}}],"line":340},"35":{"loc":{"start":{"line":343,"column":10},"end":{"line":343,"column":70}},"type":"binary-expr","locations":[{"start":{"line":343,"column":10},"end":{"line":343,"column":14}},{"start":{"line":343,"column":10},"end":{"line":343,"column":70}}],"line":343},"36":{"loc":{"start":{"line":357,"column":18},"end":{"line":362,"column":19}},"type":"cond-expr","locations":[{"start":{"line":357,"column":33},"end":{"line":360,"column":null}},{"start":{"line":362,"column":10},"end":{"line":362,"column":19}}],"line":357},"37":{"loc":{"start":{"line":359,"column":18},"end":{"line":359,"column":null}},"type":"binary-expr","locations":[{"start":{"line":359,"column":18},"end":{"line":359,"column":20}},{"start":{"line":359,"column":18},"end":{"line":359,"column":null}}],"line":359},"38":{"loc":{"start":{"line":402,"column":14},"end":{"line":366,"column":70}},"type":"binary-expr","locations":[{"start":{"line":402,"column":14},"end":{"line":402,"column":null}},{"start":{"line":402,"column":14},"end":{"line":366,"column":70}}],"line":402},"39":{"loc":{"start":{"line":380,"column":18},"end":{"line":369,"column":61}},"type":"binary-expr","locations":[{"start":{"line":380,"column":18},"end":{"line":380,"column":null}},{"start":{"line":380,"column":18},"end":{"line":369,"column":61}}],"line":380},"40":{"loc":{"start":{"line":372,"column":24},"end":{"line":372,"column":null}},"type":"cond-expr","locations":[{"start":{"line":372,"column":47},"end":{"line":372,"column":null}},{"start":{"line":372,"column":47},"end":{"line":372,"column":null}}],"line":372},"41":{"loc":{"start":{"line":373,"column":22},"end":{"line":373,"column":null}},"type":"binary-expr","locations":[{"start":{"line":373,"column":22},"end":{"line":373,"column":24}},{"start":{"line":373,"column":22},"end":{"line":373,"column":null}}],"line":373},"42":{"loc":{"start":{"line":382,"column":14},"end":{"line":382,"column":74}},"type":"binary-expr","locations":[{"start":{"line":382,"column":14},"end":{"line":382,"column":21}},{"start":{"line":382,"column":14},"end":{"line":382,"column":74}}],"line":382},"43":{"loc":{"start":{"line":384,"column":32},"end":{"line":384,"column":null}},"type":"binary-expr","locations":[{"start":{"line":384,"column":32},"end":{"line":384,"column":38}},{"start":{"line":384,"column":32},"end":{"line":384,"column":null}}],"line":384},"44":{"loc":{"start":{"line":400,"column":18},"end":{"line":394,"column":74}},"type":"binary-expr","locations":[{"start":{"line":400,"column":18},"end":{"line":400,"column":null}},{"start":{"line":400,"column":18},"end":{"line":394,"column":74}}],"line":400},"45":{"loc":{"start":{"line":396,"column":25},"end":{"line":396,"column":null}},"type":"binary-expr","locations":[{"start":{"line":396,"column":25},"end":{"line":396,"column":31}},{"start":{"line":396,"column":25},"end":{"line":396,"column":null}}],"line":396}},"s":{"0":54,"1":0,"2":0,"3":54,"4":54,"5":54,"6":54,"7":54,"8":54,"9":54,"10":54,"11":2,"12":2,"13":2,"14":2,"15":2,"16":1,"17":1,"18":1,"19":1,"20":1,"21":1,"22":0,"23":1,"24":1,"25":2,"26":2,"27":2,"28":2,"29":2,"30":2,"31":2,"32":82,"33":2,"34":62,"35":2,"36":0,"37":1,"38":2,"39":2,"40":2,"41":2,"42":0,"43":2,"44":1,"45":2,"46":2,"47":2,"48":2,"49":2,"50":2,"51":2,"52":2,"53":2,"54":2,"55":2,"56":2,"57":2,"58":2,"59":2,"60":2,"61":2,"62":2,"63":1,"64":1,"65":1,"66":1,"67":1,"68":1,"69":1,"70":0,"71":0,"72":1,"73":1,"74":1,"75":1,"76":1,"77":1,"78":1,"79":1,"80":1,"81":1,"82":1,"83":1},"f":{"0":1,"1":1,"2":1,"3":1,"4":1,"5":1,"6":1,"7":1,"8":0,"9":0,"10":1,"11":1,"12":1,"13":1,"14":1,"15":1,"16":1},"b":{"0":[1,1],"1":[0,2],"2":[2,0],"3":[0,2],"4":[94,54],"5":[94,54],"6":[94,54],"7":[94,54],"8":[94,54],"9":[94,54],"10":[94,54],"11":[94,54],"12":[94,54],"13":[94,54],"14":[94,54],"15":[94,54],"16":[94,54],"17":[94,54],"18":[6,4],"19":[6,4],"20":[6,4],"21":[6,4],"22":[6,4],"23":[6,4],"24":[8,8],"25":[8,8],"26":[8,8],"27":[8,8],"28":[8,8],"29":[19,12],"30":[19,12],"31":[19,12],"32":[19,12],"33":[589,19,18],"34":[19,12],"35":[19,12],"36":[2,17],"37":[2,2],"38":[19,12],"39":[19,12],"40":[18,1],"41":[19,12],"42":[19,12],"43":[19,12],"44":[19,12],"45":[19,12]},"meta":{"lastBranch":46,"lastFunction":17,"lastStatement":84,"seen":{"s:6:6:6:29":0,"s:9:20:9:64":1,"s:10:2:10:Infinity":2,"s:13:24:17:Infinity":3,"s:19:20:30:Infinity":4,"s:32:18:41:Infinity":5,"s:43:6:43:31":6,"s:44:6:44:33":7,"s:45:6:45:37":8,"s:47:6:47:44":9,"s:48:6:48:46":10,"s:51:2:51:Infinity":11,"s:52:2:52:Infinity":12,"s:53:2:53:Infinity":13,"s:57:24:57:64":14,"b:58:2:58:Infinity:undefined:undefined:undefined:undefined":0,"s:58:2:58:Infinity":15,"s:58:22:58:Infinity":16,"s:61:19:64:Infinity":17,"s:66:17:66:43":18,"s:67:4:67:Infinity":19,"s:68:4:68:Infinity":20,"s:69:4:69:Infinity":21,"s:71:4:71:Infinity":22,"s:73:2:73:Infinity":23,"b:80:42:80:124:80:124:80:Infinity":1,"b:83:30:83:47:83:50:83:Infinity":2,"f:84:19:84:23":0,"s:84:28:84:49":24,"s:87:15:87:Infinity":25,"s:88:15:88:41":26,"s:89:2:89:Infinity":27,"s:90:2:90:Infinity":28,"s:91:2:91:Infinity":29,"s:95:18:95:Infinity":30,"s:96:15:96:18":31,"s:97:4:97:Infinity":32,"s:99:15:99:18":33,"s:100:4:100:Infinity":34,"s:102:2:102:Infinity":35,"s:107:4:107:Infinity":36,"s:109:2:109:Infinity":37,"s:113:2:113:Infinity":38,"s:117:16:117:Infinity":39,"s:118:15:118:Infinity":40,"b:119:2:119:Infinity:undefined:undefined:undefined:undefined":3,"s:119:2:119:Infinity":41,"s:119:13:119:Infinity":42,"s:121:17:121:32":43,"s:123:4:123:Infinity":44,"s:125:2:125:Infinity":45,"s:132:7:132:79":46,"s:133:9:133:54":47,"s:156:9:156:54":48,"s:177:9:177:54":49,"s:190:9:190:45":50,"s:221:11:221:47":51,"s:223:13:223:30":52,"s:244:15:244:38":53,"s:263:11:263:47":54,"s:265:13:265:30":55,"s:304:11:304:65":56,"s:313:11:313:32":57,"s:316:15:316:45":58,"s:330:15:330:45":59,"s:367:15:367:32":60,"s:368:17:368:58":61,"s:391:20:391:49":62,"b:137:14:137:16:137:14:137:26":4,"f:137:14:137:16":1,"s:137:16:137:26":63,"b:139:8:139:13:139:8:143:Infinity":5,"b:146:14:146:16:146:14:146:26":6,"f:146:14:146:16":2,"s:146:16:146:26":64,"b:159:14:159:16:159:14:159:Infinity":7,"f:159:14:159:16":3,"s:159:
[...]
umn":6},"end":{"line":512,"column":null}},"192":{"start":{"line":515,"column":4},"end":{"line":515,"column":null}},"193":{"start":{"line":519,"column":6},"end":{"line":522,"column":null}},"194":{"start":{"line":520,"column":8},"end":{"line":520,"column":null}},"195":{"start":{"line":521,"column":8},"end":{"line":521,"column":null}},"196":{"start":{"line":527,"column":20},"end":{"line":527,"column":64}},"197":{"start":{"line":527,"column":45},"end":{"line":527,"column":64}},"198":{"start":{"line":530,"column":8},"end":{"line":530,"column":null}},"199":{"start":{"line":533,"column":8},"end":{"line":533,"column":null}},"200":{"start":{"line":540,"column":6},"end":{"line":540,"column":null}},"201":{"start":{"line":541,"column":6},"end":{"line":541,"column":null}},"202":{"start":{"line":543,"column":4},"end":{"line":543,"column":null}},"203":{"start":{"line":544,"column":4},"end":{"line":544,"column":null}},"204":{"start":{"line":548,"column":4},"end":{"line":553,"column":null}},"205":{"start":{"line":558,"column":2},"end":{"line":562,"column":null}},"206":{"start":{"line":558,"column":14},"end":{"line":558,"column":43}},"207":{"start":{"line":560,"column":6},"end":{"line":560,"column":null}},"208":{"start":{"line":564,"column":2},"end":{"line":612,"column":null}}},"fnMap":{"0":{"name":"(anonymous_0)","decl":{"start":{"line":5,"column":42},"end":{"line":5,"column":58}},"loc":{"start":{"line":5,"column":58},"end":{"line":613,"column":null}},"line":5},"1":{"name":"(anonymous_1)","decl":{"start":{"line":53,"column":26},"end":{"line":53,"column":41}},"loc":{"start":{"line":53,"column":41},"end":{"line":58,"column":null}},"line":53},"2":{"name":"(anonymous_2)","decl":{"start":{"line":55,"column":28},"end":{"line":55,"column":33}},"loc":{"start":{"line":55,"column":38},"end":{"line":55,"column":75}},"line":55},"3":{"name":"(anonymous_3)","decl":{"start":{"line":60,"column":27},"end":{"line":60,"column":null}},"loc":{"start":{"line":61,"column":4},"end":{"line":61,"column":71}},"line":61},"4":{"name":"(anonymous_4)","decl":{"start":{"line":61,"column":19},"end":{"line":61,"column":26}},"loc":{"start":{"line":61,"column":31},"end":{"line":61,"column":70}},"line":61},"5":{"name":"(anonymous_5)","decl":{"start":{"line":64,"column":20},"end":{"line":64,"column":null}},"loc":{"start":{"line":65,"column":4},"end":{"line":67,"column":null}},"line":65},"6":{"name":"(anonymous_6)","decl":{"start":{"line":66,"column":35},"end":{"line":66,"column":39}},"loc":{"start":{"line":66,"column":44},"end":{"line":66,"column":53}},"line":66},"7":{"name":"(anonymous_7)","decl":{"start":{"line":78,"column":33},"end":{"line":78,"column":43}},"loc":{"start":{"line":78,"column":48},"end":{"line":78,"column":60}},"line":78},"8":{"name":"(anonymous_8)","decl":{"start":{"line":81,"column":58},"end":{"line":81,"column":65}},"loc":{"start":{"line":81,"column":72},"end":{"line":81,"column":83}},"line":81},"9":{"name":"(anonymous_9)","decl":{"start":{"line":89,"column":36},"end":{"line":89,"column":43}},"loc":{"start":{"line":89,"column":54},"end":{"line":89,"column":87}},"line":89},"10":{"name":"(anonymous_10)","decl":{"start":{"line":96,"column":35},"end":{"line":96,"column":40}},"loc":{"start":{"line":96,"column":45},"end":{"line":96,"column":57}},"line":96},"11":{"name":"(anonymous_11)","decl":{"start":{"line":112,"column":35},"end":{"line":112,"column":40}},"loc":{"start":{"line":112,"column":45},"end":{"line":112,"column":57}},"line":112},"12":{"name":"(anonymous_12)","decl":{"start":{"line":130,"column":43},"end":{"line":130,"column":60}},"loc":{"start":{"line":130,"column":60},"end":{"line":132,"column":15}},"line":130},"13":{"name":"(anonymous_13)","decl":{"start":{"line":139,"column":35},"end":{"line":139,"column":40}},"loc":{"start":{"line":139,"column":45},"end":{"line":139,"column":57}},"line":139},"14":{"name":"(anonymous_14)","decl":{"start":{"line":160,"column":40},"end":{"line":160,"column":57}},"loc":{"start":{"line":160,"column":57},"end":{"line":162,"column":15}},"line":160},"15":{"name":"(anonymous_15)","decl":{"start":{"line":173,"column":29},"end":{"line":173,"column":37}},"loc":{"start":{"line":173,"column":50},"end":{"line":178,"column":null}},"line":173},"16":{"name":"(anonymous_16)","decl":{"start":{"line":174,"column":37},"end":{"line":174,"column":42}},"loc":{"start":{"line":174,"column":47},"end":{"line":174,"column":66}},"line":174},"17":{"name":"(anonymous_17)","decl":{"start":{"line":186,"column":29},"end":{"line":186,"column":37}},"loc":{"start":{"line":186,"column":50},"end":{"line":191,"column":null}},"line":186},"18":{"name":"(anonymous_18)","decl":{"start":{"line":187,"column":37},"end":{"line":187,"column":42}},"loc":{"start":{"line":187,"column":47},"end":{"line":187,"column":66}},"line":187},"19":{"name":"(anonymous_19)","decl":{"start":{"line":206,"column":31},"end":{"line":206,"column":39}},"loc":{"start":{"line":206,"column":52},"end":{"line":217,"column":null}},"line":206},"20":{"name":"(anonymous_20)","decl":{"start":{"line":207,"column":39},"end":{"line":207,"column":44}},"loc":{"start":{"line":207,"column":49},"end":{"line":207,"column":68}},"line":207},"21":{"name":"(anonymous_21)","decl":{"start":{"line":221,"column":36},"end":{"line":221,"column":53}},"loc":{"start":{"line":221,"column":53},"end":{"line":223,"column":15}},"line":221},"22":{"name":"(anonymous_22)","decl":{"start":{"line":282,"column":35},"end":{"line":282,"column":40}},"loc":{"start":{"line":282,"column":45},"end":{"line":282,"column":57}},"line":282},"23":{"name":"(anonymous_23)","decl":{"start":{"line":290,"column":29},"end":{"line":290,"column":37}},"loc":{"start":{"line":290,"column":43},"end":{"line":290,"column":59}},"line":290},"24":{"name":"(anonymous_24)","decl":{"start":{"line":294,"column":35},"end":{"line":294,"column":40}},"loc":{"start":{"line":294,"column":45},"end":{"line":294,"column":57}},"line":294},"25":{"name":"(anonymous_25)","decl":{"start":{"line":297,"column":37},"end":{"line":297,"column":41}},"loc":{"start":{"line":297,"column":46},"end":{"line":297,"column":55}},"line":297},"26":{"name":"(anonymous_26)","decl":{"start":{"line":305,"column":29},"end":{"line":305,"column":37}},"loc":{"start":{"line":305,"column":43},"end":{"line":305,"column":57}},"line":305},"27":{"name":"(anonymous_27)","decl":{"start":{"line":309,"column":35},"end":{"line":309,"column":40}},"loc":{"start":{"line":309,"column":45},"end":{"line":309,"column":57}},"line":309},"28":{"name":"(anonymous_28)","decl":{"start":{"line":317,"column":29},"end":{"line":317,"column":37}},"loc":{"start":{"line":317,"column":43},"end":{"line":317,"column":53}},"line":317},"29":{"name":"(anonymous_29)","decl":{"start":{"line":321,"column":35},"end":{"line":321,"column":40}},"loc":{"start":{"line":321,"column":45},"end":{"line":321,"column":57}},"line":321},"30":{"name":"(anonymous_30)","decl":{"start":{"line":329,"column":29},"end":{"line":329,"column":37}},"loc":{"start":{"line":329,"column":43},"end":{"line":329,"column":55}},"line":329},"31":{"name":"(anonymous_31)","decl":{"start":{"line":333,"column":35},"end":{"line":333,"column":40}},"loc":{"start":{"line":333,"column":45},"end":{"line":333,"column":57}},"line":333},"32":{"name":"(anonymous_32)","decl":{"start":{"line":350,"column":29},"end":{"line":350,"column":37}},"loc":{"start":{"line":350,"column":43},"end":{"line":363,"column":null}},"line":350},"33":{"name":"(anonymous_33)","decl":{"start":{"line":351,"column":37},"end":{"line":351,"column":42}},"loc":{"start":{"line":351,"column":47},"end":{"line":351,"column":59}},"line":351},"34":{"name":"(anonymous_34)","decl":{"start":{"line":519,"column":34},"end":{"line":519,"column":51}},"loc":{"start":{"line":519,"column":51},"end":{"line":522,"column":17}},"line":519},"35":{"name":"(anonymous_35)","decl":{"start":{"line":527,"column":35},"end":{"line":527,"column":40}},"loc":{"start":{"line":527,"column":45},"end":{"line":527,"column":64}},"line":527},"36":{"name":"(anonymous_36)","decl":{"start":{"line":558,"column":2},"end":{"line":558,"column":14}},"loc":{"start":{"line":558,"column":14},"end":{"line":558,"column":43}},"line":558},"37":{"name":"(anonymous_37)","decl":{"start":{"line":558,"column":29},"end":{"line":558,"column":43}},"loc":{"start":{"line":558,"column":43},"end":{"line":562,"column":7}},"line":558}},"branchMap":{"0":{"loc":{"start":{"line":65,"column":4},"end":{"line":67,"column":null}},"type":"cond-expr","locations":[{"start":{"line":66,"column":8},"end":{"line":66,"column":54}},{"start":{"line":67,"column":8},"end":{"line":67,"column":null}}],"line":65},"1":{"loc":{"start":{"line":99,"column":10},"end":{"line":99,"column":62}},"type":"binary-expr","locations":[{"start":{"line":99,"column":10},"end":{"line":99,"column":37}},{"start":{"line":99,"column":37},"end":{"line":99,"column":62}}],"line":99},"2":{"loc":{"start":{"line":149,"column":10},"end":{"line":149,"column":113}},"type":"binary-expr","locations":[{"start":{"line":149,"column":10},"end":{"line":149,"column":62}},{"start":{"line":149,"column":62},"end":{"line":149,"column":113}}],"line":149},"3":{"loc":{"start":{"line":200,"column":10},"end":{"line":200,"column":77}},"type":"binary-expr","locations":[{"start":{"line":200,"column":10},"end":{"line":200,"column":35}},{"start":{"line":200,"column":35},"end":{"line":200,"column":77}}],"line":200},"4":{"loc":{"start":{"line":208,"column":12},"end":{"line":208,"column":61}},"type":"binary-expr","locations":[{"start":{"line":208,"column":12},"end":{"line":208,"column":23}},{"start":{"line":208,"column":23},"end":{"line":208,"column":61}}],"line":208},"5":{"loc":{"start":{"line":296,"column":24},"end":{"line":298,"column":null}},"type":"cond-expr","locations":[{"start":{"line":297,"column":10},"end":{"line":297,"column":56}},{"start":{"line":298,"column":10},"end":{"line":298,"column":null}}],"line":296},"6":{"loc":{"start":{"line":368,"column":23},"end":{"line":368,"column":46}},"type":"default-arg","locations":[{"start":{"line":368,"column":35},"end":{"line":368,"column":46}}],"line":368},"7":{"loc":{"start":{"line":445,"column":12},"end":{"line":445,"column":37}},"type":"binary-expr","locations":[{"start":{"line":445,"column":12},"end":{"line":445,"column":21}},{"start":{"line":445,"column":21},"end":{"line":445,"column":37}}],"line":445},"8":{"loc":{"start":{"line":465,"column":10},"end":{"line":465,"column":35}},"type":"binary-expr","locations":[{"start":{"line":465,"column":10},"end":{"line":465,"column":19}},{"start":{"line":465,"column":19},"end":{"line":465,"column":35}}],"line":465},"9":{"loc":{"start":{"line":476,"column":12},"end":{"line":476,"column":37}},"type":"binary-expr","locations":[{"start":{"line":476,"column":12},"end":{"line":476,"column":21}},{"start":{"line":476,"column":21},"end":{"line":476,"column":37}}],"line":476},"10":{"loc":{"start":{"line":496,"column":10},"end":{"line":496,"column":35}},"type":"binary-expr","locations":[{"start":{"line":496,"column":10},"end":{"line":496,"column":19}},{"start":{"line":496,"column":19},"end":{"line":496,"column":35}}],"line":496},"11":{"loc":{"start":{"line":509,"column":50},"end":{"line":509,"column":66}},"type":"default-arg","locations":[{"start":{"line":509,"column":60},"end":{"line":509,"column":66}}],"line":509},"12":{"loc":{"start":{"line":511,"column":8},"end":{"line":511,"column":52}},"type":"binary-expr","locations":[{"start":{"line":511,"column":8},"end":{"line":511,"column":32}},{"start":{"line":511,"column":32},"end":{"line":511,"column":52}}],"line":511}},"s":{"0":7,"1":191,"2":191,"3":191,"4":191,"5":191,"6":191,"7":191,"8":191,"9":191,"10":191,"11":191,"12":191,"13":191,"14":191,"15":191,"16":191,"17":191,"18":1,"19":1,"20":3,"21":191,"22":7,"23":10,"24":191,"25":115,"26":1508,"27":107,"28":107,"29":107,"30":107,"31":2,"32":1,"33":1,"34":1,"35":1,"36":1,"37":6,"38":6,"39":5,"40":6,"41":6,"42":9,"43":10,"44":9,"45":9,"46":9,"47":1,"48":1,"49":1,"50":1,"51":0,"52":0,"53":0,"54":0,"55":0,"56":2,"57":2,"58":2,"59":2,"60":2,"61":2,"62":2,"63":2,"64":2,"65":0,"66":2,"67":0,"68":0,"69":0,"70":0,"71":0,"72":0,"73":0,"74":0,"75":0,"76":0,"77":0,"78":0,"79":0,"80":0,"81":0,"82":0,"83":0,"84":0,"85":0,"86":0,"87":0,"88":0,"89":0,"90":0,"91":0,"92":2,"93":2,"94":0,"95":0,"96":0,"97":0,"98":1,"99":7,"100":4,"101":3,"102":1,"103":2,"104":25,"105":3,"106":2,"107":2,"108":2,"109":1,"110":1,"111":3,"112":4,"113":2,"114":4,"115":2,"116":2,"117":1,"118":1,"119":2,"120":2,"121":2,"122":2,"123":1,"124":1,"125":2,"126":4,"127":2,"128":2,"129":1,"130":1,"131":2,"132":1,"133":1,"134":1,"135":1,"136":1,"137":2,"138":2,"139":3,"140":1,"141":1,"142":1,"143":1,"144":2,"145":2,"146":327,"147":9,"148":9,"149":327,"150":327,"151":327,"152":327,"153":327,"154":0,"155":0,"156":327,"157":327,"158":327,"159":327,"160":327,"161":327,"162":0,"163":0,"164":0,"165":0,"166":0,"167":0,"168":0,"169":0,"170":5,"171":5,"172":5,"173":5,"174":0,"175":0,"176":0,"177":0,"178":0,"179":4,"180":4,"181":4,"182":4,"183":0,"184":0,"185":0,"186":0,"187":0,"188":2,"189":2,"190":2,"191":0,"192":11,"193":11,"194":0,"195":0,"196":2,"197":2,"198":2,"199":2,"200":0,"201":0,"202":0,"203":0,"204":0,"205":191,"206":289,"207":191,"208":191},"f":{"0":191,"1":4,"2":1,"3":7,"4":10,"5":115,"6":1508,"7":1,"8":1,"9":5,"10":10,"11":1,"12":0,"13":2,"14":0,"15":0,"16":0,"17":0,"18":0,"19":0,"20":0,"21":0,"22":2,"23":1,"24":4,"25":4,"26":1,"27":2,"28":1,"29":4,"30":1,"31":1,"32":3,"33":1,"34":0,"35":2,"36":289,"37":280},"b":{"0":[74,41],"1":[9,0],"2":[2,0],"3":[0,0],"4":[0,0],"5":[2,0],"6":[327],"7":[5,5],"8":[0,0],"9":[4,4],"10":[0,0],"11":[11],"12":[11,0]},"meta":{"lastBranch":13,"lastFunction":38,"lastStatement":209,"seen":{"s:5:13:613:Infinity":0,"f:5:42:5:58":0,"s:6:8:15:4":1,"s:17:8:17:37":2,"s:18:8:18:46":3,"s:19:8:19:41":4,"s:20:8:20:30":5,"s:23:8:23:49":6,"s:24:8:24:47":7,"s:25:8:25:64":8,"s:26:25:26:Infinity":9,"s:29:8:29:43":10,"s:30:8:30:86":11,"s:31:8:34:4":12,"s:37:8:40:4":13,"s:43:8:43:54":14,"s:44:8:44:51":15,"s:47:8:51:4":16,"s:53:8:58:Infinity":17,"f:53:26:53:41":1,"s:55:6:55:Infinity":18,"f:55:28:55:33":2,"s:55:38:55:75":19,"s:57:4:57:Infinity":20,"s:60:8:61:Infinity":21,"f:60:27:60:Infinity":3,"s:61:4:61:71":22,"f:61:19:61:26":4,"s:61:31:61:70":23,"s:64:8:67:Infinity":24,"f:64:20:64:Infinity":5,"s:65:4:67:Infinity":25,"b:66:8:66:54:67:8:67:Infinity":0,"f:66:35:66:39":6,"s:66:44:66:53":26,"s:71:4:71:Infinity":27,"s:72:4:72:Infinity":28,"s:73:4:73:Infinity":29,"s:74:4:74:Infinity":30,"s:78:18:78:60":31,"f:78:33:78:43":7,"s:78:48:78:60":32,"s:80:6:80:Infinity":33,"s:81:6:81:Infinity":34,"f:81:58:81:65":8,"s:81:72:81:83":35,"s:82:6:82:Infinity":36,"s:87:24:87:53":37,"s:89:4:89:Infinity":38,"f:89:36:89:43":9,"s:89:54:89:87":39,"s:91:4:91:Infinity":40,"s:92:4:92:Infinity":41,"s:96:20:96:57":42,"f:96:35:96:40":10,"s:96:45:96:57":43,"b:99:10:99:37:99:37:99:62":1,"s:101:10:101:Infinity":44,"s:105:6:105:Infinity":45,"s:106:6:106:Infinity":46,"s:112:20:112:57":47,"f:112:35:112:40":11,"s:112:45:112:57":48,"s:115:32:115:Infinity":49,"s:118:27:118:73":50,"s:121:8:121:Infinity":51,"s:124:8:124:Infinity":52,"s:128:10:128:Infinity":53,"s:130:8:132:Infinity":54,"f:130:43:130:60":12,"s:131:10:131:Infinity":55,"s:139:20:139:57":56,"f:139:35:139:40":13,"s:139:45:139:57":57,"s:142:29:142:Infinity":58,"s:143:30:143:Infinity":59,"s:146:24:146:64":60,"s:147:25:147:67":61,"b:149:10:149:62:149:62:149:113":2,"s:151:8:151:Infinity":62,"s:153:8:153:Infinity":63,"s:154:8:154:Infinity":64,"s:158:10:158:Infinity":65,"s:160:8:162:Infinity":66,"f:160:40:160:57":14,"s:161:10:161:Infinity":67,"s:169:4:169:Infinity":68,"s:170:4:170:Infinity":69,"s:173:4:178:Infinity":70,"f:173:29:173:37":15,"s:174:22:174:66":71,"f:174:37:174:42":16,"s:174:47:174:66":72,"s:176:8:176:Infinity":73,"s:183:4:183:Infinity":74,"s:186:4:191:Infinity":75,"f:186:29:186:37":17,"s:187:22:187:66":76,"f:187:37:187:42":18,"s:187:47:187:66":77,"s:189:8:189:Infinity":78,"s:196:30:196:Infinity":79,"s:197:25:197:79":80,"b:200:10:200:35:200:35:200:77":3,"s:201:8:201:Infinity":81,"s:202:8:202:Infinity":82,"s:206:6:217:Infinity":83,"f:206:31:206:39":19,"s:207:24:207:68":84,"f:207:39:207:44":20,"s:207:49:207:68":85,"b:208:12:208:23:208:23:208:61":4,"s:209:32:209:70":86,"s:210:32:213:Infinity":87,"s:214:30:214:Infinity":88,"s:215:10:215:Infinity":89,"s:221:8:223:Infinity":90,"f:221:36:221:53":21,"s:222:10:222:Infinity":91,"s:230:4:230:Infinity":92,"s:231:4:231:Infinity":93,"s:237:6:237:Infinity":94,"s:240:6:240:Infinity":95,"s:247:6:247:Infinity":96,"s:250:6:250:Infinity":97,"s:256:6:256:Infinity":98,"s:258:6:258:Infinity":99,"s:263:18:263:54":100,"s:265:6:265:Infinity":101,"s:267:6:267:Infinity":102,"s:273:6:273:Infinity":103,"s:278:4:278:Infinity":104,"s:282:20:282:57":105,"f:282:35:282:40":22,"s:282:45:282:57":106,"s:284:6:284:Infinity":107,"s:285:6:285:Infinity":108,"s:290:4:290:Infinity":109,"f:290:29:290:37":23,"s:290:43:290:59":110,"s:294:20:294:57":111,"f:294:35:294:40":24,"s:294:45:294:57":112,"s:296:24:298:Infinity":113,"b:297:10:297:56:298:10:298:Infinity":5,"f:297:37:297:41":25,"s:297:46:297:55":114,"s:299:6:299:Infinity":115,"s:300:6:300:Infinity":116,"s:305:4:305:Infinity":117,"f:305:29:305:37":26,"s:305:43:305:57":118,"s:309:20:309:57":119,"f:309:35:309:40":27,"s:309:45:309:57":120,"s:311:6:311:Infinity":121,"s:312:6:312:Infinity":122,"s:317:4:317:Infinity":123,"f:317:29:317:37":28,"s:317:43:317:53":124,"s:321:20:321:57":125,"f:321:35:321:40":29,"s:321:45:321:57":126,"s:323:6:323:Infinity":127,"s:324:6:324:Infinity":128,"s:329:4:329:Infinity":129,"f:329:29:329:37":30,"s:329:43:329:55":130,"s:333:20:333:57":131,"f:333:35:333:40":31,"s:333:45:333:57":132,"s:335:34:341:Infinity":133,"s:342:6:342:Infinity":134,"s:343:6:343:Infinity":135,"s:344:6:344:Infinity":136,"s:349:29:349:31":137,"s:350:4:363:Infinity":138,"f:350:29:350:37":32,"s:351:22:351:59":139,"f:351:37:351:42":33,"s:351:47:351:59":140,"s:353:36:359:Infinity":141,"s:360:8:360:Infinity":142,"s:361:8:361:Infinity":143,"s:364:4:364:Infinity":144,"s:365:4:365:Infinity":145,"b:368:35:368:46":6,"s:369:22:369:39":146,"s:374:8:374:Infinity":147,"s:375:8:375:Infinity":148,"s:379:6:379:Infinity":149,"s:384:8:384:Infinity":150,"s:387:8:387:Infinity":151,"s:390:6:393:Infinity":152,"s:395:6:395:Infinity":153,"s:399:8:399:Infinity":154,"s:400:8:400:Infinity":155,"s:404:6:404:Infinity":156,"s:407:22:407:39":157,"s:408:28:408:Infinity":158,"s:409:6:409:Infinity":159,"s:410:6:412:Infinity":160,"s:413:6:413:Infinity":161,"s:416:6:416:Infinity":162,"s:418:6:418:Infinity":163,"s:424:6:424:Infinity":164,"s:425:6:428:Infinity":165,"s:429:6:429:Infinity":166,"s:432:8:432:Infinity":167,"s:433:8:433:Infinity":168,"s:436:6:436:Infinity":169,"s:443:8:443:Infinity":170,"s:444:22:444:Infinity":171,"b:445:12:445:21:445:21:445:37":7,"s:448:12:448:Infinity":172,"s:451:12:451:Infinity":173,"s:456:6:456:Infinity":174,"s:457:6:457:Infinity":175,"s:463:6:463:Infinity":176,"s:464:20:464:Infinity":177,"b:465:10:465:19:465:19:465:35":8,"s:466:8:466:Infinity":178,"s:474:8:474:Infinity":179,"s:475:22:475:Infinity":180,"b:476:12:476:21:476:21:476:37":9,"s:479:12:479:Infinity":181,"s:482:12:482:Infinity":182,"s:487:6:487:Infinity":183,"s:488:6:488:Infinity":184,"s:494:6:494:Infinity":185,"s:495:20:495:Infinity":186,"b:496:10:496:19:496:19:496:35":10,"s:497:8:497:Infinity":187,"s:503:4:503:Infinity":188,"s:504:4:504:Infinity":189,"s:505:4:505:Infinity":190,"b:509:60:509:66":11,"b:511:8:511:32:511:32:511:52":12,"s:512:6:512:Infinity":191,"s:515:4:515:Infinity":192,"s:519:6:522:Infinity":193,"f:519:34:519:51":34,"s:520:8:520:Infinity":194,"s:521:8:521:Infinity":195,"s:527:20:527:64":196,"f:527:35:527:40":35,"s:527:45:527:64":197,"s:530:8:530:Infinity":198,"s:533:8:533:Infinity":199,"s:540:6:540:Infinity":200,"s:541:6:541:Infinity":201,"s:543:4:543:Infinity":202,"s:544:4:544:Infinity":203,"s:548:4:553:Infinity":204,"s:558:2:562:Infinity":205,"f:558:2:558:14":36,"s:558:14:558:43":206,"f:558:29:558:43":37,"s:560:6:560:Infinity":207,"s:564:2:612:Infinity":208}}}
}
