{"/Users/wangqi/projects/mipa-draw/src/App.vue": {"path":"/Users/wangqi/projects/mipa-draw/src/App.vue","statementMap":{"0":{"start":{"line":11,"column":6},"end":{"line":11,"column":29}},"1":{"start":{"line":12,"column":6},"end":{"line":12,"column":72}},"2":{"start":{"line":13,"column":6},"end":{"line":13,"column":72}},"3":{"start":{"line":14,"column":6},"end":{"line":14,"column":33}},"4":{"start":{"line":17,"column":2},"end":{"line":17,"column":null}},"5":{"start":{"line":20,"column":6},"end":{"line":20,"column":58}},"6":{"start":{"line":23,"column":2},"end":{"line":23,"column":null}},"7":{"start":{"line":24,"column":22},"end":{"line":24,"column":55}},"8":{"start":{"line":25,"column":2},"end":{"line":25,"column":null}},"9":{"start":{"line":25,"column":20},"end":{"line":25,"column":null}},"10":{"start":{"line":28,"column":20},"end":{"line":28,"column":42}},"11":{"start":{"line":29,"column":26},"end":{"line":29,"column":null}},"12":{"start":{"line":30,"column":28},"end":{"line":30,"column":null}},"13":{"start":{"line":31,"column":4},"end":{"line":31,"column":null}},"14":{"start":{"line":31,"column":44},"end":{"line":31,"column":null}},"15":{"start":{"line":33,"column":17},"end":{"line":33,"column":53}},"16":{"start":{"line":35,"column":14},"end":{"line":35,"column":null}},"17":{"start":{"line":36,"column":14},"end":{"line":36,"column":null}},"18":{"start":{"line":38,"column":32},"end":{"line":49,"column":null}},"19":{"start":{"line":50,"column":4},"end":{"line":50,"column":null}},"20":{"start":{"line":52,"column":4},"end":{"line":52,"column":null}},"21":{"start":{"line":57,"column":2},"end":{"line":57,"column":null}},"22":{"start":{"line":64,"column":8},"end":{"line":64,"column":null}},"23":{"start":{"line":66,"column":10},"end":{"line":66,"column":null}},"24":{"start":{"line":68,"column":10},"end":{"line":68,"column":null}},"25":{"start":{"line":70,"column":8},"end":{"line":70,"column":null}},"26":{"start":{"line":72,"column":8},"end":{"line":72,"column":null}},"27":{"start":{"line":73,"column":8},"end":{"line":73,"column":null}},"28":{"start":{"line":74,"column":8},"end":{"line":74,"column":null}},"29":{"start":{"line":76,"column":8},"end":{"line":76,"column":null}},"30":{"start":{"line":77,"column":8},"end":{"line":77,"column":null}},"31":{"start":{"line":77,"column":59},"end":{"line":77,"column":63}},"32":{"start":{"line":78,"column":8},"end":{"line":78,"column":null}},"33":{"start":{"line":80,"column":8},"end":{"line":80,"column":null}},"34":{"start":{"line":82,"column":10},"end":{"line":82,"column":null}},"35":{"start":{"line":84,"column":8},"end":{"line":84,"column":null}},"36":{"start":{"line":86,"column":8},"end":{"line":86,"column":null}},"37":{"start":{"line":87,"column":8},"end":{"line":87,"column":null}},"38":{"start":{"line":95,"column":12},"end":{"line":95,"column":null}},"39":{"start":{"line":98,"column":8},"end":{"line":98,"column":null}},"40":{"start":{"line":100,"column":8},"end":{"line":100,"column":null}},"41":{"start":{"line":101,"column":8},"end":{"line":101,"column":null}},"42":{"start":{"line":107,"column":0},"end":{"line":109,"column":null}},"43":{"start":{"line":108,"column":2},"end":{"line":108,"column":null}},"44":{"start":{"line":111,"column":0},"end":{"line":113,"column":null}},"45":{"start":{"line":112,"column":2},"end":{"line":112,"column":null}},"46":{"start":{"line":117,"column":7},"end":{"line":117,"column":49}},"47":{"start":{"line":120,"column":9},"end":{"line":120,"column":44}},"48":{"start":{"line":121,"column":11},"end":{"line":121,"column":64}},"49":{"start":{"line":155,"column":9},"end":{"line":155,"column":103}},"50":{"start":{"line":142,"column":16},"end":{"line":142,"column":null}}},"fnMap":{"0":{"name":"(anonymous_0)","decl":{"start":{"line":77,"column":50},"end":{"line":77,"column":54}},"loc":{"start":{"line":77,"column":59},"end":{"line":77,"column":63}},"line":77},"1":{"name":"(anonymous_1)","decl":{"start":{"line":107,"column":0},"end":{"line":107,"column":16}},"loc":{"start":{"line":107,"column":16},"end":{"line":109,"column":null}},"line":107},"2":{"name":"(anonymous_2)","decl":{"start":{"line":111,"column":0},"end":{"line":111,"column":18}},"loc":{"start":{"line":111,"column":18},"end":{"line":113,"column":null}},"line":111},"3":{"name":"(anonymous_3)","decl":{"start":{"line":142,"column":14},"end":{"line":142,"column":16}},"loc":{"start":{"line":142,"column":16},"end":{"line":142,"column":null}},"line":142}},"branchMap":{"0":{"loc":{"start":{"line":25,"column":2},"end":{"line":25,"column":null}},"type":"if","locations":[{"start":{"line":25,"column":2},"end":{"line":25,"column":null}},{"start":{},"end":{}}],"line":25},"1":{"loc":{"start":{"line":31,"column":4},"end":{"line":31,"column":null}},"type":"if","locations":[{"start":{"line":31,"column":4},"end":{"line":31,"column":null}},{"start":{},"end":{}}],"line":31},"2":{"loc":{"start":{"line":31,"column":8},"end":{"line":31,"column":44}},"type":"binary-expr","locations":[{"start":{"line":31,"column":8},"end":{"line":31,"column":26}},{"start":{"line":31,"column":26},"end":{"line":31,"column":44}}],"line":31},"3":{"loc":{"start":{"line":61,"column":6},"end":{"line":61,"column":30}},"type":"binary-expr","locations":[{"start":{"line":61,"column":6},"end":{"line":61,"column":19}},{"start":{"line":61,"column":19},"end":{"line":61,"column":30}}],"line":61},"4":{"loc":{"start":{"line":135,"column":17},"end":{"line":136,"column":null}},"type":"cond-expr","locations":[{"start":{"line":135,"column":17},"end":{"line":136,"column":null}},{"start":{"line":136,"column":24},"end":{"line":136,"column":null}}],"line":135},"5":{"loc":{"start":{"line":142,"column":14},"end":{"line":142,"column":null}},"type":"binary-expr","locations":[{"start":{"line":142,"column":14},"end":{"line":142,"column":16}},{"start":{"line":142,"column":14},"end":{"line":142,"column":null}}],"line":142},"6":{"loc":{"start":{"line":146,"column":14},"end":{"line":147,"column":20}},"type":"binary-expr","locations":[{"start":{"line":146,"column":14},"end":{"line":146,"column":null}},{"start":{"line":146,"column":14},"end":{"line":147,"column":20}}],"line":146},"7":{"loc":{"start":{"line":158,"column":10},"end":{"line":156,"column":92}},"type":"binary-expr","locations":[{"start":{"line":158,"column":10},"end":{"line":158,"column":null}},{"start":{"line":158,"column":10},"end":{"line":156,"column":92}}],"line":158}},"s":{"0":21,"1":21,"2":21,"3":21,"4":1,"5":21,"6":2,"7":2,"8":2,"9":0,"10":2,"11":2,"12":2,"13":2,"14":0,"15":1,"16":1,"17":1,"18":1,"19":1,"20":1,"21":1,"22":31,"23":16,"24":15,"25":31,"26":0,"27":0,"28":0,"29":0,"30":0,"31":0,"32":0,"33":0,"34":0,"35":0,"36":0,"37":0,"38":4,"39":17,"40":18,"41":18,"42":21,"43":21,"44":21,"45":1,"46":1,"47":1,"48":1,"49":1,"50":1},"f":{"0":0,"1":21,"2":1,"3":1},"b":{"0":[0,2],"1":[0,2],"2":[2,1],"3":[66,35],"4":[22,1],"5":[23,21],"6":[22,21],"7":[23,21]},"meta":{"lastBranch":8,"lastFunction":4,"lastStatement":51,"seen":{"s:11:6:11:29":0,"s:12:6:12:72":1,"s:13:6:13:72":2,"s:14:6:14:33":3,"s:17:2:17:Infinity":4,"s:20:6:20:58":5,"s:23:2:23:Infinity":6,"s:24:22:24:55":7,"b:25:2:25:Infinity:undefined:undefined:undefined:undefined":0,"s:25:2:25:Infinity":8,"s:25:20:25:Infinity":9,"s:28:20:28:42":10,"s:29:26:29:Infinity":11,"s:30:28:30:Infinity":12,"b:31:4:31:Infinity:undefined:undefined:undefined:undefined":1,"s:31:4:31:Infinity":13,"b:31:8:31:26:31:26:31:44":2,"s:31:44:31:Infinity":14,"s:33:17:33:53":15,"s:35:14:35:Infinity":16,"s:36:14:36:Infinity":17,"s:38:32:49:Infinity":18,"s:50:4:50:Infinity":19,"s:52:4:52:Infinity":20,"s:57:2:57:Infinity":21,"b:61:6:61:19:61:19:61:30":3,"s:64:8:64:Infinity":22,"s:66:10:66:Infinity":23,"s:68:10:68:Infinity":24,"s:70:8:70:Infinity":25,"s:72:8:72:Infinity":26,"s:73:8:73:Infinity":27,"s:74:8:74:Infinity":28,"s:76:8:76:Infinity":29,"s:77:8:77:Infinity":30,"f:77:50:77:54":0,"s:77:59:77:63":31,"s:78:8:78:Infinity":32,"s:80:8:80:Infinity":33,"s:82:10:82:Infinity":34,"s:84:8:84:Infinity":35,"s:86:8:86:Infinity":36,"s:87:8:87:Infinity":37,"s:95:12:95:Infinity":38,"s:98:8:98:Infinity":39,"s:100:8:100:Infinity":40,"s:101:8:101:Infinity":41,"s:107:0:109:Infinity":42,"f:107:0:107:16":1,"s:108:2:108:Infinity":43,"s:111:0:113:Infinity":44,"f:111:0:111:18":2,"s:112:2:112:Infinity":45,"s:117:7:117:49":46,"s:120:9:120:44":47,"s:121:11:121:64":48,"s:155:9:155:103":49,"b:135:17:136:Infinity:136:24:136:Infinity":4,"b:142:14:142:16:142:14:142:Infinity":5,"f:142:14:142:16":3,"s:142:16:142:Infinity":50,"b:146:14:146:Infinity:146:14:147:20":6,"b:158:10:158:Infinity:158:10:156:92":7}}}
,"/Users/wangqi/projects/mipa-draw/src/components/CanvasBoard.vue": {"path":"/Users/wangqi/projects/mipa-draw/src/components/CanvasBoard.vue","statementMap":{"0":{"start":{"line":6,"column":6},"end":{"line":6,"column":29}},"1":{"start":{"line":7,"column":6},"end":{"line":7,"column":56}},"2":{"start":{"line":9,"column":6},"end":{"line":9,"column":28}},"3":{"start":{"line":10,"column":6},"end":{"line":10,"column":28}},"4":{"start":{"line":11,"column":6},"end":{"line":11,"column":28}},"5":{"start":{"line":12,"column":6},"end":{"line":12,"column":29}},"6":{"start":{"line":13,"column":6},"end":{"line":13,"column":30}},"7":{"start":{"line":14,"column":6},"end":{"line":14,"column":null}},"8":{"start":{"line":15,"column":6},"end":{"line":15,"column":null}},"9":{"start":{"line":16,"column":6},"end":{"line":16,"column":null}},"10":{"start":{"line":18,"column":6},"end":{"line":18,"column":60}},"11":{"start":{"line":18,"column":37},"end":{"line":18,"column":60}},"12":{"start":{"line":20,"column":6},"end":{"line":26,"column":2}},"13":{"start":{"line":20,"column":34},"end":{"line":26,"column":2}},"14":{"start":{"line":28,"column":6},"end":{"line":49,"column":null}},"15":{"start":{"line":29,"column":67},"end":{"line":29,"column":null}},"16":{"start":{"line":30,"column":40},"end":{"line":30,"column":41}},"17":{"start":{"line":34,"column":4},"end":{"line":34,"column":null}},"18":{"start":{"line":35,"column":4},"end":{"line":35,"column":null}},"19":{"start":{"line":36,"column":4},"end":{"line":36,"column":null}},"20":{"start":{"line":37,"column":4},"end":{"line":37,"column":null}},"21":{"start":{"line":38,"column":4},"end":{"line":38,"column":null}},"22":{"start":{"line":41,"column":4},"end":{"line":41,"column":null}},"23":{"start":{"line":42,"column":4},"end":{"line":42,"column":null}},"24":{"start":{"line":45,"column":4},"end":{"line":45,"column":null}},"25":{"start":{"line":48,"column":2},"end":{"line":48,"column":null}},"26":{"start":{"line":51,"column":6},"end":{"line":56,"column":2}},"27":{"start":{"line":51,"column":42},"end":{"line":56,"column":2}},"28":{"start":{"line":59,"column":18},"end":{"line":59,"column":null}},"29":{"start":{"line":60,"column":2},"end":{"line":60,"column":null}},"30":{"start":{"line":60,"column":16},"end":{"line":60,"column":null}},"31":{"start":{"line":61,"column":15},"end":{"line":61,"column":45}},"32":{"start":{"line":63,"column":2},"end":{"line":66,"column":null}},"33":{"start":{"line":70,"column":2},"end":{"line":70,"column":null}},"34":{"start":{"line":70,"column":22},"end":{"line":70,"column":null}},"35":{"start":{"line":72,"column":16},"end":{"line":72,"column":32}},"36":{"start":{"line":75,"column":21},"end":{"line":75,"column":null}},"37":{"start":{"line":77,"column":6},"end":{"line":77,"column":null}},"38":{"start":{"line":78,"column":22},"end":{"line":78,"column":null}},"39":{"start":{"line":79,"column":22},"end":{"line":79,"column":null}},"40":{"start":{"line":80,"column":20},"end":{"line":80,"column":67}},"41":{"start":{"line":81,"column":6},"end":{"line":81,"column":null}},"42":{"start":{"line":82,"column":6},"end":{"line":82,"column":null}},"43":{"start":{"line":84,"column":4},"end":{"line":84,"column":null}},"44":{"start":{"line":85,"column":4},"end":{"line":85,"column":null}},"45":{"start":{"line":86,"column":4},"end":{"line":86,"column":null}},"46":{"start":{"line":90,"column":4},"end":{"line":90,"column":null}},"47":{"start":{"line":93,"column":2},"end":{"line":93,"column":null}},"48":{"start":{"line":94,"column":2},"end":{"line":94,"column":null}},"49":{"start":{"line":95,"column":2},"end":{"line":95,"column":null}},"50":{"start":{"line":96,"column":2},"end":{"line":96,"column":null}},"51":{"start":{"line":98,"column":2},"end":{"line":98,"column":null}},"52":{"start":{"line":99,"column":2},"end":{"line":99,"column":null}},"53":{"start":{"line":103,"column":2},"end":{"line":103,"column":null}},"54":{"start":{"line":106,"column":4},"end":{"line":106,"column":null}},"55":{"start":{"line":107,"column":4},"end":{"line":107,"column":null}},"56":{"start":{"line":108,"column":4},"end":{"line":108,"column":null}},"57":{"start":{"line":110,"column":4},"end":{"line":110,"column":null}},"58":{"start":{"line":111,"column":18},"end":{"line":111,"column":34}},"59":{"start":{"line":112,"column":20},"end":{"line":112,"column":null}},"60":{"start":{"line":113,"column":20},"end":{"line":113,"column":null}},"61":{"start":{"line":114,"column":18},"end":{"line":114,"column":65}},"62":{"start":{"line":115,"column":4},"end":{"line":115,"column":null}},"63":{"start":{"line":116,"column":4},"end":{"line":116,"column":null}},"64":{"start":{"line":118,"column":4},"end":{"line":118,"column":null}},"65":{"start":{"line":120,"column":6},"end":{"line":120,"column":null}},"66":{"start":{"line":121,"column":6},"end":{"line":121,"column":null}},"67":{"start":{"line":122,"column":6},"end":{"line":124,"column":null}},"68":{"start":{"line":123,"column":8},"end":{"line":123,"column":null}},"69":{"start":{"line":128,"column":6},"end":{"line":128,"column":null}},"70":{"start":{"line":130,"column":4},"end":{"line":130,"column":null}},"71":{"start":{"line":131,"column":4},"end":{"line":131,"column":null}},"72":{"start":{"line":132,"column":4},"end":{"line":134,"column":null}},"73":{"start":{"line":133,"column":6},"end":{"line":133,"column":null}},"74":{"start":{"line":137,"column":2},"end":{"line":137,"column":null}},"75":{"start":{"line":138,"column":2},"end":{"line":138,"column":null}},"76":{"start":{"line":142,"column":16},"end":{"line":142,"column":32}},"77":{"start":{"line":145,"column":19},"end":{"line":145,"column":54}},"78":{"start":{"line":146,"column":19},"end":{"line":146,"column":54}},"79":{"start":{"line":147,"column":17},"end":{"line":147,"column":52}},"80":{"start":{"line":148,"column":17},"end":{"line":148,"column":52}},"81":{"start":{"line":150,"column":4},"end":{"line":155,"column":null}},"82":{"start":{"line":158,"column":36},"end":{"line":158,"column":37}},"83":{"start":{"line":159,"column":4},"end":{"line":168,"column":null}},"84":{"start":{"line":160,"column":29},"end":{"line":160,"column":null}},"85":{"start":{"line":161,"column":29},"end":{"line":161,"column":null}},"86":{"start":{"line":162,"column":20},"end":{"line":163,"column":null}},"87":{"start":{"line":166,"column":8},"end":{"line":166,"column":null}},"88":{"start":{"line":171,"column":4},"end":{"line":171,"column":null}},"89":{"start":{"line":173,"column":4},"end":{"line":173,"column":null}},"90":{"start":{"line":176,"column":2},"end":{"line":176,"column":null}},"91":{"start":{"line":176,"column":45},"end":{"line":176,"column":null}},"92":{"start":{"line":178,"column":13},"end":{"line":178,"column":null}},"93":{"start":{"line":179,"column":13},"end":{"line":179,"column":null}},"94":{"start":{"line":182,"column":4},"end":{"line":190,"column":null}},"95":{"start":{"line":183,"column":20},"end":{"line":183,"column":48}},"96":{"start":{"line":185,"column":8},"end":{"line":188,"column":null}},"97":{"start":{"line":192,"column":23},"end":{"line":192,"column":null}},"98":{"start":{"line":193,"column":4},"end":{"line":193,"column":null}},"99":{"start":{"line":193,"column":21},"end":{"line":193,"column":null}},"100":{"start":{"line":194,"column":18},"end":{"line":194,"column":54}},"101":{"start":{"line":195,"column":4},"end":{"line":195,"column":null}},"102":{"start":{"line":195,"column":16},"end":{"line":195,"column":null}},"103":{"start":{"line":197,"column":19},"end":{"line":197,"column":null}},"104":{"start":{"line":198,"column":20},"end":{"line":198,"column":null}},"105":{"start":{"line":199,"column":15},"end":{"line":199,"column":null}},"106":{"start":{"line":200,"column":15},"end":{"line":200,"column":null}},"107":{"start":{"line":204,"column":8},"end":{"line":204,"column":null}},"108":{"start":{"line":205,"column":8},"end":{"line":205,"column":null}},"109":{"start":{"line":206,"column":8},"end":{"line":206,"column":null}},"110":{"start":{"line":208,"column":8},"end":{"line":208,"column":null}},"111":{"start":{"line":209,"column":8},"end":{"line":209,"column":null}},"112":{"start":{"line":210,"column":8},"end":{"line":210,"column":null}},"113":{"start":{"line":211,"column":8},"end":{"line":211,"column":null}},"114":{"start":{"line":213,"column":8},"end":{"line":213,"column":null}},"115":{"start":{"line":214,"column":8},"end":{"line":214,"column":null}},"116":{"start":{"line":215,"column":8},"end":{"line":215,"column":null}},"117":{"start":{"line":216,"column":8},"end":{"line":216,"column":null}},"118":{"start":{"line":218,"column":8},"end":{"line":218,"column":null}},"119":{"start":{"line":219,"column":8},"end":{"line":219,"column":null}},"120":{"start":{"line":220,"column":8},"end":{"line":220,"column":null}},"121":{"start":{"line":221,"column":8},"end":{"line":221,"column":null}},"122":{"start":{"line":222,"column":8},"end":{"line":222,"column":null}},"123":{"start":{"line":225,"column":4},"end":{"line":225,"column":null}},"124":{"start":{"line":227,"column":23},"end":{"line":227,"column":null}},"125":{"start":{"line":228,"column":4},"end":{"line":228,"column":null}},"126":{"start":{"line":228,"column":21},"end":{"line":228,"column":null}},"127":{"start":{"line":229,"column":18},"end":{"line":229,"column":54}},"128":{"start":{"line":230,"column":4},"end":{"line":230,"column":null}},"129":{"start":{"line":230,"column":16},"end":{"line":230,"column":null}},"130":{"start":{"line":232,"column":20},"end":{"line":232,"column":null}},"131":{"start":{"line":233,"column":20},"end":{"line":233,"column":null}},"132":{"start":{"line":234,"column":18},"end":{"line":234,"column":null}},"133":{"start":{"line":235,"column":21},"end":{"line":235,"column":null}},"134":{"start":{"line":236,"column":4},"end":{"line":236,"column":null}},"135":{"start":{"line":241,"column":2},"end":{"line":241,"column":null}},"136":{"start":{"line":242,"column":2},"end":{"line":242,"column":null}},"137":{"start":{"line":243,"column":2},"end":{"line":243,"column":null}},"138":{"start":{"line":244,"column":2},"end":{"line":244,"column":null}},"139":{"start":{"line":245,"column":2},"end":{"line":245,"column":null}},"140":{"start":{"line":246,"column":2},"end":{"line":246,"column":null}},"141":{"start":{"line":247,"column":2},"end":{"line":247,"column":null}},"142":{"start":{"line":249,"column":2},"end":{"line":249,"column":null}},"143":{"start":{"line":250,"column":2},"end":{"line":250,"column":null}},"144":{"start":{"line":254,"column":2},"end":{"line":254,"column":null}},"145":{"start":{"line":255,"column":2},"end":{"line":255,"column":null}},"146":{"start":{"line":256,"column":2},"end":{"line":256,"column":null}},"147":{"start":{"line":260,"column":4},"end":{"line":260,"column":null}},"148":{"start":{"line":263,"column":4},"end":{"line":263,"column":null}},"149":{"start":{"line":265,"column":4},"end":{"line":265,"column":null}},"150":{"start":{"line":268,"column":2},"end":{"line":268,"column":null}},"151":{"start":{"line":270,"column":2},"end":{"line":274,"column":null}},"152":{"start":{"line":278,"column":2},"end":{"line":278,"column":null}},"153":{"start":{"line":279,"column":2},"end":{"line":283,"column":null}},"154":{"start":{"line":286,"column":13},"end":{"line":286,"column":null}},"155":{"start":{"line":290,"column":0},"end":{"line":293,"column":null}},"156":{"start":{"line":291,"column":2},"end":{"line":291,"column":null}},"157":{"start":{"line":292,"column":2},"end":{"line":292,"column":null}},"158":{"start":{"line":295,"column":0},"end":{"line":295,"column":null}},"159":{"start":{"line":339,"column":27},"end":{"line":339,"column":60}},"160":{"start":{"line":340,"column":29},"end":{"line":340,"column":null}}},"fnMap":{"0":{"name":"(anonymous_0)","decl":{"start":{"line":18,"column":22},"end":{"line":18,"column":37}},"loc":{"start":{"line":18,"column":37},"end":{"line":18,"column":60}},"line":18},"1":{"name":"(anonymous_1)","decl":{"start":{"line":20,"column":18},"end":{"line":20,"column":34}},"loc":{"start":{"line":20,"column":34},"end":{"line":26,"column":2}},"line":20},"2":{"name":"(anonymous_2)","decl":{"start":{"line":28,"column":24},"end":{"line":28,"column":39}},"loc":{"start":{"line":28,"column":39},"end":{"line":49,"column":null}},"line":28},"3":{"name":"(anonymous_3)","decl":{"start":{"line":51,"column":26},"end":{"line":51,"column":42}},"loc":{"start":{"line":51,"column":42},"end":{"line":56,"column":2}},"line":51},"4":{"name":"(anonymous_4)","decl":{"start":{"line":122,"column":29},"end":{"line":122,"column":37}},"loc":{"start":{"line":122,"column":42},"end":{"line":124,"column":null}},"line":122},"5":{"name":"(anonymous_5)","decl":{"start":{"line":132,"column":27},"end":{"line":132,"column":35}},"loc":{"start":{"line":132,"column":40},"end":{"line":134,"column":null}},"line":132},"6":{"name":"(anonymous_6)","decl":{"start":{"line":159,"column":19},"end":{"line":159,"column":27}},"loc":{"start":{"line":159,"column":38},"end":{"line":168,"column":null}},"line":159},"7":{"name":"(anonymous_7)","decl":{"start":{"line":182,"column":29},"end":{"line":182,"column":37}},"loc":{"start":{"line":182,"column":43},"end":{"line":190,"column":null}},"line":182},"8":{"name":"(anonymous_8)","decl":{"start":{"line":290,"column":0},"end":{"line":290,"column":18}},"loc":{"start":{"line":290,"column":18},"end":{"line":293,"column":null}},"line":290},"9":{"name":"(anonymous_9)","decl":{"start":{"line":339,"column":9},"end":{"line":339,"column":21}},"loc":{"start":{"line":339,"column":27},"end":{"line":339,"column":60}},"line":339},"10":{"name":"(anonymous_10)","decl":{"start":{"line":340,"column":9},"end":{"line":340,"column":23}},"loc":{"start":{"line":340,"column":29},"end":{"line":340,"column":null}},"line":340}},"branchMap":{"0":{"loc":{"start":{"line":22,"column":19},"end":{"line":25,"column":null}},"type":"cond-expr","locations":[{"start":{"line":23,"column":6},"end":{"line":24,"column":null}},{"start":{"line":25,"column":6},"end":{"line":25,"column":null}}],"line":22},"1":{"loc":{"start":{"line":60,"column":2},"end":{"line":60,"column":null}},"type":"if","locations":[{"start":{"line":60,"column":2},"end":{"line":60,"column":null}},{"start":{},"end":{}}],"line":60},"2":{"loc":{"start":{"line":70,"column":2},"end":{"line":70,"column":null}},"type":"if","locations":[{"start":{"line":70,"column":2},"end":{"line":70,"column":null}},{"start":{},"end":{}}],"line":70},"3":{"loc":{"start":{"line":89,"column":6},"end":{"line":89,"column":33}},"type":"binary-expr","locations":[{"start":{"line":89,"column":6},"end":{"line":89,"column":21}},{"start":{"line":89,"column":21},"end":{"line":89,"column":33}}],"line":89},"4":{"loc":{"start":{"line":107,"column":29},"end":{"line":107,"column":null}},"type":"binary-expr","locations":[{"start":{"line":107,"column":29},"end":{"line":107,"column":75}},{"start":{"line":107,"column":75},"end":{"line":107,"column":null}}],"line":107},"5":{"loc":{"start":{"line":117,"column":13},"end":{"line":117,"column":38}},"type":"binary-expr","locations":[{"start":{"line":117,"column":13},"end":{"line":117,"column":27}},{"start":{"line":117,"column":27},"end":{"line":117,"column":38}}],"line":117},"6":{"loc":{"start":{"line":162,"column":20},"end":{"line":163,"column":null}},"type":"binary-expr","locations":[{"start":{"line":162,"column":20},"end":{"line":162,"column":48}},{"start":{"line":162,"column":48},"end":{"line":162,"column":null}},{"start":{"line":163,"column":20},"end":{"line":163,"column":48}},{"start":{"line":163,"column":48},"end":{"line":163,"column":null}}],"line":162},"7":{"loc":{"start":{"line":176,"column":2},"end":{"line":176,"column":null}},"type":"if","locations":[{"start":{"line":176,"column":2},"end":{"line":176,"column":null}},{"start":{},"end":{}}],"line":176},"8":{"loc":{"start":{"line":193,"column":4},"end":{"line":193,"column":null}},"type":"if","locations":[{"start":{"line":193,"column":4},"end":{"line":193,"column":null}},{"start":{},"end":{}}],"line":193},"9":{"loc":{"start":{"line":195,"column":4},"end":{"line":195,"column":null}},"type":"if","locations":[{"start":{"line":195,"column":4},"end":{"line":195,"column":null}},{"start":{},"end":{}}],"line":195},"10":{"loc":{"start":{"line":228,"column":4},"end":{"line":228,"column":null}},"type":"if","locations":[{"start":{"line":228,"column":4},"end":{"line":228,"column":null}},{"start":{},"end":{}}],"line":228},"11":{"loc":{"start":{"line":230,"column":4},"end":{"line":230,"column":null}},"type":"if","locations":[{"start":{"line":230,"column":4},"end":{"line":230,"column":null}},{"start":{},"end":{}}],"line":230},"12":{"loc":{"start":{"line":259,"column":6},"end":{"line":259,"column":89}},"type":"binary-expr","locations":[{"start":{"line":259,"column":6},"end":{"line":259,"column":45}},{"start":{"line":259,"column":45},"end":{"line":259,"column":89}}],"line":259},"13":{"loc":{"start":{"line":273,"column":15},"end":{"line":273,"column":null}},"type":"cond-expr","locations":[{"start":{"line":273,"column":101},"end":{"line":273,"column":108}},{"start":{"line":273,"column":108},"end":{"line":273,"column":null}}],"line":273},"14":{"loc":{"start":{"line":273,"column":15},"end":{"line":273,"column":98}},"type":"binary-expr","locations":[{"start":{"line":273,"column":15},"end":{"line":273,"column":54}},{"start":{"line":273,"column":54},"end":{"line":273,"column":98}}],"line":273},"15":{"loc":{"start":{"line":326,"column":49},"end":{"line":326,"column":170}},"type":"binary-expr","locations":[{"start":{"line":326,"column":49},"end":{"line":326,"column":90}},{"start":{"line":326,"column":90},"end":{"line":326,"column":170}}],"line":326},"16":{"loc":{"start":{"line":326,"column":170},"end":{"line":326,"column":null}},"type":"binary-expr","locations":[{"start":{"line":326,"column":170},"end":{"line":326,"column":209}},{"start":{"line":326,"column":209},"end":{"line":326,"column":null}}],"line":326},"17":{"loc":{"start":{"line":343,"column":16},"end":{"line":354,"column":30}},"type":"cond-expr","locations":[{"start":{"line":343,"column":28},"end":{"line":348,"column":null}},{"start":{"line":348,"column":8},"end":{"line":354,"column":30}}],"line":343},"18":{"loc":{"start":{"line":354,"column":24},"end":{"line":354,"column":null}},"type":"binary-expr","locations":[{"start":{"line":354,"column":24},"end":{"line":354,"column":68}},{"start":{"line":354,"column":73},"end":{"line":354,"column":null}}],"line":354},"19":{"loc":{"start":{"line":364,"column":19},"end":{"line":364,"column":null}},"type":"binary-expr","locations":[{"start":{"line":364,"column":19},"end":{"line":364,"column":null}},{"start":{"line":364,"column":19},"end":{"line":364,"column":null}}],"line":364},"20":{"loc":{"start":{"line":369,"column":14},"end":{"line":369,"column":null}},"type":"binary-expr","locations":[{"start":{"line":369,"column":14},"end":{"line":369,"column":29}},{"start":{"line":369,"column":29},"end":{"line":369,"column":55}},{"start":{"line":369,"column":55},"end":{"line":369,"column":null}}],"line":369}},"s":{"0":51,"1":51,"2":51,"3":51,"4":51,"5":51,"6":51,"7":51,"8":51,"9":51,"10":51,"11":51,"12":51,"13":51,"14":51,"15":51,"16":51,"17":0,"18":0,"19":0,"20":0,"21":0,"22":0,"23":0,"24":51,"25":51,"26":51,"27":4,"28":7,"29":7,"30":0,"31":7,"32":7,"33":1,"34":0,"35":1,"36":0,"37":0,"38":0,"39":0,"40":0,"41":0,"42":0,"43":0,"44":0,"45":0,"46":1,"47":1,"48":1,"49":1,"50":1,"51":1,"52":1,"53":0,"54":0,"55":0,"56":0,"57":0,"58":0,"59":0,"60":0,"61":0,"62":0,"63":0,"64":0,"65":0,"66":0,"67":0,"68":0,"69":0,"70":0,"71":0,"72":0,"73":0,"74":0,"75":0,"76":5,"77":2,"78":2,"79":2,"80":2,"81":2,"82":2,"83":2,"84":2,"85":2,"86":2,"87":2,"88":2,"89":2,"90":3,"91":0,"92":3,"93":3,"94":1,"95":1,"96":1,"97":2,"98":2,"99":0,"100":2,"101":2,"102":0,"103":2,"104":2,"105":2,"106":2,"107":2,"108":2,"109":2,"110":0,"111":0,"112":0,"113":0,"114":0,"115":0,"116":0,"117":0,"118":0,"119":0,"120":0,"121":0,"122":0,"123":2,"124":0,"125":0,"126":0,"127":0,"128":0,"129":0,"130":0,"131":0,"132":0,"133":0,"134":0,"135":2,"136":2,"137":2,"138":2,"139":2,"140":2,"141":2,"142":2,"143":2,"144":0,"145":0,"146":0,"147":0,"148":0,"149":0,"150":0,"151":0,"152":0,"153":0,"154":51,"155":51,"156":2,"157":2,"158":51,"159":0,"160":0},"f":{"0":51,"1":51,"2":51,"3":4,"4":0,"5":0,"6":2,"7":1,"8":2,"9":0,"10":0},"b":{"0":[51,0],"1":[0,7],"2":[0,1],"3":[1,1],"4":[0,0],"5":[0,0],"6":[2,2,2,2],"7":[0,3],"8":[0,2],"9":[0,2],"10":[0,0],"11":[0,0],"12":[0,0],"13":[0,0],"14":[0,0],"15":[25,15],"16":[25,4],"17":[1,24],"18":[25,18],"19":[14,13],"20":[84,4,3]},"meta":{"lastBranch":0,"lastFunction":0,"lastStatement":0,"seen":{}}}
,"/Users/wangqi/projects/mipa-draw/src/components/ContextMenu.vue": {"path":"/Users/wangqi/projects/mipa-draw/src/components/ContextMenu.vue","statementMap":{"0":{"start":{"line":5,"column":6},"end":{"line":5,"column":29}},"1":{"start":{"line":6,"column":6},"end":{"line":6,"column":54}},"2":{"start":{"line":7,"column":6},"end":{"line":7,"column":25}},"3":{"start":{"line":8,"column":6},"end":{"line":8,"column":null}},"4":{"start":{"line":9,"column":6},"end":{"line":9,"column":47}},"5":{"start":{"line":11,"column":18},"end":{"line":23,"column":null}},"6":{"start":{"line":26,"column":2},"end":{"line":26,"column":null}},"7":{"start":{"line":27,"column":2},"end":{"line":27,"column":null}},"8":{"start":{"line":29,"column":20},"end":{"line":29,"column":null}},"9":{"start":{"line":30,"column":21},"end":{"line":30,"column":null}},"10":{"start":{"line":31,"column":18},"end":{"line":31,"column":null}},"11":{"start":{"line":34,"column":4},"end":{"line":34,"column":null}},"12":{"start":{"line":37,"column":4},"end":{"line":37,"column":null}},"13":{"start":{"line":40,"column":2},"end":{"line":40,"column":null}},"14":{"start":{"line":44,"column":2},"end":{"line":44,"column":null}},"15":{"start":{"line":45,"column":2},"end":{"line":45,"column":null}},"16":{"start":{"line":49,"column":2},"end":{"line":49,"column":null}},"17":{"start":{"line":54,"column":10},"end":{"line":54,"column":null}},"18":{"start":{"line":56,"column":10},"end":{"line":56,"column":null}},"19":{"start":{"line":58,"column":8},"end":{"line":58,"column":null}},"20":{"start":{"line":61,"column":10},"end":{"line":61,"column":null}},"21":{"start":{"line":63,"column":10},"end":{"line":63,"column":null}},"22":{"start":{"line":65,"column":8},"end":{"line":65,"column":null}},"23":{"start":{"line":68,"column":10},"end":{"line":68,"column":null}},"24":{"start":{"line":70,"column":10},"end":{"line":70,"column":null}},"25":{"start":{"line":72,"column":8},"end":{"line":72,"column":null}},"26":{"start":{"line":75,"column":10},"end":{"line":75,"column":null}},"27":{"start":{"line":77,"column":10},"end":{"line":77,"column":null}},"28":{"start":{"line":79,"column":8},"end":{"line":79,"column":null}},"29":{"start":{"line":82,"column":10},"end":{"line":82,"column":null}},"30":{"start":{"line":84,"column":10},"end":{"line":84,"column":null}},"31":{"start":{"line":86,"column":8},"end":{"line":86,"column":null}},"32":{"start":{"line":88,"column":10},"end":{"line":88,"column":null}},"33":{"start":{"line":88,"column":61},"end":{"line":88,"column":65}},"34":{"start":{"line":89,"column":10},"end":{"line":89,"column":null}},"35":{"start":{"line":91,"column":8},"end":{"line":91,"column":null}},"36":{"start":{"line":92,"column":8},"end":{"line":92,"column":null}},"37":{"start":{"line":94,"column":8},"end":{"line":94,"column":null}},"38":{"start":{"line":96,"column":10},"end":{"line":96,"column":null}},"39":{"start":{"line":97,"column":10},"end":{"line":97,"column":null}},"40":{"start":{"line":99,"column":10},"end":{"line":99,"column":null}},"41":{"start":{"line":100,"column":10},"end":{"line":100,"column":null}},"42":{"start":{"line":102,"column":8},"end":{"line":102,"column":null}},"43":{"start":{"line":104,"column":8},"end":{"line":104,"column":null}},"44":{"start":{"line":107,"column":4},"end":{"line":107,"column":null}},"45":{"start":{"line":109,"column":2},"end":{"line":109,"column":null}},"46":{"start":{"line":114,"column":4},"end":{"line":114,"column":null}},"47":{"start":{"line":118,"column":0},"end":{"line":121,"column":null}},"48":{"start":{"line":119,"column":2},"end":{"line":119,"column":null}},"49":{"start":{"line":120,"column":2},"end":{"line":120,"column":null}},"50":{"start":{"line":123,"column":0},"end":{"line":126,"column":null}},"51":{"start":{"line":124,"column":2},"end":{"line":124,"column":null}},"52":{"start":{"line":125,"column":2},"end":{"line":125,"column":null}},"53":{"start":{"line":128,"column":0},"end":{"line":128,"column":null}},"54":{"start":{"line":148,"column":14},"end":{"line":148,"column":45}},"55":{"start":{"line":149,"column":16},"end":{"line":149,"column":33}},"56":{"start":{"line":150,"column":16},"end":{"line":150,"column":37}},"57":{"start":{"line":146,"column":16},"end":{"line":146,"column":null}}},"fnMap":{"0":{"name":"(anonymous_0)","decl":{"start":{"line":88,"column":52},"end":{"line":88,"column":56}},"loc":{"start":{"line":88,"column":61},"end":{"line":88,"column":65}},"line":88},"1":{"name":"(anonymous_1)","decl":{"start":{"line":118,"column":0},"end":{"line":118,"column":16}},"loc":{"start":{"line":118,"column":16},"end":{"line":121,"column":null}},"line":118},"2":{"name":"(anonymous_2)","decl":{"start":{"line":123,"column":0},"end":{"line":123,"column":18}},"loc":{"start":{"line":123,"column":18},"end":{"line":126,"column":null}},"line":123},"3":{"name":"(anonymous_3)","decl":{"start":{"line":146,"column":9},"end":{"line":146,"column":14}},"loc":{"start":{"line":146,"column":16},"end":{"line":146,"column":null}},"line":146}},"branchMap":{"0":{"loc":{"start":{"line":27,"column":26},"end":{"line":27,"column":null}},"type":"binary-expr","locations":[{"start":{"line":27,"column":26},"end":{"line":27,"column":39}},{"start":{"line":27,"column":39},"end":{"line":27,"column":null}}],"line":27},"1":{"loc":{"start":{"line":113,"column":6},"end":{"line":113,"column":78}},"type":"binary-expr","locations":[{"start":{"line":113,"column":6},"end":{"line":113,"column":30}},{"start":{"line":113,"column":30},"end":{"line":113,"column":78}}],"line":113},"2":{"loc":{"start":{"line":138,"column":46},"end":{"line":138,"column":null}},"type":"binary-expr","locations":[{"start":{"line":138,"column":46},"end":{"line":138,"column":57}},{"start":{"line":138,"column":57},"end":{"line":138,"column":null}}],"line":138},"3":{"loc":{"start":{"line":140,"column":14},"end":{"line":152,"column":91}},"type":"cond-expr","locations":[{"start":{"line":140,"column":23},"end":{"line":139,"column":null}},{"start":{"line":142,"column":8},"end":{"line":152,"column":91}}],"line":140},"4":{"loc":{"start":{"line":152,"column":20},"end":{"line":152,"column":91}},"type":"cond-expr","locations":[{"start":{"line":152,"column":25},"end":{"line":152,"column":91}},{"start":{"line":152,"column":81},"end":{"line":152,"column":91}}],"line":152},"5":{"loc":{"start":{"line":156,"column":16},"end":{"line":158,"column":10}},"type":"cond-expr","locations":[{"start":{"line":156,"column":66},"end":{"line":158,"column":10}},{"start":{"line":158,"column":4},"end":{"line":158,"column":10}}],"line":156},"6":{"loc":{"start":{"line":156,"column":16},"end":{"line":156,"column":72}},"type":"binary-expr","locations":[{"start":{"line":156,"column":16},"end":{"line":156,"column":35}},{"start":{"line":156,"column":35},"end":{"line":156,"column":72}}],"line":156}},"s":{"0":44,"1":44,"2":44,"3":44,"4":44,"5":44,"6":21,"7":21,"8":21,"9":21,"10":21,"11":1,"12":19,"13":21,"14":20,"15":20,"16":10,"17":2,"18":1,"19":2,"20":1,"21":0,"22":1,"23":1,"24":0,"25":1,"26":0,"27":0,"28":0,"29":0,"30":0,"31":0,"32":1,"33":2,"34":1,"35":1,"36":1,"37":2,"38":1,"39":1,"40":1,"41":1,"42":2,"43":1,"44":1,"45":10,"46":9,"47":44,"48":44,"49":44,"50":44,"51":2,"52":2,"53":44,"54":2,"55":2,"56":2,"57":9},"f":{"0":2,"1":44,"2":2,"3":9},"b":{"0":[21,15],"1":[36,9],"2":[231,63],"3":[63,168],"4":[84,84],"5":[3,18],"6":[21,15]},"meta":{"lastBranch":7,"lastFunction":4,"lastStatement":58,"seen":{"s:5:6:5:29":0,"s:6:6:6:54":1,"s:7:6:7:25":2,"s:8:6:8:Infinity":3,"s:9:6:9:47":4,"s:11:18:23:Infinity":5,"s:26:2:26:Infinity":6,"s:27:2:27:Infinity":7,"b:27:26:27:39:27:39:27:Infinity":0,"s:29:20:29:Infinity":8,"s:30:21:30:Infinity":9,"s:31:18:31:Infinity":10,"s:34:4:34:Infinity":11,"s:37:4:37:Infinity":12,"s:40:2:40:Infinity":13,"s:44:2:44:Infinity":14,"s:45:2:45:Infinity":15,"s:49:2:49:Infinity":16,"s:54:10:54:Infinity":17,"s:56:10:56:Infinity":18,"s:58:8:58:Infinity":19,"s:61:10:61:Infinity":20,"s:63:10:63:Infinity":21,"s:65:8:65:Infinity":22,"s:68:10:68:Infinity":23,"s:70:10:70:Infinity":24,"s:72:8:72:Infinity":25,"s:75:10:75:Infinity":26,"s:77:10:77:Infinity":27,"s:79:8:79:Infinity":28,"s:82:10:82:Infinity":29,"s:84:10:84:Infinity":30,"s:86:8:86:Infinity":31,"s:88:10:88:Infinity":32,"f:88:52:88:56":0,"s:88:61:88:65":33,"s:89:10:89:Infinity":34,"s:91:8:91:Infinity":35,"s:92:8:92:Infinity":36,"s:94:8:94:Infinity":37,"s:96:10:96:Infinity":38,"s:97:10:97:Infinity":39,"s:99:10:99:Infinity":40,"s:100:10:100:Infinity":41,"s:102:8:102:Infinity":42,"s:104:8:104:Infinity":43,"s:107:4:107:Infinity":44,"s:109:2:109:Infinity":45,"b:113:6:113:30:113:30:113:78":1,"s:114:4:114:Infinity":46,"s:118:0:121:Infinity":47,"f:118:0:118:16":1,"s:119:2:119:Infinity":48,"s:120:2:120:Infinity":49,"s:123:0:126:Infinity":50,"f:123:0:123:18":2,"s:124:2:124:Infinity":51,"s:125:2:125:Infinity":52,"s:128:0:128:Infinity":53,"s:148:14:148:45":54,"s:149:16:149:33":55,"s:150:16:150:37":56,"b:138:46:138:57:138:57:138:Infinity":2,"b:140:23:139:Infinity:142:8:152:91":3,"f:146:9:146:14":3,"s:146:16:146:Infinity":57,"b:152:25:152:91:152:81:152:91":4,"b:156:66:158:10:158:4:158:10":5,"b:156:16:156:35:156:35:156:72":6}}}
,"/Users/wangqi/projects/mipa-draw/src/components/HelloWorld.vue": {"path":"/Users/wangqi/projects/mipa-draw/src/components/HelloWorld.vue","statementMap":{"0":{"start":{"line":6,"column":6},"end":{"line":6,"column":19}},"1":{"start":{"line":12,"column":7},"end":{"line":12,"column":19}},"2":{"start":{"line":13,"column":34},"end":{"line":13,"column":43}}},"fnMap":{"0":{"name":"(anonymous_0)","decl":{"start":{"line":13,"column":32},"end":{"line":13,"column":34}},"loc":{"start":{"line":13,"column":34},"end":{"line":13,"column":43}},"line":13}},"branchMap":{"0":{"loc":{"start":{"line":13,"column":32},"end":{"line":13,"column":43}},"type":"binary-expr","locations":[{"start":{"line":13,"column":32},"end":{"line":13,"column":34}},{"start":{"line":13,"column":32},"end":{"line":13,"column":43}}],"line":13},"1":{"loc":{"start":{"line":34,"column":2},"end":{"line":34,"column":76}},"type":"binary-expr","locations":[{"start":{"line":34,"column":2},"end":{"line":34,"column":5}},{"start":{"line":34,"column":2},"end":{"line":34,"column":76}}],"line":34}},"s":{"0":8,"1":1,"2":1},"f":{"0":1},"b":{"0":[10,8],"1":[10,8]},"meta":{"lastBranch":0,"lastFunction":0,"lastStatement":0,"seen":{}}}
,"/Users/wangqi/projects/mipa-draw/src/components/LayerManager.vue": {"path":"/Users/wangqi/projects/mipa-draw/src/components/LayerManager.vue","statementMap":{"0":{"start":{"line":5,"column":6},"end":{"line":5,"column":29}},"1":{"start":{"line":7,"column":6},"end":{"line":9,"column":null}},"2":{"start":{"line":8,"column":2},"end":{"line":8,"column":null}},"3":{"start":{"line":8,"column":44},"end":{"line":8,"column":63}},"4":{"start":{"line":12,"column":2},"end":{"line":12,"column":null}},"5":{"start":{"line":16,"column":2},"end":{"line":16,"column":null}},"6":{"start":{"line":20,"column":2},"end":{"line":20,"column":null}},"7":{"start":{"line":24,"column":2},"end":{"line":24,"column":null}},"8":{"start":{"line":28,"column":2},"end":{"line":28,"column":null}},"9":{"start":{"line":32,"column":2},"end":{"line":32,"column":null}},"10":{"start":{"line":36,"column":2},"end":{"line":36,"column":null}},"11":{"start":{"line":41,"column":22},"end":{"line":41,"column":null}},"12":{"start":{"line":42,"column":2},"end":{"line":42,"column":null}},"13":{"start":{"line":46,"column":2},"end":{"line":46,"column":null}},"14":{"start":{"line":51,"column":7},"end":{"line":51,"column":62}},"15":{"start":{"line":52,"column":9},"end":{"line":52,"column":63}},"16":{"start":{"line":59,"column":9},"end":{"line":59,"column":39}},"17":{"start":{"line":69,"column":15},"end":{"line":69,"column":115}},"18":{"start":{"line":81,"column":15},"end":{"line":81,"column":37}},"19":{"start":{"line":82,"column":15},"end":{"line":82,"column":53}},"20":{"start":{"line":83,"column":15},"end":{"line":83,"column":44}},"21":{"start":{"line":61,"column":8},"end":{"line":83,"column":73}},"22":{"start":{"line":66,"column":18},"end":{"line":66,"column":41}}},"fnMap":{"0":{"name":"(anonymous_0)","decl":{"start":{"line":7,"column":23},"end":{"line":7,"column":38}},"loc":{"start":{"line":7,"column":38},"end":{"line":9,"column":null}},"line":7},"1":{"name":"(anonymous_1)","decl":{"start":{"line":8,"column":29},"end":{"line":8,"column":35}},"loc":{"start":{"line":8,"column":44},"end":{"line":8,"column":63}},"line":8},"2":{"name":"(anonymous_2)","decl":{"start":{"line":66,"column":11},"end":{"line":66,"column":16}},"loc":{"start":{"line":66,"column":18},"end":{"line":66,"column":41}},"line":66}},"branchMap":{"0":{"loc":{"start":{"line":41,"column":22},"end":{"line":41,"column":null}},"type":"binary-expr","locations":[{"start":{"line":41,"column":22},"end":{"line":41,"column":30}},{"start":{"line":41,"column":30},"end":{"line":41,"column":38}},{"start":{"line":41,"column":38},"end":{"line":41,"column":null}}],"line":41},"1":{"loc":{"start":{"line":42,"column":9},"end":{"line":42,"column":null}},"type":"cond-expr","locations":[{"start":{"line":42,"column":35},"end":{"line":42,"column":74}},{"start":{"line":42,"column":74},"end":{"line":42,"column":null}}],"line":42},"2":{"loc":{"start":{"line":57,"column":10},"end":{"line":53,"column":55}},"type":"binary-expr","locations":[{"start":{"line":57,"column":10},"end":{"line":57,"column":null}},{"start":{"line":57,"column":10},"end":{"line":53,"column":55}}],"line":57},"3":{"loc":{"start":{"line":54,"column":18},"end":{"line":55,"column":null}},"type":"cond-expr","locations":[{"start":{"line":54,"column":49},"end":{"line":55,"column":null}},{"start":{"line":55,"column":45},"end":{"line":55,"column":null}}],"line":54},"4":{"loc":{"start":{"line":71,"column":20},"end":{"line":81,"column":15}},"type":"cond-expr","locations":[{"start":{"line":71,"column":32},"end":{"line":75,"column":null}},{"start":{"line":75,"column":12},"end":{"line":81,"column":15}}],"line":71}},"s":{"0":40,"1":40,"2":67,"3":4,"4":1,"5":0,"6":0,"7":0,"8":0,"9":0,"10":0,"11":24,"12":24,"13":24,"14":2,"15":2,"16":2,"17":2,"18":2,"19":2,"20":2,"21":24,"22":1},"f":{"0":67,"1":4,"2":1},"b":{"0":[24,0,0],"1":[2,22],"2":[85,40],"3":[9,76],"4":[1,23]},"meta":{"lastBranch":5,"lastFunction":3,"lastStatement":23,"seen":{"s:5:6:5:29":0,"s:7:6:9:Infinity":1,"f:7:23:7:38":0,"s:8:2:8:Infinity":2,"f:8:29:8:35":1,"s:8:44:8:63":3,"s:12:2:12:Infinity":4,"s:16:2:16:Infinity":5,"s:20:2:20:Infinity":6,"s:24:2:24:Infinity":7,"s:28:2:28:Infinity":8,"s:32:2:32:Infinity":9,"s:36:2:36:Infinity":10,"s:41:22:41:Infinity":11,"b:41:22:41:30:41:30:41:38:41:38:41:Infinity":0,"s:42:2:42:Infinity":12,"b:42:35:42:74:42:74:42:Infinity":1,"s:46:2:46:Infinity":13,"s:51:7:51:62":14,"s:52:9:52:63":15,"s:59:9:59:39":16,"s:69:15:69:115":17,"s:81:15:81:37":18,"s:82:15:82:53":19,"s:83:15:83:44":20,"b:57:10:57:Infinity:57:10:53:55":2,"b:54:49:55:Infinity:55:45:55:Infinity":3,"s:61:8:83:73":21,"f:66:11:66:16":2,"s:66:18:66:41":22,"b:71:32:75:Infinity:75:12:81:15":4}}}
,"/Users/wangqi/projects/mipa-draw/src/components/PropertiesPanel.vue": {"path":"/Users/wangqi/projects/mipa-draw/src/components/PropertiesPanel.vue","statementMap":{"0":{"start":{"line":5,"column":6},"end":{"line":5,"column":29}},"1":{"start":{"line":6,"column":6},"end":{"line":6,"column":60}},"2":{"start":{"line":6,"column":39},"end":{"line":6,"column":60}},"3":{"start":{"line":7,"column":6},"end":{"line":7,"column":62}},"4":{"start":{"line":7,"column":40},"end":{"line":7,"column":62}},"5":{"start":{"line":8,"column":6},"end":{"line":8,"column":72}},"6":{"start":{"line":8,"column":37},"end":{"line":8,"column":72}},"7":{"start":{"line":12,"column":4},"end":{"line":12,"column":null}},"8":{"start":{"line":14,"column":4},"end":{"line":14,"column":null}},"9":{"start":{"line":20,"column":4},"end":{"line":20,"column":null}},"10":{"start":{"line":22,"column":4},"end":{"line":22,"column":null}},"11":{"start":{"line":28,"column":4},"end":{"line":28,"column":null}},"12":{"start":{"line":30,"column":4},"end":{"line":30,"column":null}},"13":{"start":{"line":36,"column":4},"end":{"line":36,"column":null}},"14":{"start":{"line":38,"column":4},"end":{"line":38,"column":null}},"15":{"start":{"line":44,"column":4},"end":{"line":44,"column":null}},"16":{"start":{"line":46,"column":4},"end":{"line":46,"column":null}},"17":{"start":{"line":52,"column":4},"end":{"line":52,"column":null}},"18":{"start":{"line":54,"column":4},"end":{"line":54,"column":null}},"19":{"start":{"line":59,"column":16},"end":{"line":59,"column":63}},"20":{"start":{"line":61,"column":4},"end":{"line":61,"column":null}},"21":{"start":{"line":66,"column":16},"end":{"line":66,"column":63}},"22":{"start":{"line":68,"column":4},"end":{"line":68,"column":null}},"23":{"start":{"line":73,"column":16},"end":{"line":73,"column":63}},"24":{"start":{"line":75,"column":4},"end":{"line":75,"column":null}},"25":{"start":{"line":80,"column":16},"end":{"line":80,"column":63}},"26":{"start":{"line":82,"column":4},"end":{"line":82,"column":null}},"27":{"start":{"line":87,"column":16},"end":{"line":87,"column":63}},"28":{"start":{"line":89,"column":4},"end":{"line":89,"column":null}},"29":{"start":{"line":95,"column":7},"end":{"line":95,"column":62}},"30":{"start":{"line":100,"column":9},"end":{"line":100,"column":43}},"31":{"start":{"line":102,"column":13},"end":{"line":102,"column":25}},"32":{"start":{"line":104,"column":15},"end":{"line":104,"column":45}},"33":{"start":{"line":105,"column":15},"end":{"line":105,"column":44}},"34":{"start":{"line":159,"column":13},"end":{"line":159,"column":25}},"35":{"start":{"line":161,"column":15},"end":{"line":161,"column":45}},"36":{"start":{"line":162,"column":15},"end":{"line":162,"column":44}},"37":{"start":{"line":163,"column":15},"end":{"line":163,"column":44}},"38":{"start":{"line":164,"column":15},"end":{"line":164,"column":44}},"39":{"start":{"line":168,"column":13},"end":{"line":168,"column":25}},"40":{"start":{"line":170,"column":15},"end":{"line":170,"column":45}},"41":{"start":{"line":192,"column":13},"end":{"line":192,"column":25}},"42":{"start":{"line":194,"column":15},"end":{"line":194,"column":45}},"43":{"start":{"line":218,"column":13},"end":{"line":218,"column":25}},"44":{"start":{"line":220,"column":15},"end":{"line":220,"column":46}},"45":{"start":{"line":229,"column":18},"end":{"line":229,"column":52}}},"fnMap":{"0":{"name":"(anonymous_0)","decl":{"start":{"line":6,"column":24},"end":{"line":6,"column":39}},"loc":{"start":{"line":6,"column":39},"end":{"line":6,"column":60}},"line":6},"1":{"name":"(anonymous_1)","decl":{"start":{"line":7,"column":25},"end":{"line":7,"column":40}},"loc":{"start":{"line":7,"column":40},"end":{"line":7,"column":62}},"line":7},"2":{"name":"(anonymous_2)","decl":{"start":{"line":8,"column":22},"end":{"line":8,"column":37}},"loc":{"start":{"line":8,"column":37},"end":{"line":8,"column":72}},"line":8}},"branchMap":{"0":{"loc":{"start":{"line":60,"column":6},"end":{"line":60,"column":44}},"type":"binary-expr","locations":[{"start":{"line":60,"column":6},"end":{"line":60,"column":31}},{"start":{"line":60,"column":31},"end":{"line":60,"column":44}}],"line":60},"1":{"loc":{"start":{"line":67,"column":6},"end":{"line":67,"column":44}},"type":"binary-expr","locations":[{"start":{"line":67,"column":6},"end":{"line":67,"column":31}},{"start":{"line":67,"column":31},"end":{"line":67,"column":44}}],"line":67},"2":{"loc":{"start":{"line":74,"column":6},"end":{"line":74,"column":59}},"type":"binary-expr","locations":[{"start":{"line":74,"column":6},"end":{"line":74,"column":31}},{"start":{"line":74,"column":31},"end":{"line":74,"column":44}},{"start":{"line":74,"column":48},"end":{"line":74,"column":59}}],"line":74},"3":{"loc":{"start":{"line":81,"column":6},"end":{"line":81,"column":59}},"type":"binary-expr","locations":[{"start":{"line":81,"column":6},"end":{"line":81,"column":31}},{"start":{"line":81,"column":31},"end":{"line":81,"column":44}},{"start":{"line":81,"column":48},"end":{"line":81,"column":59}}],"line":81},"4":{"loc":{"start":{"line":88,"column":6},"end":{"line":88,"column":44}},"type":"binary-expr","locations":[{"start":{"line":88,"column":6},"end":{"line":88,"column":31}},{"start":{"line":88,"column":31},"end":{"line":88,"column":44}}],"line":88},"5":{"loc":{"start":{"line":290,"column":8},"end":{"line":100,"column":9}},"type":"binary-expr","locations":[{"start":{"line":290,"column":8},"end":{"line":290,"column":null}},{"start":{"line":290,"column":8},"end":{"line":100,"column":9}}],"line":290},"6":{"loc":{"start":{"line":107,"column":14},"end":{"line":103,"column":70}},"type":"binary-expr","locations":[{"start":{"line":107,"column":14},"end":{"line":107,"column":null}},{"start":{"line":107,"column":14},"end":{"line":103,"column":70}}],"line":107},"7":{"loc":{"start":{"line":109,"column":25},"end":{"line":110,"column":70}},"type":"binary-expr","locations":[{"start":{"line":109,"column":25},"end":{"line":109,"column":null}},{"start":{"line":109,"column":25},"end":{"line":110,"column":70}}],"line":109},"8":{"loc":{"start":{"line":139,"column":25},"end":{"line":140,"column":68}},"type":"binary-expr","locations":[{"start":{"line":139,"column":25},"end":{"line":139,"column":null}},{"start":{"line":139,"column":25},"end":{"line":140,"column":68}}],"line":139},"9":{"loc":{"start":{"line":166,"column":14},"end":{"line":160,"column":70}},"type":"binary-expr","locations":[{"start":{"line":166,"column":14},"end":{"line":166,"column":null}},{"start":{"line":166,"column":14},"end":{"line":160,"column":70}}],"line":166},"10":{"loc":{"start":{"line":163,"column":52},"end":{"line":163,"column":106}},"type":"cond-expr","locations":[{"start":{"line":163,"column":72},"end":{"line":163,"column":106}},{"start":{"line":163,"column":72},"end":{"line":163,"column":106}}],"line":163},"11":{"loc":{"start":{"line":190,"column":14},"end":{"line":169,"column":68}},"type":"binary-expr","locations":[{"start":{"line":190,"column":14},"end":{"line":190,"column":null}},{"start":{"line":190,"column":14},"end":{"line":169,"column":68}}],"line":190},"12":{"loc":{"start":{"line":179,"column":18},"end":{"line":172,"column":60}},"type":"binary-expr","locations":[{"start":{"line":179,"column":18},"end":{"line":179,"column":null}},{"start":{"line":179,"column":18},"end":{"line":172,"column":60}}],"line":179},"13":{"loc":{"start":{"line":188,"column":18},"end":{"line":181,"column":60}},"type":"binary-expr","locations":[{"start":{"line":188,"column":18},"end":{"line":188,"column":null}},{"start":{"line":188,"column":18},"end":{"line":181,"column":60}}],"line":188},"14":{"loc":{"start":{"line":216,"column":14},"end":{"line":193,"column":68}},"type":"binary-expr","locations":[{"start":{"line":216,"column":14},"end":{"line":216,"column":null}},{"start":{"line":216,"column":14},"end":{"line":193,"column":68}}],"line":216},"15":{"loc":{"start":{"line":204,"column":18},"end":{"line":196,"column":61}},"type":"binary-expr","locations":[{"start":{"line":204,"column":18},"end":{"line":204,"column":null}},{"start":{"line":204,"column":18},"end":{"line":196,"column":61}}],"line":204},"16":{"loc":{"start":{"line":214,"column":18},"end":{"line":206,"column":61}},"type":"binary-expr","locations":[{"start":{"line":214,"column":18},"end":{"line":214,"column":null}},{"start":{"line":214,"column":18},"end":{"line":206,"column":61}}],"line":214},"17":{"loc":{"start":{"line":231,"column":14},"end":{"line":219,"column":70}},"type":"binary-expr","locations":[{"start":{"line":231,"column":14},"end":{"line":231,"column":null}},{"start":{"line":231,"column":14},"end":{"line":219,"column":70}}],"line":231},"18":{"loc":{"start":{"line":233,"column":25},"end":{"line":234,"column":70}},"type":"binary-expr","locations":[{"start":{"line":233,"column":25},"end":{"line":233,"column":null}},{"start":{"line":233,"column":25},"end":{"line":234,"column":70}}],"line":233},"19":{"loc":{"start":{"line":263,"column":25},"end":{"line":264,"column":68}},"type":"binary-expr","locations":[{"start":{"line":263,"column":25},"end":{"line":263,"column":null}},{"start":{"line":263,"column":25},"end":{"line":264,"column":68}}],"line":263}},"s":{"0":21,"1":21,"2":35,"3":21,"4":0,"5":21,"6":42,"7":1,"8":1,"9":1,"10":1,"11":1,"12":1,"13":1,"14":1,"15":1,"16":1,"17":1,"18":1,"19":2,"20":2,"21":0,"22":0,"23":4,"24":2,"25":0,"26":0,"27":2,"28":2,"29":1,"30":1,"31":1,"32":1,"33":1,"34":1,"35":1,"36":1,"37":1,"38":1,"39":1,"40":1,"41":1,"42":1,"43":1,"44":1,"45":1},"f":{"0":35,"1":0,"2":42},"b":{"0":[2,2],"1":[0,0],"2":[4,4,4],"3":[0,0,0],"4":[2,2],"5":[49,21],"6":[6,5],"7":[6,5],"8":[6,5],"9":[20,12],"10":[1,19],"11":[20,12],"12":[20,12],"13":[20,12],"14":[20,12],"15":[20,12],"16":[20,12],"17":[20,12],"18":[20,12],"19":[20,12]},"meta":{"lastBranch":20,"lastFunction":3,"lastStatement":46,"seen":{"s:5:6:5:29":0,"s:6:6:6:60":1,"f:6:24:6:39":0,"s:6:39:6:60":2,"s:7:6:7:62":3,"f:7:25:7:40":1,"s:7:40:7:62":4,"s:8:6:8:72":5,"f:8:22:8:37":2,"s:8:37:8:72":6,"s:12:4:12:Infinity":7,"s:14:4:14:Infinity":8,"s:20:4:20:Infinity":9,"s:22:4:22:Infinity":10,"s:28:4:28:Infinity":11,"s:30:4:30:Infinity":12,"s:36:4:36:Infinity":13,"s:38:4:38:Infinity":14,"s:44:4:44:Infinity":15,"s:46:4:46:Infinity":16,"s:52:4:52:Infinity":17,"s:54:4:54:Infinity":18,"s:59:16:59:63":19,"b:60:6:60:31:60:31:60:44":0,"s:61:4:61:Infinity":20,"s:66:16:66:63":21,"b:67:6:67:31:67:31:67:44":1,"s:68:4:68:Infinity":22,"s:73:16:73:63":23,"b:74:6:74:31:74:31:74:44:74:48:74:59":2,"s:75:4:75:Infinity":24,"s:80:16:80:63":25,"b:81:6:81:31:81:31:81:44:81:48:81:59":3,"s:82:4:82:Infinity":26,"s:87:16:87:63":27,"b:88:6:88:31:88:31:88:44":4,"s:89:4:89:Infinity":28,"s:95:7:95:62":29,"s:100:9:100:43":30,"s:102:13:102:25":31,"s:104:15:104:45":32,"s:105:15:105:44":33,"s:159:13:159:25":34,"s:161:15:161:45":35,"s:162:15:162:44":36,"s:163:15:163:44":37,"s:164:15:164:44":38,"s:168:13:168:25":39,"s:170:15:170:45":40,"s:192:13:192:25":41,"s:194:15:194:45":42,"s:218:13:218:25":43,"s:220:15:220:46":44,"s:229:18:229:52":45,"b:290:8:290:Infinity:290:8:100:9":5,"b:107:14:107:Infinity:107:14:103:70":6,"b:109:25:109:Infinity:109:25:110:70":7,"b:139:25:139:Infinity:139:25:140:68":8,"b:166:14:166:Infinity:166:14:160:70":9,"b:163:72:163:106:163:72:163:106":10,"b:190:14:190:Infinity:190:14:169:68":11,"b:179:18:179:Infinity:179:18:172:60":12,"b:188:18:188:Infinity:188:18:181:60":13,"b:216:14:216:Infinity:216:14:193:68":14,"b:204:18:204:Infinity:204:18:196:61":15,"b:214:18:214:Infinity:214:18:206:61":16,"b:231:14:231:Infinity:231:14:219:70":17,"b:233:25:233:Infinity:233:25:234:70":18,"b:263:25:263:Infinity:263:25:264:68":19}}}
,"/Users/wangqi/projects/mipa-draw/src/components/StickerPanel.vue": {"path":"/Users/wangqi/projects/mipa-draw/src/components/StickerPanel.vue","statementMap":{"0":{"start":{"line":6,"column":6},"end":{"line":6,"column":29}},"1":{"start":{"line":7,"column":6},"end":{"line":7,"column":53}},"2":{"start":{"line":8,"column":6},"end":{"line":8,"column":51}},"3":{"start":{"line":10,"column":6},"end":{"line":23,"column":null}},"4":{"start":{"line":25,"column":6},"end":{"line":25,"column":null}},"5":{"start":{"line":28,"column":2},"end":{"line":28,"column":null}},"6":{"start":{"line":32,"column":30},"end":{"line":43,"column":null}},"7":{"start":{"line":44,"column":2},"end":{"line":44,"column":null}},"8":{"start":{"line":48,"column":16},"end":{"line":48,"column":null}},"9":{"start":{"line":49,"column":16},"end":{"line":49,"column":null}},"10":{"start":{"line":50,"column":2},"end":{"line":50,"column":null}},"11":{"start":{"line":50,"column":14},"end":{"line":50,"column":null}},"12":{"start":{"line":53,"column":19},"end":{"line":53,"column":34}},"13":{"start":{"line":55,"column":18},"end":{"line":55,"column":null}},"14":{"start":{"line":56,"column":20},"end":{"line":56,"column":74}},"15":{"start":{"line":57,"column":25},"end":{"line":62,"column":null}},"16":{"start":{"line":63,"column":6},"end":{"line":63,"column":null}},"17":{"start":{"line":64,"column":6},"end":{"line":64,"column":null}},"18":{"start":{"line":66,"column":4},"end":{"line":66,"column":null}},"19":{"start":{"line":68,"column":2},"end":{"line":68,"column":null}},"20":{"start":{"line":72,"column":16},"end":{"line":72,"column":65}},"21":{"start":{"line":72,"column":54},"end":{"line":72,"column":65}},"22":{"start":{"line":74,"column":4},"end":{"line":74,"column":null}},"23":{"start":{"line":80,"column":7},"end":{"line":80,"column":62}},"24":{"start":{"line":81,"column":9},"end":{"line":81,"column":30}},"25":{"start":{"line":99,"column":11},"end":{"line":99,"column":41}},"26":{"start":{"line":149,"column":15},"end":{"line":149,"column":85}},"27":{"start":{"line":161,"column":16},"end":{"line":161,"column":61}},"28":{"start":{"line":85,"column":16},"end":{"line":85,"column":null}},"29":{"start":{"line":92,"column":16},"end":{"line":92,"column":null}},"30":{"start":{"line":105,"column":29},"end":{"line":105,"column":55}},"31":{"start":{"line":106,"column":18},"end":{"line":106,"column":null}},"32":{"start":{"line":128,"column":16},"end":{"line":128,"column":32}},"33":{"start":{"line":164,"column":20},"end":{"line":164,"column":null}}},"fnMap":{"0":{"name":"(anonymous_0)","decl":{"start":{"line":72,"column":39},"end":{"line":72,"column":49}},"loc":{"start":{"line":72,"column":54},"end":{"line":72,"column":65}},"line":72},"1":{"name":"(anonymous_1)","decl":{"start":{"line":85,"column":14},"end":{"line":85,"column":16}},"loc":{"start":{"line":85,"column":16},"end":{"line":85,"column":null}},"line":85},"2":{"name":"(anonymous_2)","decl":{"start":{"line":92,"column":14},"end":{"line":92,"column":16}},"loc":{"start":{"line":92,"column":16},"end":{"line":92,"column":null}},"line":92},"3":{"name":"(anonymous_3)","decl":{"start":{"line":105,"column":11},"end":{"line":105,"column":23}},"loc":{"start":{"line":105,"column":29},"end":{"line":105,"column":55}},"line":105},"4":{"name":"(anonymous_4)","decl":{"start":{"line":106,"column":11},"end":{"line":106,"column":16}},"loc":{"start":{"line":106,"column":18},"end":{"line":106,"column":null}},"line":106},"5":{"name":"(anonymous_5)","decl":{"start":{"line":128,"column":14},"end":{"line":128,"column":16}},"loc":{"start":{"line":128,"column":16},"end":{"line":128,"column":32}},"line":128},"6":{"name":"(anonymous_6)","decl":{"start":{"line":164,"column":13},"end":{"line":164,"column":18}},"loc":{"start":{"line":164,"column":20},"end":{"line":164,"column":null}},"line":164}},"branchMap":{"0":{"loc":{"start":{"line":50,"column":2},"end":{"line":50,"column":null}},"type":"if","locations":[{"start":{"line":50,"column":2},"end":{"line":50,"column":null}},{"start":{},"end":{}}],"line":50},"1":{"loc":{"start":{"line":56,"column":20},"end":{"line":56,"column":74}},"type":"binary-expr","locations":[{"start":{"line":56,"column":20},"end":{"line":56,"column":45}},{"start":{"line":56,"column":49},"end":{"line":56,"column":74}}],"line":56},"2":{"loc":{"start":{"line":59,"column":15},"end":{"line":59,"column":null}},"type":"cond-expr","locations":[{"start":{"line":59,"column":23},"end":{"line":59,"column":31}},{"start":{"line":59,"column":31},"end":{"line":59,"column":null}}],"line":59},"3":{"loc":{"start":{"line":84,"column":16},"end":{"line":84,"column":null}},"type":"cond-expr","locations":[{"start":{"line":84,"column":25},"end":{"line":84,"column":null}},{"start":{"line":84,"column":25},"end":{"line":84,"column":null}}],"line":84},"4":{"loc":{"start":{"line":85,"column":14},"end":{"line":85,"column":null}},"type":"binary-expr","locations":[{"start":{"line":85,"column":14},"end":{"line":85,"column":16}},{"start":{"line":85,"column":14},"end":{"line":85,"column":null}}],"line":85},"5":{"loc":{"start":{"line":91,"column":16},"end":{"line":91,"column":null}},"type":"cond-expr","locations":[{"start":{"line":91,"column":25},"end":{"line":91,"column":null}},{"start":{"line":91,"column":25},"end":{"line":91,"column":null}}],"line":91},"6":{"loc":{"start":{"line":92,"column":14},"end":{"line":92,"column":null}},"type":"binary-expr","locations":[{"start":{"line":92,"column":14},"end":{"line":92,"column":16}},{"start":{"line":92,"column":14},"end":{"line":92,"column":null}}],"line":92},"7":{"loc":{"start":{"line":128,"column":14},"end":{"line":128,"column":null}},"type":"binary-expr","locations":[{"start":{"line":128,"column":14},"end":{"line":128,"column":16}},{"start":{"line":128,"column":14},"end":{"line":128,"column":32}}],"line":128},"8":{"loc":{"start":{"line":138,"column":8},"end":{"line":138,"column":43}},"type":"binary-expr","locations":[{"start":{"line":138,"column":8},"end":{"line":138,"column":13}},{"start":{"line":138,"column":8},"end":{"line":138,"column":43}}],"line":138},"9":{"loc":{"start":{"line":139,"column":8},"end":{"line":139,"column":55}},"type":"binary-expr","locations":[{"start":{"line":139,"column":8},"end":{"line":139,"column":11}},{"start":{"line":139,"column":8},"end":{"line":139,"column":55}}],"line":139},"10":{"loc":{"start":{"line":140,"column":8},"end":{"line":140,"column":62}},"type":"binary-expr","locations":[{"start":{"line":140,"column":8},"end":{"line":140,"column":11}},{"start":{"line":140,"column":8},"end":{"line":140,"column":62}}],"line":140}},"s":{"0":58,"1":58,"2":58,"3":58,"4":58,"5":3,"6":11,"7":11,"8":9,"9":9,"10":9,"11":1,"12":9,"13":8,"14":8,"15":8,"16":8,"17":8,"18":9,"19":7,"20":1,"21":1,"22":1,"23":2,"24":2,"25":2,"26":2,"27":2,"28":10,"29":34,"30":3,"31":3,"32":2,"33":1},"f":{"0":1,"1":10,"2":34,"3":3,"4":3,"5":2,"6":1},"b":{"0":[1,8],"1":[8,7],"2":[2,6],"3":[68,49],"4":[117,58],"5":[49,68],"6":[117,58],"7":[49,25],"8":[49,25],"9":[49,25],"10":[49,25]},"meta":{"lastBranch":11,"lastFunction":7,"lastStatement":34,"seen":{"s:6:6:6:29":0,"s:7:6:7:53":1,"s:8:6:8:51":2,"s:10:6:23:Infinity":3,"s:25:6:25:Infinity":4,"s:28:2:28:Infinity":5,"s:32:30:43:Infinity":6,"s:44:2:44:Infinity":7,"s:48:16:48:Infinity":8,"s:49:16:49:Infinity":9,"b:50:2:50:Infinity:undefined:undefined:undefined:undefined":0,"s:50:2:50:Infinity":10,"s:50:14:50:Infinity":11,"s:53:19:53:34":12,"s:55:18:55:Infinity":13,"s:56:20:56:74":14,"b:56:20:56:45:56:49:56:74":1,"s:57:25:62:Infinity":15,"b:59:23:59:31:59:31:59:Infinity":2,"s:63:6:63:Infinity":16,"s:64:6:64:Infinity":17,"s:66:4:66:Infinity":18,"s:68:2:68:Infinity":19,"s:72:16:72:65":20,"f:72:39:72:49":0,"s:72:54:72:65":21,"s:74:4:74:Infinity":22,"s:80:7:80:62":23,"s:81:9:81:30":24,"s:99:11:99:41":25,"s:149:15:149:85":26,"s:161:16:161:61":27,"b:84:25:84:Infinity:84:25:84:Infinity":3,"b:85:14:85:16:85:14:85:Infinity":4,"f:85:14:85:16":1,"s:85:16:85:Infinity":28,"b:91:25:91:Infinity:91:25:91:Infinity":5,"b:92:14:92:16:92:14:92:Infinity":6,"f:92:14:92:16":2,"s:92:16:92:Infinity":29,"f:105:11:105:23":3,"s:105:29:105:55":30,"f:106:11:106:16":4,"s:106:18:106:Infinity":31,"b:128:14:128:16:128:14:128:32":7,"f:128:14:128:16":5,"s:128:16:128:32":32,"b:138:8:138:13:138:8:138:43":8,"b:139:8:139:11:139:8:139:55":9,"b:140:8:140:11:140:8:140:62":10,"f:164:13:164:18":6,"s:164:20:164:Infinity":33}}}
,"/Users/wangqi/projects/mipa-draw/src/components/Toolbar.vue": {"path":"/Users/wangqi/projects/mipa-draw/src/components/Toolbar.vue","statementMap":{"0":{"start":{"line":6,"column":6},"end":{"line":6,"column":29}},"1":{"start":{"line":9,"column":20},"end":{"line":9,"column":64}},"2":{"start":{"line":10,"column":2},"end":{"line":10,"column":null}},"3":{"start":{"line":13,"column":24},"end":{"line":17,"column":null}},"4":{"start":{"line":19,"column":20},"end":{"line":30,"column":null}},"5":{"start":{"line":32,"column":18},"end":{"line":41,"column":null}},"6":{"start":{"line":43,"column":6},"end":{"line":43,"column":31}},"7":{"start":{"line":44,"column":6},"end":{"line":44,"column":33}},"8":{"start":{"line":45,"column":6},"end":{"line":45,"column":37}},"9":{"start":{"line":47,"column":6},"end":{"line":47,"column":44}},"10":{"start":{"line":48,"column":6},"end":{"line":48,"column":46}},"11":{"start":{"line":51,"column":2},"end":{"line":51,"column":null}},"12":{"start":{"line":52,"column":2},"end":{"line":52,"column":null}},"13":{"start":{"line":53,"column":2},"end":{"line":53,"column":null}},"14":{"start":{"line":57,"column":24},"end":{"line":57,"column":64}},"15":{"start":{"line":58,"column":2},"end":{"line":58,"column":null}},"16":{"start":{"line":58,"column":22},"end":{"line":58,"column":null}},"17":{"start":{"line":61,"column":19},"end":{"line":64,"column":null}},"18":{"start":{"line":66,"column":17},"end":{"line":66,"column":43}},"19":{"start":{"line":67,"column":4},"end":{"line":67,"column":null}},"20":{"start":{"line":68,"column":4},"end":{"line":68,"column":null}},"21":{"start":{"line":69,"column":4},"end":{"line":69,"column":null}},"22":{"start":{"line":71,"column":4},"end":{"line":71,"column":null}},"23":{"start":{"line":73,"column":2},"end":{"line":73,"column":null}},"24":{"start":{"line":84,"column":28},"end":{"line":84,"column":49}},"25":{"start":{"line":87,"column":15},"end":{"line":87,"column":null}},"26":{"start":{"line":88,"column":15},"end":{"line":88,"column":41}},"27":{"start":{"line":89,"column":2},"end":{"line":89,"column":null}},"28":{"start":{"line":90,"column":2},"end":{"line":90,"column":null}},"29":{"start":{"line":91,"column":2},"end":{"line":91,"column":null}},"30":{"start":{"line":95,"column":18},"end":{"line":95,"column":null}},"31":{"start":{"line":96,"column":15},"end":{"line":96,"column":18}},"32":{"start":{"line":97,"column":4},"end":{"line":97,"column":null}},"33":{"start":{"line":99,"column":15},"end":{"line":99,"column":18}},"34":{"start":{"line":100,"column":4},"end":{"line":100,"column":null}},"35":{"start":{"line":102,"column":2},"end":{"line":102,"column":null}},"36":{"start":{"line":107,"column":4},"end":{"line":107,"column":null}},"37":{"start":{"line":109,"column":2},"end":{"line":109,"column":null}},"38":{"start":{"line":113,"column":2},"end":{"line":113,"column":null}},"39":{"start":{"line":117,"column":16},"end":{"line":117,"column":null}},"40":{"start":{"line":118,"column":15},"end":{"line":118,"column":null}},"41":{"start":{"line":119,"column":2},"end":{"line":119,"column":null}},"42":{"start":{"line":119,"column":13},"end":{"line":119,"column":null}},"43":{"start":{"line":121,"column":17},"end":{"line":121,"column":32}},"44":{"start":{"line":123,"column":4},"end":{"line":123,"column":null}},"45":{"start":{"line":125,"column":2},"end":{"line":125,"column":null}},"46":{"start":{"line":132,"column":7},"end":{"line":132,"column":79}},"47":{"start":{"line":133,"column":9},"end":{"line":133,"column":54}},"48":{"start":{"line":156,"column":9},"end":{"line":156,"column":54}},"49":{"start":{"line":177,"column":9},"end":{"line":177,"column":54}},"50":{"start":{"line":190,"column":9},"end":{"line":190,"column":45}},"51":{"start":{"line":221,"column":11},"end":{"line":221,"column":47}},"52":{"start":{"line":223,"column":13},"end":{"line":223,"column":30}},"53":{"start":{"line":244,"column":15},"end":{"line":244,"column":38}},"54":{"start":{"line":263,"column":11},"end":{"line":263,"column":47}},"55":{"start":{"line":265,"column":13},"end":{"line":265,"column":30}},"56":{"start":{"line":304,"column":11},"end":{"line":304,"column":65}},"57":{"start":{"line":313,"column":11},"end":{"line":313,"column":32}},"58":{"start":{"line":316,"column":15},"end":{"line":316,"column":45}},"59":{"start":{"line":330,"column":15},"end":{"line":330,"column":45}},"60":{"start":{"line":367,"column":15},"end":{"line":367,"column":32}},"61":{"start":{"line":368,"column":17},"end":{"line":368,"column":58}},"62":{"start":{"line":391,"column":20},"end":{"line":391,"column":49}},"63":{"start":{"line":137,"column":16},"end":{"line":137,"column":26}},"64":{"start":{"line":146,"column":16},"end":{"line":146,"column":26}},"65":{"start":{"line":159,"column":16},"end":{"line":159,"column":null}},"66":{"start":{"line":168,"column":16},"end":{"line":168,"column":null}},"67":{"start":{"line":181,"column":16},"end":{"line":181,"column":null}},"68":{"start":{"line":193,"column":16},"end":{"line":193,"column":null}},"69":{"start":{"line":211,"column":16},"end":{"line":211,"column":33}},"70":{"start":{"line":227,"column":30},"end":{"line":227,"column":null}},"71":{"start":{"line":237,"column":30},"end":{"line":237,"column":null}},"72":{"start":{"line":247,"column":22},"end":{"line":247,"column":null}},"73":{"start":{"line":295,"column":20},"end":{"line":295,"column":null}},"74":{"start":{"line":306,"column":62},"end":{"line":306,"column":null}},"75":{"start":{"line":323,"column":22},"end":{"line":323,"column":62}},"76":{"start":{"line":323,"column":62},"end":{"line":323,"column":109}},"77":{"start":{"line":323,"column":109},"end":{"line":323,"column":null}},"78":{"start":{"line":337,"column":22},"end":{"line":337,"column":68}},"79":{"start":{"line":337,"column":68},"end":{"line":337,"column":null}},"80":{"start":{"line":359,"column":20},"end":{"line":359,"column":null}},"81":{"start":{"line":373,"column":24},"end":{"line":373,"column":null}},"82":{"start":{"line":384,"column":32},"end":{"line":384,"column":null}},"83":{"start":{"line":396,"column":25},"end":{"line":396,"column":null}}},"fnMap":{"0":{"name":"(anonymous_0)","decl":{"start":{"line":84,"column":19},"end":{"line":84,"column":23}},"loc":{"start":{"line":84,"column":28},"end":{"line":84,"column":49}},"line":84},"1":{"name":"(anonymous_1)","decl":{"start":{"line":137,"column":14},"end":{"line":137,"column":16}},"loc":{"start":{"line":137,"column":16},"end":{"line":137,"column":26}},"line":137},"2":{"name":"(anonymous_2)","decl":{"start":{"line":146,"column":14},"end":{"line":146,"column":16}},"loc":{"start":{"line":146,"column":16},"end":{"line":146,"column":26}},"line":146},"3":{"name":"(anonymous_3)","decl":{"start":{"line":159,"column":14},"end":{"line":159,"column":16}},"loc":{"start":{"line":159,"column":16},"end":{"line":159,"column":null}},"line":159},"4":{"name":"(anonymous_4)","decl":{"start":{"line":168,"column":14},"end":{"line":168,"column":16}},"loc":{"start":{"line":168,"column":16},"end":{"line":168,"column":null}},"line":168},"5":{"name":"(anonymous_5)","decl":{"start":{"line":181,"column":14},"end":{"line":181,"column":16}},"loc":{"start":{"line":181,"column":16},"end":{"line":181,"column":null}},"line":181},"6":{"name":"(anonymous_6)","decl":{"start":{"line":193,"column":14},"end":{"line":193,"column":16}},"loc":{"start":{"line":193,"column":16},"end":{"line":193,"column":null}},"line":193},"7":{"name":"(anonymous_7)","decl":{"start":{"line":211,"column":14},"end":{"line":211,"column":16}},"loc":{"start":{"line":211,"column":16},"end":{"line":211,"column":33}},"line":211},"8":{"name":"(anonymous_8)","decl":{"start":{"line":227,"column":30},"end":{"line":227,"column":41}},"loc":{"start":{"line":227,"column":30},"end":{"line":227,"column":null}},"line":227},"9":{"name":"(anonymous_9)","decl":{"start":{"line":237,"column":30},"end":{"line":237,"column":42}},"loc":{"start":{"line":237,"column":30},"end":{"line":237,"column":null}},"line":237},"10":{"name":"(anonymous_10)","decl":{"start":{"line":247,"column":20},"end":{"line":247,"column":22}},"loc":{"start":{"line":247,"column":22},"end":{"line":247,"column":null}},"line":247},"11":{"name":"(anonymous_11)","decl":{"start":{"line":295,"column":18},"end":{"line":295,"column":20}},"loc":{"start":{"line":295,"column":20},"end":{"line":295,"column":null}},"line":295},"12":{"name":"(anonymous_12)","decl":{"start":{"line":306,"column":60},"end":{"line":306,"column":62}},"loc":{"start":{"line":306,"column":62},"end":{"line":306,"column":null}},"line":306},"13":{"name":"(anonymous_13)","decl":{"start":{"line":359,"column":18},"end":{"line":359,"column":20}},"loc":{"start":{"line":359,"column":20},"end":{"line":359,"column":null}},"line":359},"14":{"name":"(anonymous_14)","decl":{"start":{"line":373,"column":22},"end":{"line":373,"column":24}},"loc":{"start":{"line":373,"column":24},"end":{"line":373,"column":null}},"line":373},"15":{"name":"(anonymous_15)","decl":{"start":{"line":384,"column":32},"end":{"line":384,"column":38}},"loc":{"start":{"line":384,"column":32},"end":{"line":384,"column":null}},"line":384},"16":{"name":"(anonymous_16)","decl":{"start":{"line":396,"column":25},"end":{"line":396,"column":31}},"loc":{"start":{"line":396,"column":25},"end":{"line":396,"column":null}},"line":396}},"branchMap":{"0":{"loc":{"start":{"line":58,"column":2},"end":{"line":58,"column":null}},"type":"if","locations":[{"start":{"line":58,"column":2},"end":{"line":58,"column":null}},{"start":{},"end":{}}],"line":58},"1":{"loc":{"start":{"line":80,"column":6},"end":{"line":80,"column":null}},"type":"cond-expr","locations":[{"start":{"line":80,"column":42},"end":{"line":80,"column":124}},{"start":{"line":80,"column":124},"end":{"line":80,"column":null}}],"line":80},"2":{"loc":{"start":{"line":83,"column":4},"end":{"line":83,"column":null}},"type":"cond-expr","locations":[{"start":{"line":83,"column":30},"end":{"line":83,"column":47}},{"start":{"line":83,"column":50},"end":{"line":83,"column":null}}],"line":83},"3":{"loc":{"start":{"line":119,"column":2},"end":{"line":119,"column":null}},"type":"if","locations":[{"start":{"line":119,"column":2},"end":{"line":119,"column":null}},{"start":{},"end":{}}],"line":119},"4":{"loc":{"start":{"line":137,"column":14},"end":{"line":137,"column":null}},"type":"binary-expr","locations":[{"start":{"line":137,"column":14},"end":{"line":137,"column":16}},{"start":{"line":137,"column":14},"end":{"line":137,"column":26}}],"line":137},"5":{"loc":{"start":{"line":139,"column":8},"end":{"line":143,"column":null}},"type":"binary-expr","locations":[{"start":{"line":139,"column":8},"end":{"line":139,"column":13}},{"start":{"line":139,"column":8},"end":{"line":143,"column":null}}],"line":139},"6":{"loc":{"start":{"line":146,"column":14},"end":{"line":146,"column":null}},"type":"binary-expr","locations":[{"start":{"line":146,"column":14},"end":{"line":146,"column":16}},{"start":{"line":146,"column":14},"end":{"line":146,"column":26}}],"line":146},"7":{"loc":{"start":{"line":159,"column":14},"end":{"line":159,"column":null}},"type":"binary-expr","locations":[{"start":{"line":159,"column":14},"end":{"line":159,"column":16}},{"start":{"line":159,"column":14},"end":{"line":159,"column":null}}],"line":159},"8":{"loc":{"start":{"line":161,"column":8},"end":{"line":165,"column":15}},"type":"binary-expr","locations":[{"start":{"line":161,"column":8},"end":{"line":161,"column":13}},{"start":{"line":161,"column":8},"end":{"line":165,"column":15}}],"line":161},"9":{"loc":{"start":{"line":168,"column":14},"end":{"line":168,"column":null}},"type":"binary-expr","locations":[{"start":{"line":168,"column":14},"end":{"line":168,"column":16}},{"start":{"line":168,"column":14},"end":{"line":168,"column":null}}],"line":168},"10":{"loc":{"start":{"line":170,"column":8},"end":{"line":174,"column":15}},"type":"binary-expr","locations":[{"start":{"line":170,"column":8},"end":{"line":170,"column":13}},{"start":{"line":170,"column":8},"end":{"line":174,"column":15}}],"line":170},"11":{"loc":{"start":{"line":181,"column":14},"end":{"line":181,"column":null}},"type":"binary-expr","locations":[{"start":{"line":181,"column":14},"end":{"line":181,"column":16}},{"start":{"line":181,"column":14},"end":{"line":181,"column":null}}],"line":181},"12":{"loc":{"start":{"line":183,"column":8},"end":{"line":187,"column":15}},"type":"binary-expr","locations":[{"start":{"line":183,"column":8},"end":{"line":183,"column":13}},{"start":{"line":183,"column":8},"end":{"line":187,"column":15}}],"line":183},"13":{"loc":{"start":{"line":193,"column":14},"end":{"line":193,"column":null}},"type":"binary-expr","locations":[{"start":{"line":193,"column":14},"end":{"line":193,"column":16}},{"start":{"line":193,"column":14},"end":{"line":193,"column":null}}],"line":193},"14":{"loc":{"start":{"line":195,"column":8},"end":{"line":199,"column":15}},"type":"binary-expr","locations":[{"start":{"line":195,"column":8},"end":{"line":195,"column":13}},{"start":{"line":195,"column":8},"end":{"line":199,"column":15}}],"line":195},"15":{"loc":{"start":{"line":204,"column":8},"end":{"line":208,"column":15}},"type":"binary-expr","locations":[{"start":{"line":204,"column":8},"end":{"line":204,"column":13}},{"start":{"line":204,"column":8},"end":{"line":208,"column":15}}],"line":204},"16":{"loc":{"start":{"line":211,"column":14},"end":{"line":211,"column":null}},"type":"binary-expr","locations":[{"start":{"line":211,"column":14},"end":{"line":211,"column":16}},{"start":{"line":211,"column":14},"end":{"line":211,"column":33}}],"line":211},"17":{"loc":{"start":{"line":213,"column":8},"end":{"line":217,"column":15}},"type":"binary-expr","locations":[{"start":{"line":213,"column":8},"end":{"line":213,"column":13}},{"start":{"line":213,"column":8},"end":{"line":217,"column":15}}],"line":213},"18":{"loc":{"start":{"line":259,"column":12},"end":{"line":222,"column":58}},"type":"binary-expr","locations":[{"start":{"line":259,"column":12},"end":{"line":259,"column":null}},{"start":{"line":259,"column":12},"end":{"line":222,"column":58}}],"line":259},"19":{"loc":{"start":{"line":233,"column":16},"end":{"line":225,"column":75}},"type":"binary-expr","locations":[{"start":{"line":233,"column":16},"end":{"line":233,"column":null}},{"start":{"line":233,"column":16},"end":{"line":225,"column":75}}],"line":233},"20":{"loc":{"start":{"line":227,"column":30},"end":{"line":227,"column":null}},"type":"binary-expr","locations":[{"start":{"line":227,"column":30},"end":{"line":227,"column":41}},{"start":{"line":227,"column":30},"end":{"line":227,"column":null}}],"line":227},"21":{"loc":{"start":{"line":243,"column":16},"end":{"line":235,"column":75}},"type":"binary-expr","locations":[{"start":{"line":243,"column":16},"end":{"line":243,"column":null}},{"start":{"line":243,"column":16},"end":{"line":235,"column":75}}],"line":243},"22":{"loc":{"start":{"line":237,"column":30},"end":{"line":237,"column":null}},"type":"binary-expr","locations":[{"start":{"line":237,"column":30},"end":{"line":237,"column":42}},{"start":{"line":237,"column":30},"end":{"line":237,"column":null}}],"line":237},"23":{"loc":{"start":{"line":247,"column":20},"end":{"line":247,"column":null}},"type":"binary-expr","locations":[{"start":{"line":247,"column":20},"end":{"line":247,"column":22}},{"start":{"line":247,"column":20},"end":{"line":247,"column":null}}],"line":247},"24":{"loc":{"start":{"line":300,"column":12},"end":{"line":264,"column":56}},"type":"binary-expr","locations":[{"start":{"line":300,"column":12},"end":{"line":300,"column":null}},{"start":{"line":300,"column":12},"end":{"line":264,"column":56}}],"line":300},"25":{"loc":{"start":{"line":270,"column":12},"end":{"line":274,"column":19}},"type":"binary-expr","locations":[{"start":{"line":270,"column":12},"end":{"line":270,"column":17}},{"start":{"line":270,"column":12},"end":{"line":274,"column":19}}],"line":270},"26":{"loc":{"start":{"line":279,"column":12},"end":{"line":283,"column":19}},"type"
[...]
n":57}},"63":{"start":{"line":147,"column":45},"end":{"line":147,"column":57}},"64":{"start":{"line":149,"column":6},"end":{"line":149,"column":null}},"65":{"start":{"line":150,"column":6},"end":{"line":150,"column":null}},"66":{"start":{"line":155,"column":4},"end":{"line":155,"column":null}},"67":{"start":{"line":155,"column":43},"end":{"line":155,"column":53}},"68":{"start":{"line":159,"column":20},"end":{"line":159,"column":57}},"69":{"start":{"line":159,"column":45},"end":{"line":159,"column":57}},"70":{"start":{"line":161,"column":6},"end":{"line":161,"column":null}},"71":{"start":{"line":162,"column":6},"end":{"line":162,"column":null}},"72":{"start":{"line":167,"column":4},"end":{"line":167,"column":null}},"73":{"start":{"line":167,"column":43},"end":{"line":167,"column":55}},"74":{"start":{"line":171,"column":20},"end":{"line":171,"column":57}},"75":{"start":{"line":171,"column":45},"end":{"line":171,"column":57}},"76":{"start":{"line":173,"column":34},"end":{"line":179,"column":null}},"77":{"start":{"line":180,"column":6},"end":{"line":180,"column":null}},"78":{"start":{"line":181,"column":6},"end":{"line":181,"column":null}},"79":{"start":{"line":182,"column":6},"end":{"line":182,"column":null}},"80":{"start":{"line":187,"column":29},"end":{"line":187,"column":31}},"81":{"start":{"line":188,"column":4},"end":{"line":201,"column":null}},"82":{"start":{"line":189,"column":22},"end":{"line":189,"column":59}},"83":{"start":{"line":189,"column":47},"end":{"line":189,"column":59}},"84":{"start":{"line":191,"column":36},"end":{"line":197,"column":null}},"85":{"start":{"line":198,"column":8},"end":{"line":198,"column":null}},"86":{"start":{"line":199,"column":8},"end":{"line":199,"column":null}},"87":{"start":{"line":202,"column":4},"end":{"line":202,"column":null}},"88":{"start":{"line":203,"column":4},"end":{"line":203,"column":null}},"89":{"start":{"line":207,"column":22},"end":{"line":207,"column":39}},"90":{"start":{"line":212,"column":8},"end":{"line":212,"column":null}},"91":{"start":{"line":213,"column":8},"end":{"line":213,"column":null}},"92":{"start":{"line":217,"column":6},"end":{"line":217,"column":null}},"93":{"start":{"line":222,"column":8},"end":{"line":222,"column":null}},"94":{"start":{"line":225,"column":8},"end":{"line":225,"column":null}},"95":{"start":{"line":228,"column":6},"end":{"line":231,"column":null}},"96":{"start":{"line":233,"column":6},"end":{"line":233,"column":null}},"97":{"start":{"line":237,"column":8},"end":{"line":237,"column":null}},"98":{"start":{"line":238,"column":8},"end":{"line":238,"column":null}},"99":{"start":{"line":242,"column":6},"end":{"line":242,"column":null}},"100":{"start":{"line":245,"column":22},"end":{"line":245,"column":39}},"101":{"start":{"line":246,"column":28},"end":{"line":246,"column":null}},"102":{"start":{"line":247,"column":6},"end":{"line":247,"column":null}},"103":{"start":{"line":248,"column":6},"end":{"line":250,"column":null}},"104":{"start":{"line":251,"column":6},"end":{"line":251,"column":null}},"105":{"start":{"line":254,"column":6},"end":{"line":254,"column":null}},"106":{"start":{"line":256,"column":6},"end":{"line":256,"column":null}},"107":{"start":{"line":262,"column":6},"end":{"line":262,"column":null}},"108":{"start":{"line":263,"column":6},"end":{"line":266,"column":null}},"109":{"start":{"line":267,"column":6},"end":{"line":267,"column":null}},"110":{"start":{"line":270,"column":8},"end":{"line":270,"column":null}},"111":{"start":{"line":271,"column":8},"end":{"line":271,"column":null}},"112":{"start":{"line":274,"column":6},"end":{"line":274,"column":null}},"113":{"start":{"line":281,"column":8},"end":{"line":281,"column":null}},"114":{"start":{"line":282,"column":22},"end":{"line":282,"column":null}},"115":{"start":{"line":286,"column":12},"end":{"line":286,"column":null}},"116":{"start":{"line":289,"column":12},"end":{"line":289,"column":null}},"117":{"start":{"line":294,"column":6},"end":{"line":294,"column":null}},"118":{"start":{"line":295,"column":6},"end":{"line":295,"column":null}},"119":{"start":{"line":301,"column":6},"end":{"line":301,"column":null}},"120":{"start":{"line":302,"column":20},"end":{"line":302,"column":null}},"121":{"start":{"line":304,"column":8},"end":{"line":304,"column":null}},"122":{"start":{"line":312,"column":8},"end":{"line":312,"column":null}},"123":{"start":{"line":313,"column":22},"end":{"line":313,"column":null}},"124":{"start":{"line":317,"column":12},"end":{"line":317,"column":null}},"125":{"start":{"line":320,"column":12},"end":{"line":320,"column":null}},"126":{"start":{"line":325,"column":6},"end":{"line":325,"column":null}},"127":{"start":{"line":326,"column":6},"end":{"line":326,"column":null}},"128":{"start":{"line":332,"column":6},"end":{"line":332,"column":null}},"129":{"start":{"line":333,"column":20},"end":{"line":333,"column":null}},"130":{"start":{"line":335,"column":8},"end":{"line":335,"column":null}},"131":{"start":{"line":341,"column":4},"end":{"line":341,"column":null}},"132":{"start":{"line":342,"column":4},"end":{"line":342,"column":null}},"133":{"start":{"line":343,"column":4},"end":{"line":343,"column":null}},"134":{"start":{"line":350,"column":6},"end":{"line":350,"column":null}},"135":{"start":{"line":353,"column":4},"end":{"line":353,"column":null}},"136":{"start":{"line":357,"column":6},"end":{"line":360,"column":null}},"137":{"start":{"line":358,"column":8},"end":{"line":358,"column":null}},"138":{"start":{"line":359,"column":8},"end":{"line":359,"column":null}},"139":{"start":{"line":365,"column":20},"end":{"line":365,"column":64}},"140":{"start":{"line":365,"column":45},"end":{"line":365,"column":64}},"141":{"start":{"line":368,"column":8},"end":{"line":368,"column":null}},"142":{"start":{"line":371,"column":8},"end":{"line":371,"column":null}},"143":{"start":{"line":378,"column":6},"end":{"line":378,"column":null}},"144":{"start":{"line":379,"column":6},"end":{"line":379,"column":null}},"145":{"start":{"line":381,"column":4},"end":{"line":381,"column":null}},"146":{"start":{"line":382,"column":4},"end":{"line":382,"column":null}},"147":{"start":{"line":386,"column":4},"end":{"line":391,"column":null}},"148":{"start":{"line":396,"column":2},"end":{"line":400,"column":null}},"149":{"start":{"line":396,"column":14},"end":{"line":396,"column":43}},"150":{"start":{"line":398,"column":6},"end":{"line":398,"column":null}},"151":{"start":{"line":402,"column":2},"end":{"line":437,"column":null}}},"fnMap":{"0":{"name":"(anonymous_0)","decl":{"start":{"line":5,"column":42},"end":{"line":5,"column":58}},"loc":{"start":{"line":5,"column":58},"end":{"line":438,"column":null}},"line":5},"1":{"name":"(anonymous_1)","decl":{"start":{"line":35,"column":26},"end":{"line":35,"column":41}},"loc":{"start":{"line":35,"column":41},"end":{"line":40,"column":null}},"line":35},"2":{"name":"(anonymous_2)","decl":{"start":{"line":37,"column":28},"end":{"line":37,"column":33}},"loc":{"start":{"line":37,"column":38},"end":{"line":37,"column":75}},"line":37},"3":{"name":"(anonymous_3)","decl":{"start":{"line":42,"column":27},"end":{"line":42,"column":null}},"loc":{"start":{"line":43,"column":4},"end":{"line":43,"column":71}},"line":43},"4":{"name":"(anonymous_4)","decl":{"start":{"line":43,"column":19},"end":{"line":43,"column":26}},"loc":{"start":{"line":43,"column":31},"end":{"line":43,"column":70}},"line":43},"5":{"name":"(anonymous_5)","decl":{"start":{"line":46,"column":20},"end":{"line":46,"column":null}},"loc":{"start":{"line":47,"column":4},"end":{"line":49,"column":null}},"line":47},"6":{"name":"(anonymous_6)","decl":{"start":{"line":48,"column":35},"end":{"line":48,"column":39}},"loc":{"start":{"line":48,"column":44},"end":{"line":48,"column":53}},"line":48},"7":{"name":"(anonymous_7)","decl":{"start":{"line":60,"column":33},"end":{"line":60,"column":43}},"loc":{"start":{"line":60,"column":48},"end":{"line":60,"column":60}},"line":60},"8":{"name":"(anonymous_8)","decl":{"start":{"line":63,"column":58},"end":{"line":63,"column":65}},"loc":{"start":{"line":63,"column":72},"end":{"line":63,"column":83}},"line":63},"9":{"name":"(anonymous_9)","decl":{"start":{"line":71,"column":36},"end":{"line":71,"column":43}},"loc":{"start":{"line":71,"column":54},"end":{"line":71,"column":87}},"line":71},"10":{"name":"(anonymous_10)","decl":{"start":{"line":78,"column":35},"end":{"line":78,"column":40}},"loc":{"start":{"line":78,"column":45},"end":{"line":78,"column":57}},"line":78},"11":{"name":"(anonymous_11)","decl":{"start":{"line":120,"column":35},"end":{"line":120,"column":40}},"loc":{"start":{"line":120,"column":45},"end":{"line":120,"column":57}},"line":120},"12":{"name":"(anonymous_12)","decl":{"start":{"line":128,"column":29},"end":{"line":128,"column":37}},"loc":{"start":{"line":128,"column":43},"end":{"line":128,"column":59}},"line":128},"13":{"name":"(anonymous_13)","decl":{"start":{"line":132,"column":35},"end":{"line":132,"column":40}},"loc":{"start":{"line":132,"column":45},"end":{"line":132,"column":57}},"line":132},"14":{"name":"(anonymous_14)","decl":{"start":{"line":135,"column":37},"end":{"line":135,"column":41}},"loc":{"start":{"line":135,"column":46},"end":{"line":135,"column":55}},"line":135},"15":{"name":"(anonymous_15)","decl":{"start":{"line":143,"column":29},"end":{"line":143,"column":37}},"loc":{"start":{"line":143,"column":43},"end":{"line":143,"column":57}},"line":143},"16":{"name":"(anonymous_16)","decl":{"start":{"line":147,"column":35},"end":{"line":147,"column":40}},"loc":{"start":{"line":147,"column":45},"end":{"line":147,"column":57}},"line":147},"17":{"name":"(anonymous_17)","decl":{"start":{"line":155,"column":29},"end":{"line":155,"column":37}},"loc":{"start":{"line":155,"column":43},"end":{"line":155,"column":53}},"line":155},"18":{"name":"(anonymous_18)","decl":{"start":{"line":159,"column":35},"end":{"line":159,"column":40}},"loc":{"start":{"line":159,"column":45},"end":{"line":159,"column":57}},"line":159},"19":{"name":"(anonymous_19)","decl":{"start":{"line":167,"column":29},"end":{"line":167,"column":37}},"loc":{"start":{"line":167,"column":43},"end":{"line":167,"column":55}},"line":167},"20":{"name":"(anonymous_20)","decl":{"start":{"line":171,"column":35},"end":{"line":171,"column":40}},"loc":{"start":{"line":171,"column":45},"end":{"line":171,"column":57}},"line":171},"21":{"name":"(anonymous_21)","decl":{"start":{"line":188,"column":29},"end":{"line":188,"column":37}},"loc":{"start":{"line":188,"column":43},"end":{"line":201,"column":null}},"line":188},"22":{"name":"(anonymous_22)","decl":{"start":{"line":189,"column":37},"end":{"line":189,"column":42}},"loc":{"start":{"line":189,"column":47},"end":{"line":189,"column":59}},"line":189},"23":{"name":"(anonymous_23)","decl":{"start":{"line":357,"column":34},"end":{"line":357,"column":51}},"loc":{"start":{"line":357,"column":51},"end":{"line":360,"column":17}},"line":357},"24":{"name":"(anonymous_24)","decl":{"start":{"line":365,"column":35},"end":{"line":365,"column":40}},"loc":{"start":{"line":365,"column":45},"end":{"line":365,"column":64}},"line":365},"25":{"name":"(anonymous_25)","decl":{"start":{"line":396,"column":2},"end":{"line":396,"column":14}},"loc":{"start":{"line":396,"column":14},"end":{"line":396,"column":43}},"line":396},"26":{"name":"(anonymous_26)","decl":{"start":{"line":396,"column":29},"end":{"line":396,"column":43}},"loc":{"start":{"line":396,"column":43},"end":{"line":400,"column":7}},"line":396}},"branchMap":{"0":{"loc":{"start":{"line":47,"column":4},"end":{"line":49,"column":null}},"type":"cond-expr","locations":[{"start":{"line":48,"column":8},"end":{"line":48,"column":54}},{"start":{"line":49,"column":8},"end":{"line":49,"column":null}}],"line":47},"1":{"loc":{"start":{"line":81,"column":10},"end":{"line":81,"column":62}},"type":"binary-expr","locations":[{"start":{"line":81,"column":10},"end":{"line":81,"column":37}},{"start":{"line":81,"column":37},"end":{"line":81,"column":62}}],"line":81},"2":{"loc":{"start":{"line":134,"column":24},"end":{"line":136,"column":null}},"type":"cond-expr","locations":[{"start":{"line":135,"column":10},"end":{"line":135,"column":56}},{"start":{"line":136,"column":10},"end":{"line":136,"column":null}}],"line":134},"3":{"loc":{"start":{"line":206,"column":23},"end":{"line":206,"column":46}},"type":"default-arg","locations":[{"start":{"line":206,"column":35},"end":{"line":206,"column":46}}],"line":206},"4":{"loc":{"start":{"line":283,"column":12},"end":{"line":283,"column":37}},"type":"binary-expr","locations":[{"start":{"line":283,"column":12},"end":{"line":283,"column":21}},{"start":{"line":283,"column":21},"end":{"line":283,"column":37}}],"line":283},"5":{"loc":{"start":{"line":303,"column":10},"end":{"line":303,"column":35}},"type":"binary-expr","locations":[{"start":{"line":303,"column":10},"end":{"line":303,"column":19}},{"start":{"line":303,"column":19},"end":{"line":303,"column":35}}],"line":303},"6":{"loc":{"start":{"line":314,"column":12},"end":{"line":314,"column":37}},"type":"binary-expr","locations":[{"start":{"line":314,"column":12},"end":{"line":314,"column":21}},{"start":{"line":314,"column":21},"end":{"line":314,"column":37}}],"line":314},"7":{"loc":{"start":{"line":334,"column":10},"end":{"line":334,"column":35}},"type":"binary-expr","locations":[{"start":{"line":334,"column":10},"end":{"line":334,"column":19}},{"start":{"line":334,"column":19},"end":{"line":334,"column":35}}],"line":334},"8":{"loc":{"start":{"line":347,"column":50},"end":{"line":347,"column":66}},"type":"default-arg","locations":[{"start":{"line":347,"column":60},"end":{"line":347,"column":66}}],"line":347},"9":{"loc":{"start":{"line":349,"column":8},"end":{"line":349,"column":52}},"type":"binary-expr","locations":[{"start":{"line":349,"column":8},"end":{"line":349,"column":32}},{"start":{"line":349,"column":32},"end":{"line":349,"column":52}}],"line":349}},"s":{"0":8,"1":210,"2":210,"3":210,"4":210,"5":210,"6":210,"7":210,"8":210,"9":210,"10":210,"11":210,"12":14,"13":15,"14":26,"15":210,"16":3,"17":2,"18":210,"19":121,"20":1519,"21":107,"22":107,"23":107,"24":107,"25":3,"26":2,"27":2,"28":2,"29":2,"30":2,"31":7,"32":7,"33":7,"34":7,"35":7,"36":13,"37":13,"38":9,"39":13,"40":13,"41":1,"42":6,"43":2,"44":1,"45":1,"46":2,"47":21,"48":6,"49":6,"50":5,"51":5,"52":2,"53":3,"54":6,"55":8,"56":5,"57":9,"58":5,"59":5,"60":2,"61":3,"62":5,"63":6,"64":5,"65":5,"66":2,"67":3,"68":5,"69":8,"70":5,"71":5,"72":2,"73":3,"74":3,"75":2,"76":2,"77":2,"78":2,"79":2,"80":3,"81":3,"82":5,"83":4,"84":3,"85":3,"86":3,"87":3,"88":3,"89":366,"90":9,"91":9,"92":366,"93":366,"94":366,"95":366,"96":366,"97":0,"98":0,"99":366,"100":366,"101":366,"102":366,"103":366,"104":366,"105":0,"106":0,"107":0,"108":0,"109":0,"110":0,"111":0,"112":0,"113":5,"114":5,"115":5,"116":5,"117":0,"118":0,"119":0,"120":0,"121":0,"122":4,"123":4,"124":4,"125":4,"126":0,"127":0,"128":0,"129":0,"130":0,"131":2,"132":2,"133":2,"134":0,"135":9,"136":9,"137":0,"138":0,"139":0,"140":0,"141":0,"142":0,"143":0,"144":0,"145":0,"146":0,"147":0,"148":210,"149":312,"150":210,"151":210},"f":{"0":210,"1":40,"2":15,"3":3,"4":2,"5":121,"6":1519,"7":2,"8":2,"9":7,"10":13,"11":6,"12":3,"13":8,"14":9,"15":3,"16":6,"17":3,"18":8,"19":3,"20":2,"21":5,"22":4,"23":0,"24":0,"25":312,"26":304},"b":{"0":[80,41],"1":[13,4],"2":[5,0],"3":[366],"4":[5,5],"5":[0,0],"6":[4,4],"7":[0,0],"8":[9],"9":[9,0]},"meta":{"lastBranch":10,"lastFunction":27,"lastStatement":152,"seen":{"s:5:13:438:Infinity":0,"f:5:42:5:58":0,"s:6:8:15:4":1,"s:17:8:17:37":2,"s:18:8:18:46":3,"s:19:8:19:41":4,"s:20:8:20:30":5,"s:23:8:23:49":6,"s:24:8:24:47":7,"s:25:8:25:64":8,"s:26:25:26:Infinity":9,"s:29:8:33:4":10,"s:35:8:40:Infinity":11,"f:35:26:35:41":1,"s:37:6:37:Infinity":12,"f:37:28:37:33":2,"s:37:38:37:75":13,"s:39:4:39:Infinity":14,"s:42:8:43:Infinity":15,"f:42:27:42:Infinity":3,"s:43:4:43:71":16,"f:43:19:43:26":4,"s:43:31:43:70":17,"s:46:8:49:Infinity":18,"f:46:20:46:Infinity":5,"s:47:4:49:Infinity":19,"b:48:8:48:54:49:8:49:Infinity":0,"f:48:35:48:39":6,"s:48:44:48:53":20,"s:53:4:53:Infinity":21,"s:54:4:54:Infinity":22,"s:55:4:55:Infinity":23,"s:56:4:56:Infinity":24,"s:60:18:60:60":25,"f:60:33:60:43":7,"s:60:48:60:60":26,"s:62:6:62:Infinity":27,"s:63:6:63:Infinity":28,"f:63:58:63:65":8,"s:63:72:63:83":29,"s:64:6:64:Infinity":30,"s:69:24:69:53":31,"s:71:4:71:Infinity":32,"f:71:36:71:43":9,"s:71:54:71:87":33,"s:73:4:73:Infinity":34,"s:74:4:74:Infinity":35,"s:78:20:78:57":36,"f:78:35:78:40":10,"s:78:45:78:57":37,"b:81:10:81:37:81:37:81:62":1,"s:83:10:83:Infinity":38,"s:87:6:87:Infinity":39,"s:88:6:88:Infinity":40,"s:94:6:94:Infinity":41,"s:96:6:96:Infinity":42,"s:101:18:101:54":43,"s:103:6:103:Infinity":44,"s:105:6:105:Infinity":45,"s:111:6:111:Infinity":46,"s:116:4:116:Infinity":47,"s:120:20:120:57":48,"f:120:35:120:40":11,"s:120:45:120:57":49,"s:122:6:122:Infinity":50,"s:123:6:123:Infinity":51,"s:128:4:128:Infinity":52,"f:128:29:128:37":12,"s:128:43:128:59":53,"s:132:20:132:57":54,"f:132:35:132:40":13,"s:132:45:132:57":55,"s:134:24:136:Infinity":56,"b:135:10:135:56:136:10:136:Infinity":2,"f:135:37:135:41":14,"s:135:46:135:55":57,"s:137:6:137:Infinity":58,"s:138:6:138:Infinity":59,"s:143:4:143:Infinity":60,"f:143:29:143:37":15,"s:143:43:143:57":61,"s:147:20:147:57":62,"f:147:35:147:40":16,"s:147:45:147:57":63,"s:149:6:149:Infinity":64,"s:150:6:150:Infinity":65,"s:155:4:155:Infinity":66,"f:155:29:155:37":17,"s:155:43:155:53":67,"s:159:20:159:57":68,"f:159:35:159:40":18,"s:159:45:159:57":69,"s:161:6:161:Infinity":70,"s:162:6:162:Infinity":71,"s:167:4:167:Infinity":72,"f:167:29:167:37":19,"s:167:43:167:55":73,"s:171:20:171:57":74,"f:171:35:171:40":20,"s:171:45:171:57":75,"s:173:34:179:Infinity":76,"s:180:6:180:Infinity":77,"s:181:6:181:Infinity":78,"s:182:6:182:Infinity":79,"s:187:29:187:31":80,"s:188:4:201:Infinity":81,"f:188:29:188:37":21,"s:189:22:189:59":82,"f:189:37:189:42":22,"s:189:47:189:59":83,"s:191:36:197:Infinity":84,"s:198:8:198:Infinity":85,"s:199:8:199:Infinity":86,"s:202:4:202:Infinity":87,"s:203:4:203:Infinity":88,"b:206:35:206:46":3,"s:207:22:207:39":89,"s:212:8:212:Infinity":90,"s:213:8:213:Infinity":91,"s:217:6:217:Infinity":92,"s:222:8:222:Infinity":93,"s:225:8:225:Infinity":94,"s:228:6:231:Infinity":95,"s:233:6:233:Infinity":96,"s:237:8:237:Infinity":97,"s:238:8:238:Infinity":98,"s:242:6:242:Infinity":99,"s:245:22:245:39":100,"s:246:28:246:Infinity":101,"s:247:6:247:Infinity":102,"s:248:6:250:Infinity":103,"s:251:6:251:Infinity":104,"s:254:6:254:Infinity":105,"s:256:6:256:Infinity":106,"s:262:6:262:Infinity":107,"s:263:6:266:Infinity":108,"s:267:6:267:Infinity":109,"s:270:8:270:Infinity":110,"s:271:8:271:Infinity":111,"s:274:6:274:Infinity":112,"s:281:8:281:Infinity":113,"s:282:22:282:Infinity":114,"b:283:12:283:21:283:21:283:37":4,"s:286:12:286:Infinity":115,"s:289:12:289:Infinity":116,"s:294:6:294:Infinity":117,"s:295:6:295:Infinity":118,"s:301:6:301:Infinity":119,"s:302:20:302:Infinity":120,"b:303:10:303:19:303:19:303:35":5,"s:304:8:304:Infinity":121,"s:312:8:312:Infinity":122,"s:313:22:313:Infinity":123,"b:314:12:314:21:314:21:314:37":6,"s:317:12:317:Infinity":124,"s:320:12:320:Infinity":125,"s:325:6:325:Infinity":126,"s:326:6:326:Infinity":127,"s:332:6:332:Infinity":128,"s:333:20:333:Infinity":129,"b:334:10:334:19:334:19:334:35":7,"s:335:8:335:Infinity":130,"s:341:4:341:Infinity":131,"s:342:4:342:Infinity":132,"s:343:4:343:Infinity":133,"b:347:60:347:66":8,"b:349:8:349:32:349:32:349:52":9,"s:350:6:350:Infinity":134,"s:353:4:353:Infinity":135,"s:357:6:360:Infinity":136,"f:357:34:357:51":23,"s:358:8:358:Infinity":137,"s:359:8:359:Infinity":138,"s:365:20:365:64":139,"f:365:35:365:40":24,"s:365:45:365:64":140,"s:368:8:368:Infinity":141,"s:371:8:371:Infinity":142,"s:378:6:378:Infinity":143,"s:379:6:379:Infinity":144,"s:381:4:381:Infinity":145,"s:382:4:382:Infinity":146,"s:386:4:391:Infinity":147,"s:396:2:400:Infinity":148,"f:396:2:396:14":25,"s:396:14:396:43":149,"f:396:29:396:43":26,"s:398:6:398:Infinity":150,"s:402:2:437:Infinity":151}}}
}
